#
# There is insufficient memory for the Java Runtime Environment to continue.
# Native memory allocation (malloc) failed to allocate 798736 bytes for Chunk::new
# Possible reasons:
#   The system is out of physical RAM or swap space
#   In 32 bit mode, the process size limit was hit
# Possible solutions:
#   Reduce memory load on the system
#   Increase physical memory or swap space
#   Check if swap backing store is full
#   Use 64 bit Java on a 64 bit OS
#   Decrease Java heap size (-Xmx/-Xms)
#   Decrease number of Java threads
#   Decrease Java thread stack sizes (-Xss)
#   Set larger code cache with -XX:ReservedCodeCacheSize=
# This output file may be truncated or incomplete.
#
#  Out of Memory Error (allocation.cpp:390), pid=320268, tid=323900
#
# JRE version: Java(TM) SE Runtime Environment (8.0_65-b17) (build 1.8.0_65-b17)
# Java VM: Java HotSpot(TM) 64-Bit Server VM (25.65-b01 mixed mode windows-amd64 compressed oops)
# Failed to write core dump. Minidumps are not enabled by default on client versions of Windows
#

---------------  T H R E A D  ---------------

Current thread (0x000000005636a800):  JavaThread "C2 CompilerThread1" daemon [_thread_in_native, id=323900, stack(0x0000000056af0000,0x0000000056bf0000)]

Stack: [0x0000000056af0000,0x0000000056bf0000]
[error occurred during error reporting (printing stack bounds), id 0xc0000005]

Native frames: (J=compiled Java code, j=interpreted, Vv=VM code, C=native code)


Current CompileTask:
C2:  26296 7797       4       sun.nio.fs.AbstractPath::toFile (12 bytes)


---------------  P R O C E S S  ---------------

Java Threads: ( => current thread )
  0x000000005bda1800 JavaThread "Forward streams with process: command 'C:\Program Files\Java\jdk1.8.0_65\bin\java.exe' Thread 3" [_thread_in_native, id=322136, stack(0x0000000063720000,0x0000000063820000)]
  0x000000005e821800 JavaThread "Forward streams with process: command 'C:\Program Files\Java\jdk1.8.0_65\bin\java.exe' Thread 2" [_thread_in_native, id=323408, stack(0x0000000062e50000,0x0000000062f50000)]
  0x000000005e821000 JavaThread "Forward streams with process: command 'C:\Program Files\Java\jdk1.8.0_65\bin\java.exe'" [_thread_blocked, id=317192, stack(0x0000000062450000,0x0000000062550000)]
  0x000000005e820000 JavaThread "Forward streams with process: command 'C:\Program Files\Java\jdk1.8.0_65\bin\java.exe' Thread 3" [_thread_blocked, id=324468, stack(0x00000000635d0000,0x00000000636d0000)]
  0x000000005e81f800 JavaThread "Forward streams with process: command 'C:\Program Files\Java\jdk1.8.0_65\bin\java.exe' Thread 2" [_thread_blocked, id=314200, stack(0x0000000063390000,0x0000000063490000)]
  0x000000005e81e800 JavaThread "Forward streams with process: command 'C:\Program Files\Java\jdk1.8.0_65\bin\java.exe'" [_thread_blocked, id=319896, stack(0x00000000631d0000,0x00000000632d0000)]
  0x000000005e81d000 JavaThread "Forward streams with process: command 'C:\Program Files\Java\jdk1.8.0_65\bin\java.exe' Thread 3" [_thread_in_native, id=322872, stack(0x0000000062f60000,0x0000000063060000)]
  0x000000005e81c800 JavaThread "Forward streams with process: command 'C:\Program Files\Java\jdk1.8.0_65\bin\java.exe' Thread 2" [_thread_in_native, id=321300, stack(0x00000000626f0000,0x00000000627f0000)]
  0x000000005e81b800 JavaThread "Forward streams with process: command 'C:\Program Files\Java\jdk1.8.0_65\bin\java.exe'" [_thread_blocked, id=312288, stack(0x0000000062cf0000,0x0000000062df0000)]
  0x000000005e81b000 JavaThread "Run command 'C:\Program Files\Java\jdk1.8.0_65\bin\java.exe'" [_thread_in_native, id=319928, stack(0x0000000062bb0000,0x0000000062cb0000)]
  0x000000005bda4800 JavaThread "Run command 'C:\Program Files\Java\jdk1.8.0_65\bin\java.exe'" [_thread_in_native, id=318280, stack(0x00000000629a0000,0x0000000062aa0000)]
  0x000000005bda3800 JavaThread "Forward streams with process: command 'C:\Program Files\Java\jdk1.8.0_65\bin\java.exe' Thread 3" [_thread_in_native, id=322604, stack(0x00000000627f0000,0x00000000628f0000)]
  0x000000005bda3000 JavaThread "Forward streams with process: command 'C:\Program Files\Java\jdk1.8.0_65\bin\java.exe' Thread 2" [_thread_in_native, id=322328, stack(0x00000000625a0000,0x00000000626a0000)]
  0x000000005bda2000 JavaThread "Forward streams with process: command 'C:\Program Files\Java\jdk1.8.0_65\bin\java.exe'" [_thread_blocked, id=314864, stack(0x0000000061ef0000,0x0000000061ff0000)]
  0x000000005bda0800 JavaThread "Run command 'C:\Program Files\Java\jdk1.8.0_65\bin\java.exe'" [_thread_in_native, id=320544, stack(0x0000000062190000,0x0000000062290000)]
  0x000000005bda0000 JavaThread "Run command 'C:\Program Files\Java\jdk1.8.0_65\bin\java.exe'" [_thread_in_native, id=317784, stack(0x0000000062350000,0x0000000062450000)]
  0x000000005bd9f000 JavaThread "pool-2-thread-4" [_thread_blocked, id=323896, stack(0x0000000061ff0000,0x00000000620f0000)]
  0x000000005bd9e800 JavaThread "pool-2-thread-2" [_thread_blocked, id=320140, stack(0x0000000061da0000,0x0000000061ea0000)]
  0x000000005bd9d800 JavaThread "pool-2-thread-3" [_thread_blocked, id=324184, stack(0x0000000061c30000,0x0000000061d30000)]
  0x000000005bd9d000 JavaThread "pool-2-thread-1" [_thread_blocked, id=321236, stack(0x000000005f3d0000,0x000000005f4d0000)]
  0x000000005bd9c000 JavaThread "pool-1-thread-4" [_thread_blocked, id=323340, stack(0x0000000061a40000,0x0000000061b40000)]
  0x000000005bd9b800 JavaThread "pool-1-thread-3" [_thread_blocked, id=322228, stack(0x0000000061840000,0x0000000061940000)]
  0x000000005bd99000 JavaThread "pool-1-thread-2" [_thread_blocked, id=323756, stack(0x0000000061740000,0x0000000061840000)]
  0x000000005bd9a000 JavaThread "pool-1-thread-1" [_thread_blocked, id=314276, stack(0x0000000058a30000,0x0000000058b30000)]
  0x000000005bd96000 JavaThread "File lock request listener" [_thread_in_native, id=317400, stack(0x000000005acc0000,0x000000005adc0000)]
  0x0000000058244000 JavaThread "Stdin handler" [_thread_blocked, id=320988, stack(0x00000000595a0000,0x00000000596a0000)]
  0x000000005819a000 JavaThread "Daemon worker" [_thread_blocked, id=324140, stack(0x0000000059470000,0x0000000059570000)]
  0x00000000581a2800 JavaThread "Cancel handler" [_thread_blocked, id=323448, stack(0x00000000592d0000,0x00000000593d0000)]
  0x000000005816b000 JavaThread "Handler for socket connection from /127.0.0.1:20222 to /127.0.0.1:20223" [_thread_in_native, id=317596, stack(0x00000000591a0000,0x00000000592a0000)]
  0x000000005816a800 JavaThread "Daemon" [_thread_blocked, id=307056, stack(0x0000000058f90000,0x0000000059090000)]
  0x000000005807f000 JavaThread "Incoming local TCP Connector on port 20222" [_thread_in_native, id=323544, stack(0x0000000058c70000,0x0000000058d70000)]
  0x00000000563de000 JavaThread "Service Thread" daemon [_thread_blocked, id=323532, stack(0x0000000056f30000,0x0000000057030000)]
  0x000000005636c000 JavaThread "C1 CompilerThread2" daemon [_thread_blocked, id=318104, stack(0x0000000056cc0000,0x0000000056dc0000)]
=>0x000000005636a800 JavaThread "C2 CompilerThread1" daemon [_thread_in_native, id=323900, stack(0x0000000056af0000,0x0000000056bf0000)]
  0x0000000056363800 JavaThread "C2 CompilerThread0" daemon [_thread_in_native, id=323792, stack(0x0000000056920000,0x0000000056a20000)]
  0x0000000054dc4800 JavaThread "Attach Listener" daemon [_thread_blocked, id=297032, stack(0x00000000567f0000,0x00000000568f0000)]
  0x0000000054dc3000 JavaThread "Signal Dispatcher" daemon [_thread_blocked, id=314536, stack(0x0000000055e50000,0x0000000055f50000)]
  0x0000000054d68800 JavaThread "Finalizer" daemon [_thread_blocked, id=322972, stack(0x0000000056260000,0x0000000056360000)]
  0x0000000054d61800 JavaThread "Reference Handler" daemon [_thread_blocked, id=318284, stack(0x00000000560b0000,0x00000000561b0000)]
  0x0000000001f98000 JavaThread "main" [_thread_blocked, id=323832, stack(0x0000000002270000,0x0000000002370000)]

Other Threads:
  0x0000000054d5c000 VMThread [stack: 0x0000000055f50000,0x0000000056050000] [id=323528]
  0x00000000563e7000 WatcherThread [stack: 0x00000000570c0000,0x00000000571c0000] [id=321528]

VM state:not at safepoint (normal execution)

VM Mutex/Monitor currently owned by a thread: None

Heap:
 PSYoungGen      total 152064K, used 42891K [0x00000000eab00000, 0x00000000f7500000, 0x0000000100000000)
  eden space 137728K, 24% used [0x00000000eab00000,0x00000000ecb77a40,0x00000000f3180000)
  from space 14336K, 67% used [0x00000000f3180000,0x00000000f3aeb318,0x00000000f3f80000)
  to   space 14336K, 0% used [0x00000000f6700000,0x00000000f6700000,0x00000000f7500000)
 ParOldGen       total 70144K, used 37263K [0x00000000c0000000, 0x00000000c4480000, 0x00000000eab00000)
  object space 70144K, 53% used [0x00000000c0000000,0x00000000c2463fc0,0x00000000c4480000)
 Metaspace       used 53357K, capacity 54532K, committed 54784K, reserved 1095680K
  class space    used 7298K, capacity 7582K, committed 7680K, reserved 1048576K

Card table byte_map: [0x0000000011a00000,0x0000000011c10000] byte_map_base: 0x0000000011400000

Marking Bits: (ParMarkBitMap*) 0x000000005c80a5b0
 Begin Bits: [0x00000000121d0000, 0x00000000131d0000)
 End Bits:   [0x00000000131d0000, 0x00000000141d0000)

Polling page: 0x0000000000340000

CodeCache: size=245760Kb used=21935Kb max_used=21988Kb free=223824Kb
 bounds [0x0000000002640000, 0x0000000003c00000, 0x0000000011640000]
 total_blobs=7545 nmethods=6818 adapters=638
 compilation: enabled

Compilation events (10 events):
Event: 26.107 Thread 0x000000005636c000 7825       3       java.lang.ProcessEnvironment$EntryComparator::compare (13 bytes)
Event: 26.108 Thread 0x000000005636c000 nmethod 7825 0x000000000359a890 code [0x000000000359aa60, 0x000000000359b2e8]
Event: 26.108 Thread 0x000000005636c000 7826       3       java.lang.ProcessEnvironment$EntryComparator::compare (25 bytes)
Event: 26.109 Thread 0x000000005636c000 nmethod 7826 0x0000000002776d90 code [0x0000000002776f40, 0x00000000027774e8]
Event: 26.140 Thread 0x000000005636c000 7827       3       java.util.concurrent.SynchronousQueue$TransferStack::shouldSpin (30 bytes)
Event: 26.141 Thread 0x000000005636c000 nmethod 7827 0x0000000002784690 code [0x0000000002784800, 0x0000000002784af0]
Event: 26.224 Thread 0x0000000056363800 nmethod 7822 0x0000000003bd7ed0 code [0x0000000003bd8180, 0x0000000003bda618]
Event: 26.224 Thread 0x0000000056363800 7824       4       java.util.Arrays$ArrayList::indexOf (62 bytes)
Event: 26.229 Thread 0x0000000056363800 nmethod 7824 0x00000000028dc7d0 code [0x00000000028dc920, 0x00000000028dcb58]
Event: 26.230 Thread 0x0000000056363800 7823       4       org.gradle.internal.reflect.MethodSet::add (44 bytes)

GC Heap History (10 events):
Event: 14.365 GC heap before
{Heap before GC invocations=11 (full 1):
 PSYoungGen      total 87040K, used 64588K [0x00000000eab00000, 0x00000000f2700000, 0x0000000100000000)
  eden space 77824K, 71% used [0x00000000eab00000,0x00000000ee1b2268,0x00000000ef700000)
  from space 9216K, 93% used [0x00000000ef700000,0x00000000eff610c8,0x00000000f0000000)
  to   space 10240K, 0% used [0x00000000f1d00000,0x00000000f1d00000,0x00000000f2700000)
 ParOldGen       total 49152K, used 11785K [0x00000000c0000000, 0x00000000c3000000, 0x00000000eab00000)
  object space 49152K, 23% used [0x00000000c0000000,0x00000000c0b82788,0x00000000c3000000)
 Metaspace       used 34698K, capacity 35302K, committed 35456K, reserved 1079296K
  class space    used 4717K, capacity 4891K, committed 4992K, reserved 1048576K
Event: 14.391 GC heap after
Heap after GC invocations=11 (full 1):
 PSYoungGen      total 114688K, used 10228K [0x00000000eab00000, 0x00000000f2900000, 0x0000000100000000)
  eden space 104448K, 0% used [0x00000000eab00000,0x00000000eab00000,0x00000000f1100000)
  from space 10240K, 99% used [0x00000000f1d00000,0x00000000f26fd0a0,0x00000000f2700000)
  to   space 12288K, 0% used [0x00000000f1100000,0x00000000f1100000,0x00000000f1d00000)
 ParOldGen       total 49152K, used 14661K [0x00000000c0000000, 0x00000000c3000000, 0x00000000eab00000)
  object space 49152K, 29% used [0x00000000c0000000,0x00000000c0e51770,0x00000000c3000000)
 Metaspace       used 34698K, capacity 35302K, committed 35456K, reserved 1079296K
  class space    used 4717K, capacity 4891K, committed 4992K, reserved 1048576K
}
Event: 14.391 GC heap before
{Heap before GC invocations=12 (full 2):
 PSYoungGen      total 114688K, used 10228K [0x00000000eab00000, 0x00000000f2900000, 0x0000000100000000)
  eden space 104448K, 0% used [0x00000000eab00000,0x00000000eab00000,0x00000000f1100000)
  from space 10240K, 99% used [0x00000000f1d00000,0x00000000f26fd0a0,0x00000000f2700000)
  to   space 12288K, 0% used [0x00000000f1100000,0x00000000f1100000,0x00000000f1d00000)
 ParOldGen       total 49152K, used 14661K [0x00000000c0000000, 0x00000000c3000000, 0x00000000eab00000)
  object space 49152K, 29% used [0x00000000c0000000,0x00000000c0e51770,0x00000000c3000000)
 Metaspace       used 34698K, capacity 35302K, committed 35456K, reserved 1079296K
  class space    used 4717K, capacity 4891K, committed 4992K, reserved 1048576K
Event: 14.548 GC heap after
Heap after GC invocations=12 (full 2):
 PSYoungGen      total 114688K, used 0K [0x00000000eab00000, 0x00000000f2900000, 0x0000000100000000)
  eden space 104448K, 0% used [0x00000000eab00000,0x00000000eab00000,0x00000000f1100000)
  from space 10240K, 0% used [0x00000000f1d00000,0x00000000f1d00000,0x00000000f2700000)
  to   space 12288K, 0% used [0x00000000f1100000,0x00000000f1100000,0x00000000f1d00000)
 ParOldGen       total 70144K, used 20636K [0x00000000c0000000, 0x00000000c4480000, 0x00000000eab00000)
  object space 70144K, 29% used [0x00000000c0000000,0x00000000c14271d8,0x00000000c4480000)
 Metaspace       used 34698K, capacity 35302K, committed 35456K, reserved 1079296K
  class space    used 4717K, capacity 4891K, committed 4992K, reserved 1048576K
}
Event: 16.891 GC heap before
{Heap before GC invocations=13 (full 2):
 PSYoungGen      total 114688K, used 104448K [0x00000000eab00000, 0x00000000f2900000, 0x0000000100000000)
  eden space 104448K, 100% used [0x00000000eab00000,0x00000000f1100000,0x00000000f1100000)
  from space 10240K, 0% used [0x00000000f1d00000,0x00000000f1d00000,0x00000000f2700000)
  to   space 12288K, 0% used [0x00000000f1100000,0x00000000f1100000,0x00000000f1d00000)
 ParOldGen       total 70144K, used 20636K [0x00000000c0000000, 0x00000000c4480000, 0x00000000eab00000)
  object space 70144K, 29% used [0x00000000c0000000,0x00000000c14271d8,0x00000000c4480000)
 Metaspace       used 41772K, capacity 42612K, committed 42880K, reserved 1085440K
  class space    used 5778K, capacity 5957K, committed 6016K, reserved 1048576K
Event: 16.943 GC heap after
Heap after GC invocations=13 (full 2):
 PSYoungGen      total 116736K, used 12275K [0x00000000eab00000, 0x00000000f4f80000, 0x0000000100000000)
  eden space 104448K, 0% used [0x00000000eab00000,0x00000000eab00000,0x00000000f1100000)
  from space 12288K, 99% used [0x00000000f1100000,0x00000000f1cfce80,0x00000000f1d00000)
  to   space 13824K, 0% used [0x00000000f4200000,0x00000000f4200000,0x00000000f4f80000)
 ParOldGen       total 70144K, used 20644K [0x00000000c0000000, 0x00000000c4480000, 0x00000000eab00000)
  object space 70144K, 29% used [0x00000000c0000000,0x00000000c14291d8,0x00000000c4480000)
 Metaspace       used 41772K, capacity 42612K, committed 42880K, reserved 1085440K
  class space    used 5778K, capacity 5957K, committed 6016K, reserved 1048576K
}
Event: 19.714 GC heap before
{Heap before GC invocations=14 (full 2):
 PSYoungGen      total 116736K, used 116723K [0x00000000eab00000, 0x00000000f4f80000, 0x0000000100000000)
  eden space 104448K, 100% used [0x00000000eab00000,0x00000000f1100000,0x00000000f1100000)
  from space 12288K, 99% used [0x00000000f1100000,0x00000000f1cfce80,0x00000000f1d00000)
  to   space 13824K, 0% used [0x00000000f4200000,0x00000000f4200000,0x00000000f4f80000)
 ParOldGen       total 70144K, used 20644K [0x00000000c0000000, 0x00000000c4480000, 0x00000000eab00000)
  object space 70144K, 29% used [0x00000000c0000000,0x00000000c14291d8,0x00000000c4480000)
 Metaspace       used 45243K, capacity 46280K, committed 46464K, reserved 1089536K
  class space    used 6250K, capacity 6506K, committed 6528K, reserved 1048576K
Event: 19.740 GC heap after
Heap after GC invocations=14 (full 2):
 PSYoungGen      total 149504K, used 9464K [0x00000000eab00000, 0x00000000f4d80000, 0x0000000100000000)
  eden space 137728K, 0% used [0x00000000eab00000,0x00000000eab00000,0x00000000f3180000)
  from space 11776K, 80% used [0x00000000f4200000,0x00000000f4b3e090,0x00000000f4d80000)
  to   space 14336K, 0% used [0x00000000f3180000,0x00000000f3180000,0x00000000f3f80000)
 ParOldGen       total 70144K, used 30199K [0x00000000c0000000, 0x00000000c4480000, 0x00000000eab00000)
  object space 70144K, 43% used [0x00000000c0000000,0x00000000c1d7df30,0x00000000c4480000)
 Metaspace       used 45243K, capacity 46280K, committed 46464K, reserved 1089536K
  class space    used 6250K, capacity 6506K, committed 6528K, reserved 1048576K
}
Event: 25.324 GC heap before
{Heap before GC invocations=15 (full 2):
 PSYoungGen      total 149504K, used 147192K [0x00000000eab00000, 0x00000000f4d80000, 0x0000000100000000)
  eden space 137728K, 100% used [0x00000000eab00000,0x00000000f3180000,0x00000000f3180000)
  from space 11776K, 80% used [0x00000000f4200000,0x00000000f4b3e090,0x00000000f4d80000)
  to   space 14336K, 0% used [0x00000000f3180000,0x00000000f3180000,0x00000000f3f80000)
 ParOldGen       total 70144K, used 30199K [0x00000000c0000000, 0x00000000c4480000, 0x00000000eab00000)
  object space 70144K, 43% used [0x00000000c0000000,0x00000000c1d7df30,0x00000000c4480000)
 Metaspace       used 53218K, capacity 54334K, committed 54528K, reserved 1095680K
  class space    used 7277K, capacity 7581K, committed 7680K, reserved 1048576K
Event: 25.428 GC heap after
Heap after GC invocations=15 (full 2):
 PSYoungGen      total 152064K, used 9644K [0x00000000eab00000, 0x00000000f7500000, 0x0000000100000000)
  eden space 137728K, 0% used [0x00000000eab00000,0x00000000eab00000,0x00000000f3180000)
  from space 14336K, 67% used [0x00000000f3180000,0x00000000f3aeb318,0x00000000f3f80000)
  to   space 14336K, 0% used [0x00000000f6700000,0x00000000f6700000,0x00000000f7500000)
 ParOldGen       total 70144K, used 37263K [0x00000000c0000000, 0x00000000c4480000, 0x00000000eab00000)
  object space 70144K, 53% used [0x00000000c0000000,0x00000000c2463fc0,0x00000000c4480000)
 Metaspace       used 53218K, capacity 54334K, committed 54528K, reserved 1095680K
  class space    used 7277K, capacity 7581K, committed 7680K, reserved 1048576K
}

Deoptimization events (10 events):
Event: 23.940 Thread 0x000000005819a000 Uncommon trap: reason=unstable_if action=reinterpret pc=0x00000000028befac method=java.io.BufferedOutputStream.write([BII)V @ 35
Event: 23.942 Thread 0x000000005819a000 Uncommon trap: reason=unstable_if action=reinterpret pc=0x00000000028bd4e8 method=java.io.BufferedOutputStream.write([BII)V @ 35
Event: 24.073 Thread 0x000000005819a000 Uncommon trap: reason=unstable_if action=reinterpret pc=0x00000000030ee2ec method=com.sun.org.apache.xerces.internal.impl.dtd.XMLDTDValidator.handleStartElement(Lcom/sun/org/apache/xerces/internal/xni/QName;Lcom/sun/org/apache/xerces/internal/xni/XMLAttrib|Œ‰•‘8@
Event: 24.074 Thread 0x000000005819a000 Uncommon trap: reason=class_check action=maybe_recompile pc=0x000000000310c2dc method=com.sun.org.apache.xerces.internal.impl.XMLDocumentFragmentScannerImpl.scanStartElement()Z @ 372
Event: 24.074 Thread 0x000000005819a000 Uncommon trap: reason=class_check action=maybe_recompile pc=0x000000000310c2dc method=com.sun.org.apache.xerces.internal.impl.XMLDocumentFragmentScannerImpl.scanStartElement()Z @ 372
Event: 24.074 Thread 0x000000005819a000 Uncommon trap: reason=class_check action=maybe_recompile pc=0x000000000310c2dc method=com.sun.org.apache.xerces.internal.impl.XMLDocumentFragmentScannerImpl.scanStartElement()Z @ 372
Event: 24.074 Thread 0x000000005819a000 Uncommon trap: reason=class_check action=maybe_recompile pc=0x000000000310c2dc method=com.sun.org.apache.xerces.internal.impl.XMLDocumentFragmentScannerImpl.scanStartElement()Z @ 372
Event: 24.074 Thread 0x000000005819a000 Uncommon trap: reason=class_check action=maybe_recompile pc=0x0000000003923470 method=com.sun.org.apache.xerces.internal.dom.ElementImpl.getAttributes()Lorg/w3c/dom/NamedNodeMap; @ 8
Event: 24.076 Thread 0x000000005819a000 Uncommon trap: reason=class_check action=maybe_recompile pc=0x0000000003923470 method=com.sun.org.apache.xerces.internal.dom.ElementImpl.getAttributes()Lorg/w3c/dom/NamedNodeMap; @ 8
Event: 24.711 Thread 0x000000005819a000 Uncommon trap: reason=unstable_if action=reinterpret pc=0x0000000002a6d480 method=java.util.regex.Matcher.appendReplacement(Ljava/lang/StringBuffer;Ljava/lang/String;)Ljava/util/regex/Matcher; @ 96

Internal exceptions (10 events):
Event: 18.795 Thread 0x000000005819a000 Exception <a 'java/lang/ClassNotFoundException': com/android/sdklib/BuildToolInfoBeanInfo> (0x00000000ee66b820) thrown at [C:\workspace\8-2-build-windows-amd64-cygwin\jdk8u65\4987\hotspot\src\share\vm\classfile\systemDictionary.cpp, line 210]
Event: 18.796 Thread 0x000000005819a000 Exception <a 'java/lang/ClassNotFoundException': com/android/sdklib/BuildToolInfoCustomizer> (0x00000000ee679150) thrown at [C:\workspace\8-2-build-windows-amd64-cygwin\jdk8u65\4987\hotspot\src\share\vm\classfile\systemDictionary.cpp, line 210]
Event: 18.828 Thread 0x000000005819a000 Exception <a 'java/lang/ClassNotFoundException': java/lang/IntegerBeanInfo> (0x00000000ee736618) thrown at [C:\workspace\8-2-build-windows-amd64-cygwin\jdk8u65\4987\hotspot\src\share\vm\classfile\systemDictionary.cpp, line 210]
Event: 18.828 Thread 0x000000005819a000 Exception <a 'java/lang/ClassNotFoundException': java/lang/NumberBeanInfo> (0x00000000ee73bb50) thrown at [C:\workspace\8-2-build-windows-amd64-cygwin\jdk8u65\4987\hotspot\src\share\vm\classfile\systemDictionary.cpp, line 210]
Event: 18.828 Thread 0x000000005819a000 Exception <a 'java/lang/ClassNotFoundException': java/lang/NumberCustomizer> (0x00000000ee7410a8) thrown at [C:\workspace\8-2-build-windows-amd64-cygwin\jdk8u65\4987\hotspot\src\share\vm\classfile\systemDictionary.cpp, line 210]
Event: 18.828 Thread 0x000000005819a000 Exception <a 'java/lang/ClassNotFoundException': java/lang/IntegerCustomizer> (0x00000000ee749e98) thrown at [C:\workspace\8-2-build-windows-amd64-cygwin\jdk8u65\4987\hotspot\src\share\vm\classfile\systemDictionary.cpp, line 210]
Event: 18.837 Thread 0x000000005819a000 Exception <a 'java/lang/ClassNotFoundException': com/google/common/collect/ListsBeanInfo> (0x00000000ee7af4e0) thrown at [C:\workspace\8-2-build-windows-amd64-cygwin\jdk8u65\4987\hotspot\src\share\vm\classfile\systemDictionary.cpp, line 210]
Event: 18.837 Thread 0x000000005819a000 Exception <a 'java/lang/ClassNotFoundException': com/google/common/collect/ListsCustomizer> (0x00000000ee7bce00) thrown at [C:\workspace\8-2-build-windows-amd64-cygwin\jdk8u65\4987\hotspot\src\share\vm\classfile\systemDictionary.cpp, line 210]
Event: 20.706 Thread 0x000000005819a000 Exception <a 'java/lang/NoSuchMethodError': <clinit>> (0x00000000ed677650) thrown at [C:\workspace\8-2-build-windows-amd64-cygwin\jdk8u65\4987\hotspot\src\share\vm\prims\jni.cpp, line 1591]
Event: 24.073 Thread 0x000000005819a000 Implicit null exception at 0x00000000030edb27 to 0x00000000030ee2b9

Events (10 events):
Event: 26.136 Executing VM operation: RevokeBias
Event: 26.139 Executing VM operation: RevokeBias done
Event: 26.140 Thread 0x000000005e81e000 Thread exited: 0x000000005e81e000
Event: 26.140 Executing VM operation: RevokeBias
Event: 26.140 Executing VM operation: RevokeBias done
Event: 26.224 Thread 0x0000000056363800 flushing nmethod 0x0000000002a61950
Event: 26.224 Thread 0x0000000056363800 flushing nmethod 0x0000000002a71910
Event: 26.224 Thread 0x0000000056363800 flushing nmethod 0x0000000002ab2a50
Event: 26.224 Thread 0x0000000056363800 flushing nmethod 0x0000000002ace290
Event: 26.230 Thread 0x0000000056363800 flushing nmethod 0x0000000002ce9310


Dynamic libraries:
0x000000013f560000 - 0x000000013f597000 	C:\Program Files\Java\jdk1.8.0_65\bin\java.exe
0x0000000077a10000 - 0x0000000077bb9000 	C:\Windows\SYSTEM32\ntdll.dll
0x00000000777f0000 - 0x000000007790f000 	C:\Windows\system32\kernel32.dll
0x000007fefd800000 - 0x000007fefd86c000 	C:\Windows\system32\KERNELBASE.dll
0x000007feff940000 - 0x000007feffa1b000 	C:\Windows\system32\ADVAPI32.dll
0x000007feffc80000 - 0x000007feffd1f000 	C:\Windows\system32\msvcrt.dll
0x000007feffc60000 - 0x000007feffc7f000 	C:\Windows\SYSTEM32\sechost.dll
0x000007fefe210000 - 0x000007fefe33d000 	C:\Windows\system32\RPCRT4.dll
0x0000000077910000 - 0x0000000077a0a000 	C:\Windows\system32\USER32.dll
0x000007fefe760000 - 0x000007fefe7c7000 	C:\Windows\system32\GDI32.dll
0x000007feff5e0000 - 0x000007feff5ee000 	C:\Windows\system32\LPK.dll
0x000007feff870000 - 0x000007feff939000 	C:\Windows\system32\USP10.dll
0x000007fefcf90000 - 0x000007fefd184000 	C:\Windows\WinSxS\amd64_microsoft.windows.common-controls_6595b64144ccf1df_6.0.7601.18837_none_fa3b1e3d17594757\COMCTL32.dll
0x000007fefe7d0000 - 0x000007fefe841000 	C:\Windows\system32\SHLWAPI.dll
0x000007fefdde0000 - 0x000007fefde0e000 	C:\Windows\system32\IMM32.DLL
0x000007fefde10000 - 0x000007fefdf19000 	C:\Windows\system32\MSCTF.dll
0x000007fefd6f0000 - 0x000007fefd721000 	C:\Windows\system32\nvinitx.dll
0x000007fefd6e0000 - 0x000007fefd6ec000 	C:\Windows\system32\VERSION.dll
0x000007fefa4c0000 - 0x000007fefa53e000 	C:\Windows\system32\NV\igdumd64.dll
0x000007fefdb80000 - 0x000007fefdd57000 	C:\Windows\system32\SETUPAPI.dll
0x000007fefd8d0000 - 0x000007fefd906000 	C:\Windows\system32\CFGMGR32.dll
0x000007fefdf20000 - 0x000007fefdff7000 	C:\Windows\system32\OLEAUT32.dll
0x000007fefe000000 - 0x000007fefe203000 	C:\Windows\system32\ole32.dll
0x000007fefd930000 - 0x000007fefd94a000 	C:\Windows\system32\DEVOBJ.dll
0x000007fefa3a0000 - 0x000007fefa41e000 	C:\Windows\system32\NV\igd10umd64.dll
0x0000000078af0000 - 0x0000000078bc2000 	C:\Program Files\Java\jdk1.8.0_65\jre\bin\msvcr100.dll
0x000000005c000000 - 0x000000005c889000 	C:\Program Files\Java\jdk1.8.0_65\jre\bin\server\jvm.dll
0x000007fef7290000 - 0x000007fef7299000 	C:\Windows\system32\WSOCK32.dll
0x000007fefe440000 - 0x000007fefe48d000 	C:\Windows\system32\WS2_32.dll
0x000007feffbb0000 - 0x000007feffbb8000 	C:\Windows\system32\NSI.dll
0x000007fefa360000 - 0x000007fefa39b000 	C:\Windows\system32\WINMM.dll
0x0000000077be0000 - 0x0000000077be7000 	C:\Windows\system32\PSAPI.DLL
0x00000000730b0000 - 0x00000000730bf000 	C:\Program Files\Java\jdk1.8.0_65\jre\bin\verify.dll
0x0000000073080000 - 0x00000000730a9000 	C:\Program Files\Java\jdk1.8.0_65\jre\bin\java.dll
0x0000000073060000 - 0x0000000073076000 	C:\Program Files\Java\jdk1.8.0_65\jre\bin\zip.dll
0x000007fefe850000 - 0x000007feff5d9000 	C:\Windows\system32\SHELL32.dll
0x000007fefd7c0000 - 0x000007fefd7cf000 	C:\Windows\system32\profapi.dll
0x000000006d890000 - 0x000000006d8aa000 	C:\Program Files\Java\jdk1.8.0_65\jre\bin\net.dll
0x000007fefcc10000 - 0x000007fefcc65000 	C:\Windows\system32\mswsock.dll
0x000007fefcc00000 - 0x000007fefcc07000 	C:\Windows\System32\wship6.dll
0x000000006d870000 - 0x000000006d881000 	C:\Program Files\Java\jdk1.8.0_65\jre\bin\nio.dll
0x000007fee8790000 - 0x000007fee87a2000 	C:\Users\ANTE\.gradle\native\19\windows-amd64\native-platform.dll
0x000007fef9b90000 - 0x000007fef9bb7000 	C:\Windows\system32\IPHLPAPI.DLL
0x000007fef9b80000 - 0x000007fef9b8b000 	C:\Windows\system32\WINNSI.DLL
0x000007fefc580000 - 0x000007fefc598000 	C:\Windows\system32\dhcpcsvc.DLL
0x000007fefc560000 - 0x000007fefc571000 	C:\Windows\system32\dhcpcsvc6.DLL
0x000007fefcc70000 - 0x000007fefcc88000 	C:\Windows\system32\CRYPTSP.dll
0x000007fefc970000 - 0x000007fefc9b7000 	C:\Windows\system32\rsaenh.dll
0x000007fefd870000 - 0x000007fefd88e000 	C:\Windows\system32\USERENV.dll
0x000007fefd5d0000 - 0x000007fefd5df000 	C:\Windows\system32\CRYPTBASE.dll
0x000007fefd570000 - 0x000007fefd5c7000 	C:\Windows\system32\apphelp.dll
0x0000000073110000 - 0x000000007311d000 	C:\Program Files\Java\jdk1.8.0_65\jre\bin\management.dll

VM Arguments:
jvm_args: -XX:MaxPermSize=256m -XX:+HeapDumpOnOutOfMemoryError -Xmx1024m -Dfile.encoding=windows-1250 -Duser.country=US -Duser.language=en -Duser.variant 
java_command: org.gradle.launcher.daemon.bootstrap.GradleDaemon 2.10
java_class_path (initial): C:\Users\ANTE\.gradle\wrapper\dists\gradle-2.10-all\a4w5fzrkeut1ox71xslb49gst\gradle-2.10\lib\gradle-launcher-2.10.jar
Launcher Type: SUN_STANDARD

Environment Variables:
PATH=C:\oraclexe\app\oracle\product\11.2.0\server\bin;;C:\ProgramData\Oracle\Java\javapath;C:\Perl64\site\bin;C:\Perl64\bin;C:\Python\Python27\;C:\Python\Python27\Scripts;C:\PROGRAM FILES (X86)\AMD APP\BIN\X86_64;C:\PROGRAM FILES (X86)\AMD APP\BIN\X86;C:\Windows\SYSTEM32;C:\Windows;C:\Windows\SYSTEM32\WBEM;C:\Windows\SYSTEM32\WINDOWSPOWERSHELL\V1.0\;C:\PROGRAM FILES\INTEL\WIFI\BIN\;C:\PROGRAM FILES\COMMON FILES\INTEL\WIRELESSCOMMON\;C:\PROGRAM FILES\LENOVO\BLUETOOTH SOFTWARE\;C:\PROGRAM FILES\LENOVO\BLUETOOTH SOFTWARE\SYSWOW64;C:\Program Files (x86)\Intel\OpenCL SDK\1.5\bin\x86;C:\Program Files (x86)\Intel\OpenCL SDK\1.5\bin\x64;C:\Program Files (x86)\NVIDIA Corporation\PhysX\Common;C:\Program Files (x86)\Windows Kits\8.1\Windows Performance Toolkit\;C:\Program Files\Microsoft SQL Server\110\Tools\Binn\;C:\Program Files\Microsoft SQL Server\110\DTS\Binn\;C:\Program Files (x86)\Microsoft SQL Server\110\Tools\Binn\;C:\Program Files (x86)\Microsoft SQL Server\110\Tools\Binn\ManagementStudio\;C:\Program Files (x86)\Microsoft Visual Studio 10.0\Common7\IDE\PrivateAssemblies\;C:\Program Files (x86)\Microsoft SQL Server\110\DTS\Binn\;C:\Program Files (x86)\QuickTime\QTSystem\;C:\Program Files (x86)\Microsoft SDKs\TypeScript\1.0\;C:\Program Files\Microsoft SQL Server\120\Tools\Binn\;C:\Program Files (x86)\Skype\Phone\;C:\Program Files (x86)\GtkSharp\2.12\bin;C:\Program Files\Microsoft\Web Platform Installer\;C:\Program Files\MATLAB\MATLAB Production Server\R2015a\runtime\win64;C:\Program Files\MATLAB\MATLAB Production Server\R2015a\bin;C:\Program Files\MATLAB\MATLAB Production Server\R2015a\polyspace\bin;C:\RailsInstaller\Git\cmd;C:\RailsInstaller\Ruby2.1.0\bin;C:\Program Files\Intel\WiFi\bin\;C:\Program Files\Common Files\Intel\WirelessCommon\;C:\Modeltech_pe_edu_10.4a\win32pe_edu
USERNAME=ANTE
OS=Windows_NT
PROCESSOR_IDENTIFIER=Intel64 Family 6 Model 42 Stepping 7, GenuineIntel



---------------  S Y S T E M  ---------------

OS: Windows 7 , 64 bit Build 7601 (6.1.7601.18869)

CPU:total 4 (2 cores per cpu, 2 threads per core) family 6 model 42 stepping 7, cmov, cx8, fxsr, mmx, sse, sse2, sse3, ssse3, sse4.1, sse4.2, popcnt, avx, aes, clmul, ht, tsc, tscinvbit

Memory: 4k page, physical 6233968k(238124k free), swap 16171908k(112036k free)

vm_info: Java HotSpot(TM) 64-Bit Server VM (25.65-b01) for windows-amd64 JRE (1.8.0_65-b17), built on Oct  6 2015 16:39:20 by "java_re" with MS VC++ 10.0 (VS2010)

time: Sat May 21 16:38:14 2016
elapsed time: 26 seconds (0d 0h 0m 26s)

