#
# There is insufficient memory for the Java Runtime Environment to continue.
# Native memory allocation (malloc) failed to allocate 580416 bytes for Chunk::new
# Possible reasons:
#   The system is out of physical RAM or swap space
#   In 32 bit mode, the process size limit was hit
# Possible solutions:
#   Reduce memory load on the system
#   Increase physical memory or swap space
#   Check if swap backing store is full
#   Use 64 bit Java on a 64 bit OS
#   Decrease Java heap size (-Xmx/-Xms)
#   Decrease number of Java threads
#   Decrease Java thread stack sizes (-Xss)
#   Set larger code cache with -XX:ReservedCodeCacheSize=
# This output file may be truncated or incomplete.
#
#  Out of Memory Error (allocation.cpp:390), pid=311216, tid=315888
#
# JRE version: Java(TM) SE Runtime Environment (8.0_65-b17) (build 1.8.0_65-b17)
# Java VM: Java HotSpot(TM) 64-Bit Server VM (25.65-b01 mixed mode windows-amd64 compressed oops)
# Failed to write core dump. Minidumps are not enabled by default on client versions of Windows
#

---------------  T H R E A D  ---------------

Current thread (0x000000005628a800):  JavaThread "C2 CompilerThread1" daemon [_thread_in_native, id=315888, stack(0x0000000056a90000,0x0000000056b90000)]

Stack: [0x0000000056a90000,0x0000000056b90000]
[error occurred during error reporting (printing stack bounds), id 0xc0000005]

Native frames: (J=compiled Java code, j=interpreted, Vv=VM code, C=native code)


Current CompileTask:
C2:  21241 7508       4       com.sun.org.apache.xerces.internal.parsers.XML11Configuration::addRecognizedParamsAndSetDefaults (173 bytes)


---------------  P R O C E S S  ---------------

Java Threads: ( => current thread )
  0x000000005a60a800 JavaThread "stdout" daemon [_thread_blocked, id=313028, stack(0x0000000062f50000,0x0000000063050000)]
  0x000000005a609800 JavaThread "stderr" daemon [_thread_in_native, id=313108, stack(0x0000000062c60000,0x0000000062d60000)]
  0x000000005a609000 JavaThread "stdout" daemon [_thread_in_native, id=312564, stack(0x00000000629d0000,0x0000000062ad0000)]
  0x000000005a608000 JavaThread "stderr" daemon [_thread_in_native, id=313300, stack(0x0000000062b00000,0x0000000062c00000)]
  0x000000005a607800 JavaThread "stdout" daemon [_thread_in_native, id=314632, stack(0x00000000623a0000,0x00000000624a0000)]
  0x000000005a606800 JavaThread "stderr" daemon [_thread_in_native, id=314328, stack(0x0000000062810000,0x0000000062910000)]
  0x000000005b2d8000 JavaThread "stdout" daemon [_thread_in_native, id=315980, stack(0x0000000061750000,0x0000000061850000)]
  0x000000005b2d7800 JavaThread "stderr" daemon [_thread_in_native, id=315440, stack(0x0000000062650000,0x0000000062750000)]
  0x000000005b2d6800 JavaThread "stdout" daemon [_thread_in_native, id=315808, stack(0x0000000062510000,0x0000000062610000)]
  0x000000005b2d6000 JavaThread "stderr" daemon [_thread_in_native, id=313264, stack(0x0000000062260000,0x0000000062360000)]
  0x000000005b2d5000 JavaThread "png-cruncher_10" daemon [_thread_blocked, id=314032, stack(0x0000000062100000,0x0000000062200000)]
  0x000000005b2d4800 JavaThread "png-cruncher_9" daemon [_thread_blocked, id=315924, stack(0x0000000061ff0000,0x00000000620f0000)]
  0x000000005b2d3800 JavaThread "png-cruncher_8" daemon [_thread_in_native, id=304140, stack(0x0000000061d90000,0x0000000061e90000)]
  0x000000005b2d3000 JavaThread "png-cruncher_7" daemon [_thread_blocked, id=313616, stack(0x0000000061e90000,0x0000000061f90000)]
  0x000000005b2d2000 JavaThread "png-cruncher_6" daemon [_thread_blocked, id=304188, stack(0x0000000061960000,0x0000000061a60000)]
  0x000000005b2d1800 JavaThread "stdout" daemon [_thread_in_native, id=316356, stack(0x0000000061c70000,0x0000000061d70000)]
  0x0000000057f92000 JavaThread "stderr" daemon [_thread_in_native, id=302544, stack(0x0000000061ac0000,0x0000000061bc0000)]
  0x0000000057f91800 JavaThread "stdout" daemon [_thread_in_native, id=314608, stack(0x0000000061860000,0x0000000061960000)]
  0x0000000057f90800 JavaThread "stderr" daemon [_thread_in_native, id=302804, stack(0x0000000061650000,0x0000000061750000)]
  0x0000000057f90000 JavaThread "png-cruncher_5" daemon [_thread_blocked, id=314336, stack(0x00000000614c0000,0x00000000615c0000)]
  0x0000000057f8f000 JavaThread "png-cruncher_4" daemon [_thread_blocked, id=315544, stack(0x0000000061370000,0x0000000061470000)]
  0x0000000057f8e800 JavaThread "png-cruncher_3" daemon [_thread_blocked, id=314684, stack(0x0000000060480000,0x0000000060580000)]
  0x0000000057f8d800 JavaThread "png-cruncher_2" daemon [_thread_blocked, id=313908, stack(0x0000000061200000,0x0000000061300000)]
  0x0000000057f8d000 JavaThread "png-cruncher_1" daemon [_thread_blocked, id=315992, stack(0x0000000061060000,0x0000000061160000)]
  0x0000000057f8c000 JavaThread "pool-1-thread-4" [_thread_in_native, id=313404, stack(0x0000000060ef0000,0x0000000060ff0000)]
  0x0000000057f8b800 JavaThread "pool-1-thread-3" [_thread_blocked, id=314120, stack(0x000000005ddc0000,0x000000005dec0000)]
  0x0000000057f8a800 JavaThread "pool-1-thread-2" [_thread_in_native, id=313200, stack(0x0000000060af0000,0x0000000060bf0000)]
  0x0000000057f8a000 JavaThread "pool-1-thread-1" [_thread_blocked, id=311392, stack(0x0000000059470000,0x0000000059570000)]
  0x0000000057f87000 JavaThread "File lock request listener" [_thread_in_native, id=314756, stack(0x000000005c0a0000,0x000000005c1a0000)]
  0x0000000057f84800 JavaThread "Stdin handler" [_thread_blocked, id=315312, stack(0x00000000595d0000,0x00000000596d0000)]
  0x0000000057f84000 JavaThread "Daemon worker" [_thread_in_native, id=301096, stack(0x00000000592f0000,0x00000000593f0000)]
  0x0000000057f83000 JavaThread "Cancel handler" [_thread_blocked, id=310952, stack(0x0000000057800000,0x0000000057900000)]
  0x0000000057dd1800 JavaThread "Handler for socket connection from /127.0.0.1:15051 to /127.0.0.1:15052" [_thread_in_native, id=315900, stack(0x0000000059190000,0x0000000059290000)]
  0x0000000057dcf000 JavaThread "Daemon" [_thread_blocked, id=301792, stack(0x0000000059000000,0x0000000059100000)]
  0x0000000057ab1800 JavaThread "Incoming local TCP Connector on port 15051" [_thread_in_native, id=313648, stack(0x0000000058cb0000,0x0000000058db0000)]
  0x000000005630a000 JavaThread "Service Thread" daemon [_thread_blocked, id=314752, stack(0x0000000056d50000,0x0000000056e50000)]
  0x000000005629b800 JavaThread "C1 CompilerThread2" daemon [_thread_blocked, id=315728, stack(0x0000000056bc0000,0x0000000056cc0000)]
=>0x000000005628a800 JavaThread "C2 CompilerThread1" daemon [_thread_in_native, id=315888, stack(0x0000000056a90000,0x0000000056b90000)]
  0x0000000056283800 JavaThread "C2 CompilerThread0" daemon [_thread_in_native, id=315080, stack(0x0000000056690000,0x0000000056790000)]
  0x0000000054db4800 JavaThread "Attach Listener" daemon [_thread_blocked, id=301232, stack(0x0000000056990000,0x0000000056a90000)]
  0x0000000054db3000 JavaThread "Signal Dispatcher" daemon [_thread_blocked, id=314176, stack(0x00000000567c0000,0x00000000568c0000)]
  0x0000000054d58800 JavaThread "Finalizer" daemon [_thread_blocked, id=314424, stack(0x0000000056180000,0x0000000056280000)]
  0x0000000054d51800 JavaThread "Reference Handler" daemon [_thread_blocked, id=312900, stack(0x0000000055f20000,0x0000000056020000)]
  0x0000000001e48000 JavaThread "main" [_thread_blocked, id=314788, stack(0x0000000002180000,0x0000000002280000)]

Other Threads:
  0x0000000054d4c000 VMThread [stack: 0x0000000055d60000,0x0000000055e60000] [id=314544]
  0x0000000056312000 WatcherThread [stack: 0x0000000056f00000,0x0000000057000000] [id=315028]

VM state:not at safepoint (normal execution)

VM Mutex/Monitor currently owned by a thread: None

Heap:
 PSYoungGen      total 154624K, used 28638K [0x00000000eab00000, 0x00000000f7480000, 0x0000000100000000)
  eden space 136704K, 12% used [0x00000000eab00000,0x00000000ebbe7380,0x00000000f3080000)
  from space 17920K, 63% used [0x00000000f3080000,0x00000000f3b90700,0x00000000f4200000)
  to   space 17920K, 0% used [0x00000000f6300000,0x00000000f6300000,0x00000000f7480000)
 ParOldGen       total 64000K, used 40253K [0x00000000c0000000, 0x00000000c3e80000, 0x00000000eab00000)
  object space 64000K, 62% used [0x00000000c0000000,0x00000000c274f618,0x00000000c3e80000)
 Metaspace       used 50140K, capacity 51332K, committed 51456K, reserved 1093632K
  class space    used 6790K, capacity 7115K, committed 7168K, reserved 1048576K

Card table byte_map: [0x0000000011910000,0x0000000011b20000] byte_map_base: 0x0000000011310000

Marking Bits: (ParMarkBitMap*) 0x000000007047a5b0
 Begin Bits: [0x00000000121c0000, 0x00000000131c0000)
 End Bits:   [0x00000000131c0000, 0x00000000141c0000)

Polling page: 0x0000000000340000

CodeCache: size=245760Kb used=22148Kb max_used=23752Kb free=223611Kb
 bounds [0x0000000002550000, 0x0000000003ca0000, 0x0000000011550000]
 total_blobs=7345 nmethods=6637 adapters=618
 compilation: enabled

Compilation events (10 events):
Event: 21.175 Thread 0x0000000056283800 nmethod 7503 0x0000000002abb6d0 code [0x0000000002abb8e0, 0x0000000002abcbb8]
Event: 21.175 Thread 0x000000005628a800 nmethod 7502 0x0000000002cccd90 code [0x0000000002cccfa0, 0x0000000002cce258]
Event: 21.175 Thread 0x000000005628a800 7508       4       com.sun.org.apache.xerces.internal.parsers.XML11Configuration::addRecognizedParamsAndSetDefaults (173 bytes)
Event: 21.175 Thread 0x0000000056283800 7509       4       com.sun.org.apache.xerces.internal.dom.AttributeMap::setNamedItem (314 bytes)
Event: 21.226 Thread 0x000000005629b800 7520       3       com.google.common.collect.AbstractMapBasedMultimap$WrappedList$WrappedListIterator::set (11 bytes)
Event: 21.227 Thread 0x000000005629b800 nmethod 7520 0x00000000027526d0 code [0x0000000002752860, 0x0000000002752d58]
Event: 21.227 Thread 0x000000005629b800 7521   !   3       java.util.ArrayList$ListItr::set (45 bytes)
Event: 21.231 Thread 0x0000000056283800 nmethod 7509 0x0000000003058b50 code [0x0000000003058da0, 0x000000000305a4f8]
Event: 21.232 Thread 0x0000000056283800 7513       4       com.sun.org.apache.xerces.internal.dom.DocumentImpl::setAttrNode (40 bytes)
Event: 21.233 Thread 0x0000000056283800 nmethod 7513 0x0000000002963b10 code [0x0000000002963c40, 0x0000000002963cb8]

GC Heap History (10 events):
Event: 9.865 GC heap before
{Heap before GC invocations=11 (full 1):
 PSYoungGen      total 84992K, used 45058K [0x00000000eab00000, 0x00000000f2980000, 0x0000000100000000)
  eden space 75264K, 48% used [0x00000000eab00000,0x00000000ece75850,0x00000000ef480000)
  from space 9728K, 89% used [0x00000000ef480000,0x00000000efd0b358,0x00000000efe00000)
  to   space 10752K, 0% used [0x00000000f1f00000,0x00000000f1f00000,0x00000000f2980000)
 ParOldGen       total 45056K, used 12302K [0x00000000c0000000, 0x00000000c2c00000, 0x00000000eab00000)
  object space 45056K, 27% used [0x00000000c0000000,0x00000000c0c038a0,0x00000000c2c00000)
 Metaspace       used 34803K, capacity 35378K, committed 35496K, reserved 1079296K
  class space    used 4627K, capacity 4830K, committed 4864K, reserved 1048576K
Event: 9.899 GC heap after
Heap after GC invocations=11 (full 1):
 PSYoungGen      total 118784K, used 6046K [0x00000000eab00000, 0x00000000f2900000, 0x0000000100000000)
  eden space 108544K, 0% used [0x00000000eab00000,0x00000000eab00000,0x00000000f1500000)
  from space 10240K, 59% used [0x00000000f1f00000,0x00000000f24e7bb8,0x00000000f2900000)
  to   space 10240K, 0% used [0x00000000f1500000,0x00000000f1500000,0x00000000f1f00000)
 ParOldGen       total 45056K, used 15627K [0x00000000c0000000, 0x00000000c2c00000, 0x00000000eab00000)
  object space 45056K, 34% used [0x00000000c0000000,0x00000000c0f42ce0,0x00000000c2c00000)
 Metaspace       used 34803K, capacity 35378K, committed 35496K, reserved 1079296K
  class space    used 4627K, capacity 4830K, committed 4864K, reserved 1048576K
}
Event: 9.899 GC heap before
{Heap before GC invocations=12 (full 2):
 PSYoungGen      total 118784K, used 6046K [0x00000000eab00000, 0x00000000f2900000, 0x0000000100000000)
  eden space 108544K, 0% used [0x00000000eab00000,0x00000000eab00000,0x00000000f1500000)
  from space 10240K, 59% used [0x00000000f1f00000,0x00000000f24e7bb8,0x00000000f2900000)
  to   space 10240K, 0% used [0x00000000f1500000,0x00000000f1500000,0x00000000f1f00000)
 ParOldGen       total 45056K, used 15627K [0x00000000c0000000, 0x00000000c2c00000, 0x00000000eab00000)
  object space 45056K, 34% used [0x00000000c0000000,0x00000000c0f42ce0,0x00000000c2c00000)
 Metaspace       used 34803K, capacity 35378K, committed 35496K, reserved 1079296K
  class space    used 4627K, capacity 4830K, committed 4864K, reserved 1048576K
Event: 10.157 GC heap after
Heap after GC invocations=12 (full 2):
 PSYoungGen      total 118784K, used 0K [0x00000000eab00000, 0x00000000f2900000, 0x0000000100000000)
  eden space 108544K, 0% used [0x00000000eab00000,0x00000000eab00000,0x00000000f1500000)
  from space 10240K, 0% used [0x00000000f1f00000,0x00000000f1f00000,0x00000000f2900000)
  to   space 10240K, 0% used [0x00000000f1500000,0x00000000f1500000,0x00000000f1f00000)
 ParOldGen       total 64000K, used 16804K [0x00000000c0000000, 0x00000000c3e80000, 0x00000000eab00000)
  object space 64000K, 26% used [0x00000000c0000000,0x00000000c1069218,0x00000000c3e80000)
 Metaspace       used 34777K, capacity 35290K, committed 35496K, reserved 1079296K
  class space    used 4619K, capacity 4822K, committed 4864K, reserved 1048576K
}
Event: 12.267 GC heap before
{Heap before GC invocations=13 (full 2):
 PSYoungGen      total 118784K, used 108544K [0x00000000eab00000, 0x00000000f2900000, 0x0000000100000000)
  eden space 108544K, 100% used [0x00000000eab00000,0x00000000f1500000,0x00000000f1500000)
  from space 10240K, 0% used [0x00000000f1f00000,0x00000000f1f00000,0x00000000f2900000)
  to   space 10240K, 0% used [0x00000000f1500000,0x00000000f1500000,0x00000000f1f00000)
 ParOldGen       total 64000K, used 16804K [0x00000000c0000000, 0x00000000c3e80000, 0x00000000eab00000)
  object space 64000K, 26% used [0x00000000c0000000,0x00000000c1069218,0x00000000c3e80000)
 Metaspace       used 41743K, capacity 42602K, committed 42752K, reserved 1085440K
  class space    used 5633K, capacity 5815K, committed 5888K, reserved 1048576K
Event: 12.285 GC heap after
Heap after GC invocations=13 (full 2):
 PSYoungGen      total 118784K, used 10214K [0x00000000eab00000, 0x00000000f4e00000, 0x0000000100000000)
  eden space 108544K, 0% used [0x00000000eab00000,0x00000000eab00000,0x00000000f1500000)
  from space 10240K, 99% used [0x00000000f1500000,0x00000000f1ef9aa0,0x00000000f1f00000)
  to   space 12288K, 0% used [0x00000000f4200000,0x00000000f4200000,0x00000000f4e00000)
 ParOldGen       total 64000K, used 19800K [0x00000000c0000000, 0x00000000c3e80000, 0x00000000eab00000)
  object space 64000K, 30% used [0x00000000c0000000,0x00000000c1356198,0x00000000c3e80000)
 Metaspace       used 41743K, capacity 42602K, committed 42752K, reserved 1085440K
  class space    used 5633K, capacity 5815K, committed 5888K, reserved 1048576K
}
Event: 17.070 GC heap before
{Heap before GC invocations=14 (full 2):
 PSYoungGen      total 118784K, used 118758K [0x00000000eab00000, 0x00000000f4e00000, 0x0000000100000000)
  eden space 108544K, 100% used [0x00000000eab00000,0x00000000f1500000,0x00000000f1500000)
  from space 10240K, 99% used [0x00000000f1500000,0x00000000f1ef9aa0,0x00000000f1f00000)
  to   space 12288K, 0% used [0x00000000f4200000,0x00000000f4200000,0x00000000f4e00000)
 ParOldGen       total 64000K, used 19800K [0x00000000c0000000, 0x00000000c3e80000, 0x00000000eab00000)
  object space 64000K, 30% used [0x00000000c0000000,0x00000000c1356198,0x00000000c3e80000)
 Metaspace       used 47571K, capacity 48642K, committed 48768K, reserved 1091584K
  class space    used 6513K, capacity 6777K, committed 6784K, reserved 1048576K
Event: 17.097 GC heap after
Heap after GC invocations=14 (full 2):
 PSYoungGen      total 148992K, used 12280K [0x00000000eab00000, 0x00000000f5580000, 0x0000000100000000)
  eden space 136704K, 0% used [0x00000000eab00000,0x00000000eab00000,0x00000000f3080000)
  from space 12288K, 99% used [0x00000000f4200000,0x00000000f4dfe398,0x00000000f4e00000)
  to   space 17920K, 0% used [0x00000000f3080000,0x00000000f3080000,0x00000000f4200000)
 ParOldGen       total 64000K, used 30529K [0x00000000c0000000, 0x00000000c3e80000, 0x00000000eab00000)
  object space 64000K, 47% used [0x00000000c0000000,0x00000000c1dd0548,0x00000000c3e80000)
 Metaspace       used 47571K, capacity 48642K, committed 48768K, reserved 1091584K
  class space    used 6513K, capacity 6777K, committed 6784K, reserved 1048576K
}
Event: 21.134 GC heap before
{Heap before GC invocations=15 (full 2):
 PSYoungGen      total 148992K, used 148984K [0x00000000eab00000, 0x00000000f5580000, 0x0000000100000000)
  eden space 136704K, 100% used [0x00000000eab00000,0x00000000f3080000,0x00000000f3080000)
  from space 12288K, 99% used [0x00000000f4200000,0x00000000f4dfe398,0x00000000f4e00000)
  to   space 17920K, 0% used [0x00000000f3080000,0x00000000f3080000,0x00000000f4200000)
 ParOldGen       total 64000K, used 30529K [0x00000000c0000000, 0x00000000c3e80000, 0x00000000eab00000)
  object space 64000K, 47% used [0x00000000c0000000,0x00000000c1dd0548,0x00000000c3e80000)
 Metaspace       used 50132K, capacity 51268K, committed 51456K, reserved 1093632K
  class space    used 6789K, capacity 7115K, committed 7168K, reserved 1048576K
Event: 21.169 GC heap after
Heap after GC invocations=15 (full 2):
 PSYoungGen      total 154624K, used 11329K [0x00000000eab00000, 0x00000000f7480000, 0x0000000100000000)
  eden space 136704K, 0% used [0x00000000eab00000,0x00000000eab00000,0x00000000f3080000)
  from space 17920K, 63% used [0x00000000f3080000,0x00000000f3b90700,0x00000000f4200000)
  to   space 17920K, 0% used [0x00000000f6300000,0x00000000f6300000,0x00000000f7480000)
 ParOldGen       total 64000K, used 40253K [0x00000000c0000000, 0x00000000c3e80000, 0x00000000eab00000)
  object space 64000K, 62% used [0x00000000c0000000,0x00000000c274f618,0x00000000c3e80000)
 Metaspace       used 50132K, capacity 51268K, committed 51456K, reserved 1093632K
  class space    used 6789K, capacity 7115K, committed 7168K, reserved 1048576K
}

Deoptimization events (10 events):
Event: 20.970 Thread 0x0000000057f84000 Uncommon trap: reason=bimorphic action=maybe_recompile pc=0x0000000003b1e954 method=com.sun.org.apache.xerces.internal.dom.NodeImpl.changed()V @ 1
Event: 20.972 Thread 0x0000000057f84000 Uncommon trap: reason=unstable_if action=reinterpret pc=0x0000000002f2cf6c method=com.sun.org.apache.xerces.internal.dom.ParentNode.nodeListItem(I)Lorg/w3c/dom/Node; @ 101
Event: 20.972 Thread 0x0000000057f84000 Uncommon trap: reason=bimorphic action=maybe_recompile pc=0x0000000003c3fe94 method=com.sun.org.apache.xerces.internal.dom.CoreDocumentImpl.isKidOK(Lorg/w3c/dom/Node;Lorg/w3c/dom/Node;)Z @ 39
Event: 20.972 Thread 0x0000000057f84000 Uncommon trap: reason=bimorphic action=maybe_recompile pc=0x0000000003b1e954 method=com.sun.org.apache.xerces.internal.dom.NodeImpl.changed()V @ 1
Event: 20.972 Thread 0x0000000057f84000 Uncommon trap: reason=bimorphic action=maybe_recompile pc=0x0000000003c25468 method=com.sun.org.apache.xerces.internal.dom.CoreDocumentImpl.isKidOK(Lorg/w3c/dom/Node;Lorg/w3c/dom/Node;)Z @ 39
Event: 21.016 Thread 0x0000000057f8a800 Uncommon trap: reason=unstable_if action=reinterpret pc=0x0000000003ab08f0 method=java.util.concurrent.locks.ReentrantLock$Sync.nonfairTryAcquire(I)Z @ 34
Event: 21.033 Thread 0x0000000057f8c000 Uncommon trap: reason=unstable_if action=reinterpret pc=0x0000000003646fd0 method=java.util.concurrent.locks.AbstractQueuedSynchronizer.release(I)Z @ 14
Event: 21.036 Thread 0x0000000057f8a000 Uncommon trap: reason=unstable_if action=reinterpret pc=0x0000000003447184 method=java.util.concurrent.locks.AbstractQueuedSynchronizer.release(I)Z @ 14
Event: 21.044 Thread 0x0000000057f90000 Uncommon trap: reason=unstable_if action=reinterpret pc=0x00000000036d3af4 method=java.util.TreeMap.getEntry(Ljava/lang/Object;)Ljava/util/TreeMap$Entry; @ 4
Event: 21.227 Thread 0x0000000057f8e800 Uncommon trap: reason=unstable_if action=reinterpret pc=0x0000000002e1c0a8 method=java.util.regex.Matcher.appendReplacement(Ljava/lang/StringBuffer;Ljava/lang/String;)Ljava/util/regex/Matcher; @ 47

Internal exceptions (10 events):
Event: 19.857 Thread 0x0000000057f84000 Exception <a 'java/lang/ClassNotFoundException': com/android/ide/common/res2/AssetMergerCustomizer> (0x00000000eed261d0) thrown at [C:\workspace\8-2-build-windows-amd64-cygwin\jdk8u65\4987\hotspot\src\share\vm\classfile\systemDictionary.cpp, line 210]
Event: 19.862 Thread 0x0000000057f84000 Exception <a 'java/lang/ClassNotFoundException': com/android/ide/common/res2/AssetSetBeanInfo> (0x00000000eed75930) thrown at [C:\workspace\8-2-build-windows-amd64-cygwin\jdk8u65\4987\hotspot\src\share\vm\classfile\systemDictionary.cpp, line 210]
Event: 19.863 Thread 0x0000000057f84000 Exception <a 'java/lang/ClassNotFoundException': com/android/ide/common/res2/DataSetBeanInfo> (0x00000000eed83688) thrown at [C:\workspace\8-2-build-windows-amd64-cygwin\jdk8u65\4987\hotspot\src\share\vm\classfile\systemDictionary.cpp, line 210]
Event: 19.863 Thread 0x0000000057f84000 Exception <a 'java/lang/ClassNotFoundException': com/android/ide/common/res2/DataSetCustomizer> (0x00000000eed91770) thrown at [C:\workspace\8-2-build-windows-amd64-cygwin\jdk8u65\4987\hotspot\src\share\vm\classfile\systemDictionary.cpp, line 210]
Event: 19.865 Thread 0x0000000057f84000 Exception <a 'java/lang/ClassNotFoundException': com/android/ide/common/res2/AssetSetCustomizer> (0x00000000eedbc480) thrown at [C:\workspace\8-2-build-windows-amd64-cygwin\jdk8u65\4987\hotspot\src\share\vm\classfile\systemDictionary.cpp, line 210]
Event: 19.876 Thread 0x0000000057f84000 Exception <a 'java/lang/ClassNotFoundException': com/android/ide/common/res2/MergedAssetWriterBeanInfo> (0x00000000eee1caf0) thrown at [C:\workspace\8-2-build-windows-amd64-cygwin\jdk8u65\4987\hotspot\src\share\vm\classfile\systemDictionary.cpp, line 210]
Event: 19.877 Thread 0x0000000057f84000 Exception <a 'java/lang/ClassNotFoundException': com/android/ide/common/res2/MergeWriterBeanInfo> (0x00000000eee2afe8) thrown at [C:\workspace\8-2-build-windows-amd64-cygwin\jdk8u65\4987\hotspot\src\share\vm\classfile\systemDictionary.cpp, line 210]
Event: 19.877 Thread 0x0000000057f84000 Exception <a 'java/lang/ClassNotFoundException': com/android/ide/common/res2/MergeWriterCustomizer> (0x00000000eee39860) thrown at [C:\workspace\8-2-build-windows-amd64-cygwin\jdk8u65\4987\hotspot\src\share\vm\classfile\systemDictionary.cpp, line 210]
Event: 19.878 Thread 0x0000000057f84000 Exception <a 'java/lang/ClassNotFoundException': com/android/ide/common/res2/MergedAssetWriterCustomizer> (0x00000000eee4cc00) thrown at [C:\workspace\8-2-build-windows-amd64-cygwin\jdk8u65\4987\hotspot\src\share\vm\classfile\systemDictionary.cpp, line 210
Event: 19.908 Thread 0x0000000057f84000 Exception <a 'java/lang/NoSuchMethodError': <clinit>> (0x00000000eef7a8f8) thrown at [C:\workspace\8-2-build-windows-amd64-cygwin\jdk8u65\4987\hotspot\src\share\vm\prims\jni.cpp, line 1591]

Events (10 events):
Event: 21.231 Thread 0x0000000056283800 flushing nmethod 0x0000000002961650
Event: 21.231 Thread 0x0000000056283800 flushing nmethod 0x0000000002962710
Event: 21.231 Thread 0x0000000056283800 flushing nmethod 0x0000000002992010
Event: 21.231 Thread 0x0000000056283800 flushing nmethod 0x00000000029a0ed0
Event: 21.231 Thread 0x0000000056283800 flushing nmethod 0x00000000029c5290
Event: 21.231 Thread 0x0000000056283800 flushing nmethod 0x00000000029e9990
Event: 21.232 Thread 0x000000005a609800 Thread added: 0x000000005a609800
Event: 21.232 Thread 0x000000005a60a800 Thread added: 0x000000005a60a800
Event: 21.233 Thread 0x0000000056283800 flushing nmethod 0x0000000002c5cc50
Event: 21.236 Executing VM operation: RevokeBias


Dynamic libraries:
0x000000013f620000 - 0x000000013f657000 	C:\Program Files\Java\jdk1.8.0_65\bin\java.exe
0x0000000077a10000 - 0x0000000077bb9000 	C:\Windows\SYSTEM32\ntdll.dll
0x00000000777f0000 - 0x000000007790f000 	C:\Windows\system32\kernel32.dll
0x000007fefd800000 - 0x000007fefd86c000 	C:\Windows\system32\KERNELBASE.dll
0x000007feff940000 - 0x000007feffa1b000 	C:\Windows\system32\ADVAPI32.dll
0x000007feffc80000 - 0x000007feffd1f000 	C:\Windows\system32\msvcrt.dll
0x000007feffc60000 - 0x000007feffc7f000 	C:\Windows\SYSTEM32\sechost.dll
0x000007fefe210000 - 0x000007fefe33d000 	C:\Windows\system32\RPCRT4.dll
0x0000000077910000 - 0x0000000077a0a000 	C:\Windows\system32\USER32.dll
0x000007fefe760000 - 0x000007fefe7c7000 	C:\Windows\system32\GDI32.dll
0x000007feff5e0000 - 0x000007feff5ee000 	C:\Windows\system32\LPK.dll
0x000007feff870000 - 0x000007feff939000 	C:\Windows\system32\USP10.dll
0x000007fefcf90000 - 0x000007fefd184000 	C:\Windows\WinSxS\amd64_microsoft.windows.common-controls_6595b64144ccf1df_6.0.7601.18837_none_fa3b1e3d17594757\COMCTL32.dll
0x000007fefe7d0000 - 0x000007fefe841000 	C:\Windows\system32\SHLWAPI.dll
0x000007fefdde0000 - 0x000007fefde0e000 	C:\Windows\system32\IMM32.DLL
0x000007fefde10000 - 0x000007fefdf19000 	C:\Windows\system32\MSCTF.dll
0x000007fefd6f0000 - 0x000007fefd721000 	C:\Windows\system32\nvinitx.dll
0x000007fefd6e0000 - 0x000007fefd6ec000 	C:\Windows\system32\VERSION.dll
0x000007fefa4c0000 - 0x000007fefa53e000 	C:\Windows\system32\NV\igdumd64.dll
0x000007fefdb80000 - 0x000007fefdd57000 	C:\Windows\system32\SETUPAPI.dll
0x000007fefd8d0000 - 0x000007fefd906000 	C:\Windows\system32\CFGMGR32.dll
0x000007fefdf20000 - 0x000007fefdff7000 	C:\Windows\system32\OLEAUT32.dll
0x000007fefe000000 - 0x000007fefe203000 	C:\Windows\system32\ole32.dll
0x000007fefd930000 - 0x000007fefd94a000 	C:\Windows\system32\DEVOBJ.dll
0x000007fefa3a0000 - 0x000007fefa41e000 	C:\Windows\system32\NV\igd10umd64.dll
0x00000000796c0000 - 0x0000000079792000 	C:\Program Files\Java\jdk1.8.0_65\jre\bin\msvcr100.dll
0x000000006fc70000 - 0x00000000704f9000 	C:\Program Files\Java\jdk1.8.0_65\jre\bin\server\jvm.dll
0x000007fef7290000 - 0x000007fef7299000 	C:\Windows\system32\WSOCK32.dll
0x000007fefe440000 - 0x000007fefe48d000 	C:\Windows\system32\WS2_32.dll
0x000007feffbb0000 - 0x000007feffbb8000 	C:\Windows\system32\NSI.dll
0x000007fefa360000 - 0x000007fefa39b000 	C:\Windows\system32\WINMM.dll
0x0000000077be0000 - 0x0000000077be7000 	C:\Windows\system32\PSAPI.DLL
0x0000000073110000 - 0x000000007311f000 	C:\Program Files\Java\jdk1.8.0_65\jre\bin\verify.dll
0x0000000073090000 - 0x00000000730b9000 	C:\Program Files\Java\jdk1.8.0_65\jre\bin\java.dll
0x0000000073070000 - 0x0000000073086000 	C:\Program Files\Java\jdk1.8.0_65\jre\bin\zip.dll
0x000007fefe850000 - 0x000007feff5d9000 	C:\Windows\system32\SHELL32.dll
0x000007fefd7c0000 - 0x000007fefd7cf000 	C:\Windows\system32\profapi.dll
0x000000006d870000 - 0x000000006d88a000 	C:\Program Files\Java\jdk1.8.0_65\jre\bin\net.dll
0x000007fefcc10000 - 0x000007fefcc65000 	C:\Windows\system32\mswsock.dll
0x000007fefcc00000 - 0x000007fefcc07000 	C:\Windows\System32\wship6.dll
0x000000006d890000 - 0x000000006d8a1000 	C:\Program Files\Java\jdk1.8.0_65\jre\bin\nio.dll
0x000007fee8690000 - 0x000007fee86a2000 	C:\Users\ANTE\.gradle\native\19\windows-amd64\native-platform.dll
0x000007fef9b90000 - 0x000007fef9bb7000 	C:\Windows\system32\IPHLPAPI.DLL
0x000007fef9b80000 - 0x000007fef9b8b000 	C:\Windows\system32\WINNSI.DLL
0x000007fefc580000 - 0x000007fefc598000 	C:\Windows\system32\dhcpcsvc.DLL
0x000007fefc560000 - 0x000007fefc571000 	C:\Windows\system32\dhcpcsvc6.DLL
0x000007fefcc70000 - 0x000007fefcc88000 	C:\Windows\system32\CRYPTSP.dll
0x000007fefc970000 - 0x000007fefc9b7000 	C:\Windows\system32\rsaenh.dll
0x000007fefd870000 - 0x000007fefd88e000 	C:\Windows\system32\USERENV.dll
0x000007fefd5d0000 - 0x000007fefd5df000 	C:\Windows\system32\CRYPTBASE.dll
0x000007fefd570000 - 0x000007fefd5c7000 	C:\Windows\system32\apphelp.dll
0x0000000073060000 - 0x000000007306d000 	C:\Program Files\Java\jdk1.8.0_65\jre\bin\management.dll

VM Arguments:
jvm_args: -XX:MaxPermSize=256m -XX:+HeapDumpOnOutOfMemoryError -Xmx1024m -Dfile.encoding=windows-1250 -Duser.country=US -Duser.language=en -Duser.variant 
java_command: org.gradle.launcher.daemon.bootstrap.GradleDaemon 2.10
java_class_path (initial): C:\Users\ANTE\.gradle\wrapper\dists\gradle-2.10-all\a4w5fzrkeut1ox71xslb49gst\gradle-2.10\lib\gradle-launcher-2.10.jar
Launcher Type: SUN_STANDARD

Environment Variables:
PATH=C:\oraclexe\app\oracle\product\11.2.0\server\bin;;C:\ProgramData\Oracle\Java\javapath;C:\Perl64\site\bin;C:\Perl64\bin;C:\Python\Python27\;C:\Python\Python27\Scripts;C:\PROGRAM FILES (X86)\AMD APP\BIN\X86_64;C:\PROGRAM FILES (X86)\AMD APP\BIN\X86;C:\Windows\SYSTEM32;C:\Windows;C:\Windows\SYSTEM32\WBEM;C:\Windows\SYSTEM32\WINDOWSPOWERSHELL\V1.0\;C:\PROGRAM FILES\INTEL\WIFI\BIN\;C:\PROGRAM FILES\COMMON FILES\INTEL\WIRELESSCOMMON\;C:\PROGRAM FILES\LENOVO\BLUETOOTH SOFTWARE\;C:\PROGRAM FILES\LENOVO\BLUETOOTH SOFTWARE\SYSWOW64;C:\Program Files (x86)\Intel\OpenCL SDK\1.5\bin\x86;C:\Program Files (x86)\Intel\OpenCL SDK\1.5\bin\x64;C:\Program Files (x86)\NVIDIA Corporation\PhysX\Common;C:\Program Files (x86)\Windows Kits\8.1\Windows Performance Toolkit\;C:\Program Files\Microsoft SQL Server\110\Tools\Binn\;C:\Program Files\Microsoft SQL Server\110\DTS\Binn\;C:\Program Files (x86)\Microsoft SQL Server\110\Tools\Binn\;C:\Program Files (x86)\Microsoft SQL Server\110\Tools\Binn\ManagementStudio\;C:\Program Files (x86)\Microsoft Visual Studio 10.0\Common7\IDE\PrivateAssemblies\;C:\Program Files (x86)\Microsoft SQL Server\110\DTS\Binn\;C:\Program Files (x86)\QuickTime\QTSystem\;C:\Program Files (x86)\Microsoft SDKs\TypeScript\1.0\;C:\Program Files\Microsoft SQL Server\120\Tools\Binn\;C:\Program Files (x86)\Skype\Phone\;C:\Program Files (x86)\GtkSharp\2.12\bin;C:\Program Files\Microsoft\Web Platform Installer\;C:\Program Files\MATLAB\MATLAB Production Server\R2015a\runtime\win64;C:\Program Files\MATLAB\MATLAB Production Server\R2015a\bin;C:\Program Files\MATLAB\MATLAB Production Server\R2015a\polyspace\bin;C:\RailsInstaller\Git\cmd;C:\RailsInstaller\Ruby2.1.0\bin;C:\Program Files\Intel\WiFi\bin\;C:\Program Files\Common Files\Intel\WirelessCommon\;C:\Modeltech_pe_edu_10.4a\win32pe_edu
USERNAME=ANTE
OS=Windows_NT
PROCESSOR_IDENTIFIER=Intel64 Family 6 Model 42 Stepping 7, GenuineIntel



---------------  S Y S T E M  ---------------

OS: Windows 7 , 64 bit Build 7601 (6.1.7601.18869)

CPU:total 4 (2 cores per cpu, 2 threads per core) family 6 model 42 stepping 7, cmov, cx8, fxsr, mmx, sse, sse2, sse3, ssse3, sse4.1, sse4.2, popcnt, avx, aes, clmul, ht, tsc, tscinvbit

Memory: 4k page, physical 6233968k(220820k free), swap 16171908k(5148k free)

vm_info: Java HotSpot(TM) 64-Bit Server VM (25.65-b01) for windows-amd64 JRE (1.8.0_65-b17), built on Oct  6 2015 16:39:20 by "java_re" with MS VC++ 10.0 (VS2010)

time: Fri May 20 16:37:58 2016
elapsed time: 21 seconds (0d 0h 0m 21s)

