#
# There is insufficient memory for the Java Runtime Environment to continue.
# Native memory allocation (malloc) failed to allocate 32784 bytes for Chunk::new
# Possible reasons:
#   The system is out of physical RAM or swap space
#   In 32 bit mode, the process size limit was hit
# Possible solutions:
#   Reduce memory load on the system
#   Increase physical memory or swap space
#   Check if swap backing store is full
#   Use 64 bit Java on a 64 bit OS
#   Decrease Java heap size (-Xmx/-Xms)
#   Decrease number of Java threads
#   Decrease Java thread stack sizes (-Xss)
#   Set larger code cache with -XX:ReservedCodeCacheSize=
# This output file may be truncated or incomplete.
#
#  Out of Memory Error (allocation.cpp:390), pid=322240, tid=322256
#
# JRE version: Java(TM) SE Runtime Environment (8.0_65-b17) (build 1.8.0_65-b17)
# Java VM: Java HotSpot(TM) 64-Bit Server VM (25.65-b01 mixed mode windows-amd64 compressed oops)
# Failed to write core dump. Minidumps are not enabled by default on client versions of Windows
#

---------------  T H R E A D  ---------------

Current thread (0x00000000561c7000):  JavaThread "C2 CompilerThread1" daemon [_thread_in_native, id=322256, stack(0x0000000056600000,0x0000000056700000)]

Stack: [0x0000000056600000,0x0000000056700000]
[error occurred during error reporting (printing stack bounds), id 0xc0000005]

Native frames: (J=compiled Java code, j=interpreted, Vv=VM code, C=native code)


Current CompileTask:
C2:   8395 2043 %     4       com.android.dx.ssa.SsaConverter::placePhiFunctions @ 53 (394 bytes)


---------------  P R O C E S S  ---------------

Java Threads: ( => current thread )
  0x00000000564b4800 JavaThread "pool-2-thread-4" [_thread_blocked, id=322360, stack(0x0000000057f50000,0x0000000058050000)]
  0x00000000564a9800 JavaThread "pool-2-thread-3" [_thread_blocked, id=322400, stack(0x0000000057e40000,0x0000000057f40000)]
  0x00000000564a8800 JavaThread "pool-2-thread-2" [_thread_blocked, id=322244, stack(0x0000000057c10000,0x0000000057d10000)]
  0x00000000564a6800 JavaThread "pool-3-thread-1" [_thread_blocked, id=315908, stack(0x0000000056dc0000,0x0000000056ec0000)]
  0x00000000564a4800 JavaThread "pool-2-thread-1" [_thread_blocked, id=322156, stack(0x00000000579f0000,0x0000000057af0000)]
  0x0000000056227000 JavaThread "Service Thread" daemon [_thread_blocked, id=322148, stack(0x0000000056ed0000,0x0000000056fd0000)]
  0x00000000561c9000 JavaThread "C1 CompilerThread2" daemon [_thread_blocked, id=321992, stack(0x0000000056c40000,0x0000000056d40000)]
=>0x00000000561c7000 JavaThread "C2 CompilerThread1" daemon [_thread_in_native, id=322256, stack(0x0000000056600000,0x0000000056700000)]
  0x00000000561c3800 JavaThread "C2 CompilerThread0" daemon [_thread_in_native, id=322444, stack(0x0000000056ad0000,0x0000000056bd0000)]
  0x0000000054e21800 JavaThread "Attach Listener" daemon [_thread_blocked, id=322260, stack(0x0000000056890000,0x0000000056990000)]
  0x0000000054e20000 JavaThread "Signal Dispatcher" daemon [_thread_blocked, id=322448, stack(0x0000000056720000,0x0000000056820000)]
  0x0000000054dc7800 JavaThread "Finalizer" daemon [_thread_blocked, id=322476, stack(0x00000000560c0000,0x00000000561c0000)]
  0x0000000054dc1000 JavaThread "Reference Handler" daemon [_thread_blocked, id=321524, stack(0x0000000055f50000,0x0000000056050000)]
  0x000000000027f000 JavaThread "main" [_thread_blocked, id=322180, stack(0x00000000021d0000,0x00000000022d0000)]

Other Threads:
  0x0000000054dbb800 VMThread [stack: 0x0000000055dc0000,0x0000000055ec0000] [id=322172]
  0x0000000056237000 WatcherThread [stack: 0x0000000057030000,0x0000000057130000] [id=322144]

VM state:not at safepoint (normal execution)

VM Mutex/Monitor currently owned by a thread: None

Heap:
 PSYoungGen      total 109056K, used 29265K [0x00000000eab00000, 0x00000000f2800000, 0x0000000100000000)
  eden space 96256K, 18% used [0x00000000eab00000,0x00000000ebc21090,0x00000000f0900000)
  from space 12800K, 91% used [0x00000000f1780000,0x00000000f22f3528,0x00000000f2400000)
  to   space 14848K, 0% used [0x00000000f0900000,0x00000000f0900000,0x00000000f1780000)
 ParOldGen       total 65536K, used 16532K [0x00000000c0000000, 0x00000000c4000000, 0x00000000eab00000)
  object space 65536K, 25% used [0x00000000c0000000,0x00000000c10253f0,0x00000000c4000000)
 Metaspace       used 6372K, capacity 7152K, committed 7296K, reserved 1056768K
  class space    used 603K, capacity 616K, committed 640K, reserved 1048576K

Card table byte_map: [0x0000000011960000,0x0000000011b70000] byte_map_base: 0x0000000011360000

Marking Bits: (ParMarkBitMap*) 0x000000005c80a5b0
 Begin Bits: [0x0000000012230000, 0x0000000013230000)
 End Bits:   [0x0000000013230000, 0x0000000014230000)

Polling page: 0x0000000000240000

CodeCache: size=245760Kb used=7569Kb max_used=7584Kb free=238190Kb
 bounds [0x00000000025a0000, 0x0000000002d20000, 0x00000000115a0000]
 total_blobs=2199 nmethods=1929 adapters=182
 compilation: enabled

Compilation events (10 events):
Event: 8.368 Thread 0x00000000561c3800 nmethod 1961 0x0000000002d03e10 code [0x0000000002d044e0, 0x0000000002d0a368]
Event: 8.369 Thread 0x00000000561c3800 1958       4       com.android.dx.ssa.SsaRenamer$1::visitBlock (16 bytes)
Event: 8.378 Thread 0x00000000561c3800 nmethod 1958 0x0000000002ce9bd0 code [0x0000000002ce9d60, 0x0000000002cea1a8]
Event: 8.378 Thread 0x00000000561c3800 1959       4       com.android.dx.ssa.SsaRenamer$BlockRenamer::<init> (72 bytes)
Event: 8.381 Thread 0x00000000561c7000 nmethod 1953 0x0000000002d004d0 code [0x0000000002d006c0, 0x0000000002d00f70]
Event: 8.381 Thread 0x00000000561c7000 2043 %     4       com.android.dx.ssa.SsaConverter::placePhiFunctions @ 53 (394 bytes)
Event: 8.384 Thread 0x00000000561c3800 nmethod 1959 0x0000000002ce9410 code [0x0000000002ce9580, 0x0000000002ce9918]
Event: 8.384 Thread 0x00000000561c3800 1945       4       com.android.dx.ssa.back.FirstFitLocalCombiningAllocator::getParameterIndexForReg (55 bytes)
Event: 8.390 Thread 0x00000000561c3800 nmethod 1945 0x0000000002cffd10 code [0x0000000002cffe80, 0x0000000002d00148]
Event: 8.390 Thread 0x00000000561c3800 1947       4       com.android.dx.rop.code.BasicBlockList::preferredSuccessorOf (77 bytes)

GC Heap History (10 events):
Event: 3.636 GC heap before
{Heap before GC invocations=2 (full 0):
 PSYoungGen      total 28672K, used 28033K [0x00000000eab00000, 0x00000000ecb00000, 0x0000000100000000)
  eden space 24576K, 100% used [0x00000000eab00000,0x00000000ec300000,0x00000000ec300000)
  from space 4096K, 84% used [0x00000000ec300000,0x00000000ec660668,0x00000000ec700000)
  to   space 4096K, 0% used [0x00000000ec700000,0x00000000ec700000,0x00000000ecb00000)
 ParOldGen       total 65536K, used 0K [0x00000000c0000000, 0x00000000c4000000, 0x00000000eab00000)
  object space 65536K, 0% used [0x00000000c0000000,0x00000000c0000000,0x00000000c4000000)
 Metaspace       used 6056K, capacity 6960K, committed 7040K, reserved 1056768K
  class space    used 601K, capacity 616K, committed 640K, reserved 1048576K
Event: 3.680 GC heap after
Heap after GC invocations=2 (full 0):
 PSYoungGen      total 28672K, used 4077K [0x00000000eab00000, 0x00000000ee300000, 0x0000000100000000)
  eden space 24576K, 0% used [0x00000000eab00000,0x00000000eab00000,0x00000000ec300000)
  from space 4096K, 99% used [0x00000000ec700000,0x00000000ecafb5d8,0x00000000ecb00000)
  to   space 4096K, 0% used [0x00000000ec300000,0x00000000ec300000,0x00000000ec700000)
 ParOldGen       total 65536K, used 1994K [0x00000000c0000000, 0x00000000c4000000, 0x00000000eab00000)
  object space 65536K, 3% used [0x00000000c0000000,0x00000000c01f2b48,0x00000000c4000000)
 Metaspace       used 6056K, capacity 6960K, committed 7040K, reserved 1056768K
  class space    used 601K, capacity 616K, committed 640K, reserved 1048576K
}
Event: 4.141 GC heap before
{Heap before GC invocations=3 (full 0):
 PSYoungGen      total 28672K, used 28653K [0x00000000eab00000, 0x00000000ee300000, 0x0000000100000000)
  eden space 24576K, 100% used [0x00000000eab00000,0x00000000ec300000,0x00000000ec300000)
  from space 4096K, 99% used [0x00000000ec700000,0x00000000ecafb5d8,0x00000000ecb00000)
  to   space 4096K, 0% used [0x00000000ec300000,0x00000000ec300000,0x00000000ec700000)
 ParOldGen       total 65536K, used 1994K [0x00000000c0000000, 0x00000000c4000000, 0x00000000eab00000)
  object space 65536K, 3% used [0x00000000c0000000,0x00000000c01f2b48,0x00000000c4000000)
 Metaspace       used 6158K, capacity 7024K, committed 7296K, reserved 1056768K
  class space    used 601K, capacity 616K, committed 640K, reserved 1048576K
Event: 4.260 GC heap after
Heap after GC invocations=3 (full 0):
 PSYoungGen      total 28672K, used 4095K [0x00000000eab00000, 0x00000000ee300000, 0x0000000100000000)
  eden space 24576K, 0% used [0x00000000eab00000,0x00000000eab00000,0x00000000ec300000)
  from space 4096K, 99% used [0x00000000ec300000,0x00000000ec6ffe60,0x00000000ec700000)
  to   space 4096K, 0% used [0x00000000edf00000,0x00000000edf00000,0x00000000ee300000)
 ParOldGen       total 65536K, used 5486K [0x00000000c0000000, 0x00000000c4000000, 0x00000000eab00000)
  object space 65536K, 8% used [0x00000000c0000000,0x00000000c055baa8,0x00000000c4000000)
 Metaspace       used 6158K, capacity 7024K, committed 7296K, reserved 1056768K
  class space    used 601K, capacity 616K, committed 640K, reserved 1048576K
}
Event: 4.753 GC heap before
{Heap before GC invocations=4 (full 0):
 PSYoungGen      total 28672K, used 28671K [0x00000000eab00000, 0x00000000ee300000, 0x0000000100000000)
  eden space 24576K, 100% used [0x00000000eab00000,0x00000000ec300000,0x00000000ec300000)
  from space 4096K, 99% used [0x00000000ec300000,0x00000000ec6ffe60,0x00000000ec700000)
  to   space 4096K, 0% used [0x00000000edf00000,0x00000000edf00000,0x00000000ee300000)
 ParOldGen       total 65536K, used 5486K [0x00000000c0000000, 0x00000000c4000000, 0x00000000eab00000)
  object space 65536K, 8% used [0x00000000c0000000,0x00000000c055baa8,0x00000000c4000000)
 Metaspace       used 6174K, capacity 7088K, committed 7296K, reserved 1056768K
  class space    used 601K, capacity 616K, committed 640K, reserved 1048576K
Event: 4.828 GC heap after
Heap after GC invocations=4 (full 0):
 PSYoungGen      total 53248K, used 4076K [0x00000000eab00000, 0x00000000ee300000, 0x0000000100000000)
  eden space 49152K, 0% used [0x00000000eab00000,0x00000000eab00000,0x00000000edb00000)
  from space 4096K, 99% used [0x00000000edf00000,0x00000000ee2fb338,0x00000000ee300000)
  to   space 4096K, 0% used [0x00000000edb00000,0x00000000edb00000,0x00000000edf00000)
 ParOldGen       total 65536K, used 8471K [0x00000000c0000000, 0x00000000c4000000, 0x00000000eab00000)
  object space 65536K, 12% used [0x00000000c0000000,0x00000000c0845c00,0x00000000c4000000)
 Metaspace       used 6174K, capacity 7088K, committed 7296K, reserved 1056768K
  class space    used 601K, capacity 616K, committed 640K, reserved 1048576K
}
Event: 5.561 GC heap before
{Heap before GC invocations=5 (full 0):
 PSYoungGen      total 53248K, used 53228K [0x00000000eab00000, 0x00000000ee300000, 0x0000000100000000)
  eden space 49152K, 100% used [0x00000000eab00000,0x00000000edb00000,0x00000000edb00000)
  from space 4096K, 99% used [0x00000000edf00000,0x00000000ee2fb338,0x00000000ee300000)
  to   space 4096K, 0% used [0x00000000edb00000,0x00000000edb00000,0x00000000edf00000)
 ParOldGen       total 65536K, used 8471K [0x00000000c0000000, 0x00000000c4000000, 0x00000000eab00000)
  object space 65536K, 12% used [0x00000000c0000000,0x00000000c0845c00,0x00000000c4000000)
 Metaspace       used 6210K, capacity 7088K, committed 7296K, reserved 1056768K
  class space    used 602K, capacity 616K, committed 640K, reserved 1048576K
Event: 5.643 GC heap after
Heap after GC invocations=5 (full 0):
 PSYoungGen      total 53248K, used 4065K [0x00000000eab00000, 0x00000000f2400000, 0x0000000100000000)
  eden space 49152K, 0% used [0x00000000eab00000,0x00000000eab00000,0x00000000edb00000)
  from space 4096K, 99% used [0x00000000edb00000,0x00000000edef85c0,0x00000000edf00000)
  to   space 12800K, 0% used [0x00000000f1780000,0x00000000f1780000,0x00000000f2400000)
 ParOldGen       total 65536K, used 16532K [0x00000000c0000000, 0x00000000c4000000, 0x00000000eab00000)
  object space 65536K, 25% used [0x00000000c0000000,0x00000000c10253f0,0x00000000c4000000)
 Metaspace       used 6210K, capacity 7088K, committed 7296K, reserved 1056768K
  class space    used 602K, capacity 616K, committed 640K, reserved 1048576K
}
Event: 7.782 GC heap before
{Heap before GC invocations=6 (full 0):
 PSYoungGen      total 53248K, used 53217K [0x00000000eab00000, 0x00000000f2400000, 0x0000000100000000)
  eden space 49152K, 100% used [0x00000000eab00000,0x00000000edb00000,0x00000000edb00000)
  from space 4096K, 99% used [0x00000000edb00000,0x00000000edef85c0,0x00000000edf00000)
  to   space 12800K, 0% used [0x00000000f1780000,0x00000000f1780000,0x00000000f2400000)
 ParOldGen       total 65536K, used 16532K [0x00000000c0000000, 0x00000000c4000000, 0x00000000eab00000)
  object space 65536K, 25% used [0x00000000c0000000,0x00000000c10253f0,0x00000000c4000000)
 Metaspace       used 6308K, capacity 7152K, committed 7296K, reserved 1056768K
  class space    used 602K, capacity 616K, committed 640K, reserved 1048576K
Event: 7.941 GC heap after
Heap after GC invocations=6 (full 0):
 PSYoungGen      total 109056K, used 11725K [0x00000000eab00000, 0x00000000f2800000, 0x0000000100000000)
  eden space 96256K, 0% used [0x00000000eab00000,0x00000000eab00000,0x00000000f0900000)
  from space 12800K, 91% used [0x00000000f1780000,0x00000000f22f3528,0x00000000f2400000)
  to   space 14848K, 0% used [0x00000000f0900000,0x00000000f0900000,0x00000000f1780000)
 ParOldGen       total 65536K, used 16532K [0x00000000c0000000, 0x00000000c4000000, 0x00000000eab00000)
  object space 65536K, 25% used [0x00000000c0000000,0x00000000c10253f0,0x00000000c4000000)
 Metaspace       used 6308K, capacity 7152K, committed 7296K, reserved 1056768K
  class space    used 602K, capacity 616K, committed 640K, reserved 1048576K
}

Deoptimization events (10 events):
Event: 5.350 Thread 0x00000000564a9800 Uncommon trap: reason=unstable_if action=reinterpret pc=0x0000000002b9c4a8 method=com.android.dx.cf.code.Ropper.labelToResultIndex(I)I @ 34
Event: 5.463 Thread 0x000000000027f000 Uncommon trap: reason=unstable_if action=reinterpret pc=0x0000000002b4dc58 method=com.android.dx.rop.code.RegisterSpecSet.put(Lcom/android/dx/rop/code/RegisterSpec;)V @ 77
Event: 5.711 Thread 0x00000000564a4800 Uncommon trap: reason=bimorphic action=maybe_recompile pc=0x0000000002bafedc method=com.android.dx.cf.code.BytecodeArray.parseInstruction(ILcom/android/dx/cf/code/BytecodeArray$Visitor;)I @ 1130
Event: 5.712 Thread 0x00000000564a4800 Uncommon trap: reason=bimorphic action=maybe_recompile pc=0x0000000002bafedc method=com.android.dx.cf.code.BytecodeArray.parseInstruction(ILcom/android/dx/cf/code/BytecodeArray$Visitor;)I @ 1130
Event: 5.735 Thread 0x00000000564a8800 Uncommon trap: reason=unstable_if action=reinterpret pc=0x0000000002b1b0d0 method=com.android.dx.ssa.SCCP.simulateBranch(Lcom/android/dx/ssa/SsaInsn;)V @ 64
Event: 5.736 Thread 0x00000000564a8800 Uncommon trap: reason=unstable_if action=reinterpret pc=0x0000000002ba0068 method=com.android.dx.ssa.LiteralOpUpgrader$1.visitNonMoveInsn(Lcom/android/dx/ssa/NormalSsaInsn;)V @ 55
Event: 5.737 Thread 0x00000000564a8800 Uncommon trap: reason=unstable_if action=reinterpret pc=0x000000000293548c method=com.android.dx.ssa.SsaMethod.updateOneDefinition(Lcom/android/dx/ssa/SsaInsn;Lcom/android/dx/rop/code/RegisterSpec;)V @ 4
Event: 6.358 Thread 0x00000000564a9800 Uncommon trap: reason=null_check action=make_not_entrant pc=0x0000000002c2f678 method=com.android.dx.cf.code.Ropper$CatchInfo.getSetup(Lcom/android/dx/rop/type/Type;)Lcom/android/dx/cf/code/Ropper$ExceptionHandlerSetup; @ 10
Event: 6.921 Thread 0x00000000564a9800 Uncommon trap: reason=bimorphic action=maybe_recompile pc=0x0000000002b30ab0 method=java.util.HashMap.putVal(ILjava/lang/Object;Ljava/lang/Object;ZZ)Ljava/lang/Object; @ 203
Event: 6.935 Thread 0x00000000564a9800 Uncommon trap: reason=uninitialized action=reinterpret pc=0x0000000002baf908 method=com.android.dx.cf.code.BytecodeArray.parseInstruction(ILcom/android/dx/cf/code/BytecodeArray$Visitor;)I @ 1079

Internal exceptions (4 events):
Event: 0.103 Thread 0x000000000027f000 Exception <a 'java/lang/NoSuchMethodError': Method sun.misc.Unsafe.defineClass(Ljava/lang/String;[BII)Ljava/lang/Class; name or signature does not match> (0x00000000eab13090) thrown at [C:\workspace\8-2-build-windows-amd64-cygwin\jdk8u65\4987\hotspot\src\sýö¤Êß€º?
Event: 0.104 Thread 0x000000000027f000 Exception <a 'java/lang/NoSuchMethodError': Method sun.misc.Unsafe.prefetchRead(Ljava/lang/Object;J)V name or signature does not match> (0x00000000eab13378) thrown at [C:\workspace\8-2-build-windows-amd64-cygwin\jdk8u65\4987\hotspot\src\share\vm\prims\jni.8}&Êø€@
Event: 3.813 Thread 0x00000000564a9800 Implicit null exception at 0x0000000002856ca3 to 0x0000000002858d31
Event: 6.358 Thread 0x00000000564a9800 Implicit null exception at 0x0000000002c2ab64 to 0x0000000002c2f631

Events (10 events):
Event: 8.155 Thread 0x00000000564a4800 DEOPT PACKING pc=0x0000000002855f72 sp=0x0000000057aee710
Event: 8.155 Thread 0x00000000564a4800 DEOPT UNPACKING pc=0x00000000025e787f sp=0x0000000057aee458 mode 0
Event: 8.166 Thread 0x000000000027f000 DEOPT PACKING pc=0x0000000002af4637 sp=0x00000000022ce8f0
Event: 8.166 Thread 0x000000000027f000 DEOPT UNPACKING pc=0x00000000025e787f sp=0x00000000022ce650 mode 0
Event: 8.185 Thread 0x00000000564a4800 DEOPT PACKING pc=0x0000000002ac41b5 sp=0x0000000057aeea80
Event: 8.185 Thread 0x00000000564a4800 DEOPT UNPACKING pc=0x00000000025e787f sp=0x0000000057aee7d0 mode 0
Event: 8.185 Thread 0x00000000564a4800 DEOPT PACKING pc=0x0000000002ac47bb sp=0x0000000057aee900
Event: 8.185 Thread 0x00000000564a4800 DEOPT UNPACKING pc=0x00000000025e787f sp=0x0000000057aee648 mode 0
Event: 8.361 loading class com/android/dx/rop/code/RegisterSpec$1
Event: 8.361 loading class com/android/dx/rop/code/RegisterSpec$1 done


Dynamic libraries:
0x000000013fef0000 - 0x000000013ff27000 	C:\Program Files\Java\jdk1.8.0_65\bin\java.exe
0x0000000077a10000 - 0x0000000077bb9000 	C:\Windows\SYSTEM32\ntdll.dll
0x00000000777f0000 - 0x000000007790f000 	C:\Windows\system32\kernel32.dll
0x000007fefd800000 - 0x000007fefd86c000 	C:\Windows\system32\KERNELBASE.dll
0x000007feff940000 - 0x000007feffa1b000 	C:\Windows\system32\ADVAPI32.dll
0x000007feffc80000 - 0x000007feffd1f000 	C:\Windows\system32\msvcrt.dll
0x000007feffc60000 - 0x000007feffc7f000 	C:\Windows\SYSTEM32\sechost.dll
0x000007fefe210000 - 0x000007fefe33d000 	C:\Windows\system32\RPCRT4.dll
0x0000000077910000 - 0x0000000077a0a000 	C:\Windows\system32\USER32.dll
0x000007fefe760000 - 0x000007fefe7c7000 	C:\Windows\system32\GDI32.dll
0x000007feff5e0000 - 0x000007feff5ee000 	C:\Windows\system32\LPK.dll
0x000007feff870000 - 0x000007feff939000 	C:\Windows\system32\USP10.dll
0x000007fefcf90000 - 0x000007fefd184000 	C:\Windows\WinSxS\amd64_microsoft.windows.common-controls_6595b64144ccf1df_6.0.7601.18837_none_fa3b1e3d17594757\COMCTL32.dll
0x000007fefe7d0000 - 0x000007fefe841000 	C:\Windows\system32\SHLWAPI.dll
0x000007fefdde0000 - 0x000007fefde0e000 	C:\Windows\system32\IMM32.DLL
0x000007fefde10000 - 0x000007fefdf19000 	C:\Windows\system32\MSCTF.dll
0x000007fefd6f0000 - 0x000007fefd721000 	C:\Windows\system32\nvinitx.dll
0x000007fefd6e0000 - 0x000007fefd6ec000 	C:\Windows\system32\VERSION.dll
0x000007fefa4c0000 - 0x000007fefa53e000 	C:\Windows\system32\NV\igdumd64.dll
0x000007fefdb80000 - 0x000007fefdd57000 	C:\Windows\system32\SETUPAPI.dll
0x000007fefd8d0000 - 0x000007fefd906000 	C:\Windows\system32\CFGMGR32.dll
0x000007fefdf20000 - 0x000007fefdff7000 	C:\Windows\system32\OLEAUT32.dll
0x000007fefe000000 - 0x000007fefe203000 	C:\Windows\system32\ole32.dll
0x000007fefd930000 - 0x000007fefd94a000 	C:\Windows\system32\DEVOBJ.dll
0x000007fefa3a0000 - 0x000007fefa41e000 	C:\Windows\system32\NV\igd10umd64.dll
0x000000005bb10000 - 0x000000005bbe2000 	C:\Program Files\Java\jdk1.8.0_65\jre\bin\msvcr100.dll
0x000000005c000000 - 0x000000005c889000 	C:\Program Files\Java\jdk1.8.0_65\jre\bin\server\jvm.dll
0x000007fef7290000 - 0x000007fef7299000 	C:\Windows\system32\WSOCK32.dll
0x000007fefe440000 - 0x000007fefe48d000 	C:\Windows\system32\WS2_32.dll
0x000007feffbb0000 - 0x000007feffbb8000 	C:\Windows\system32\NSI.dll
0x000007fefa360000 - 0x000007fefa39b000 	C:\Windows\system32\WINMM.dll
0x0000000077be0000 - 0x0000000077be7000 	C:\Windows\system32\PSAPI.DLL
0x00000000730b0000 - 0x00000000730bf000 	C:\Program Files\Java\jdk1.8.0_65\jre\bin\verify.dll
0x0000000073080000 - 0x00000000730a9000 	C:\Program Files\Java\jdk1.8.0_65\jre\bin\java.dll
0x0000000073060000 - 0x0000000073076000 	C:\Program Files\Java\jdk1.8.0_65\jre\bin\zip.dll
0x000007fefe850000 - 0x000007feff5d9000 	C:\Windows\system32\SHELL32.dll
0x000007fefd7c0000 - 0x000007fefd7cf000 	C:\Windows\system32\profapi.dll

VM Arguments:
jvm_args: -Djava.awt.headless=true -Xmx1024M -Dfile.encoding=windows-1250 -Duser.country=US -Duser.language=en -Duser.variant 
java_command: com.android.dx.command.Main --dex --force-jumbo --num-threads=4 --multi-dex --output D:\projekti-programi\android_studio\HZJ\app\build\intermediates\transforms\dex\debug\folders\1000\10\com.android.support-support-v4-23.4.0_a6bf7b99cd906e26cc88f4a2fed27e985c08df20 D:\projekti-programi\android_studio\HZJ\app\build\intermediates\exploded-aar\com.android.support\support-v4\23.4.0\jars\classes.jar
java_class_path (initial): C:\Users\ANTE\AppData\Local\Android\sdk\build-tools\23.0.3\lib\dx.jar
Launcher Type: SUN_STANDARD

Environment Variables:
PATH=C:\oraclexe\app\oracle\product\11.2.0\server\bin;;C:\ProgramData\Oracle\Java\javapath;C:\Perl64\site\bin;C:\Perl64\bin;C:\Python\Python27\;C:\Python\Python27\Scripts;C:\PROGRAM FILES (X86)\AMD APP\BIN\X86_64;C:\PROGRAM FILES (X86)\AMD APP\BIN\X86;C:\Windows\SYSTEM32;C:\Windows;C:\Windows\SYSTEM32\WBEM;C:\Windows\SYSTEM32\WINDOWSPOWERSHELL\V1.0\;C:\PROGRAM FILES\INTEL\WIFI\BIN\;C:\PROGRAM FILES\COMMON FILES\INTEL\WIRELESSCOMMON\;C:\PROGRAM FILES\LENOVO\BLUETOOTH SOFTWARE\;C:\PROGRAM FILES\LENOVO\BLUETOOTH SOFTWARE\SYSWOW64;C:\Program Files (x86)\Intel\OpenCL SDK\1.5\bin\x86;C:\Program Files (x86)\Intel\OpenCL SDK\1.5\bin\x64;C:\Program Files (x86)\NVIDIA Corporation\PhysX\Common;C:\Program Files (x86)\Windows Kits\8.1\Windows Performance Toolkit\;C:\Program Files\Microsoft SQL Server\110\Tools\Binn\;C:\Program Files\Microsoft SQL Server\110\DTS\Binn\;C:\Program Files (x86)\Microsoft SQL Server\110\Tools\Binn\;C:\Program Files (x86)\Microsoft SQL Server\110\Tools\Binn\ManagementStudio\;C:\Program Files (x86)\Microsoft Visual Studio 10.0\Common7\IDE\PrivateAssemblies\;C:\Program Files (x86)\Microsoft SQL Server\110\DTS\Binn\;C:\Program Files (x86)\QuickTime\QTSystem\;C:\Program Files (x86)\Microsoft SDKs\TypeScript\1.0\;C:\Program Files\Microsoft SQL Server\120\Tools\Binn\;C:\Program Files (x86)\Skype\Phone\;C:\Program Files (x86)\GtkSharp\2.12\bin;C:\Program Files\Microsoft\Web Platform Installer\;C:\Program Files\MATLAB\MATLAB Production Server\R2015a\runtime\win64;C:\Program Files\MATLAB\MATLAB Production Server\R2015a\bin;C:\Program Files\MATLAB\MATLAB Production Server\R2015a\polyspace\bin;C:\RailsInstaller\Git\cmd;C:\RailsInstaller\Ruby2.1.0\bin;C:\Program Files\Intel\WiFi\bin\;C:\Program Files\Common Files\Intel\WirelessCommon\;C:\Modeltech_pe_edu_10.4a\win32pe_edu
USERNAME=ANTE
OS=Windows_NT
PROCESSOR_IDENTIFIER=Intel64 Family 6 Model 42 Stepping 7, GenuineIntel



---------------  S Y S T E M  ---------------

OS: Windows 7 , 64 bit Build 7601 (6.1.7601.18869)

CPU:total 4 (2 cores per cpu, 2 threads per core) family 6 model 42 stepping 7, cmov, cx8, fxsr, mmx, sse, sse2, sse3, ssse3, sse4.1, sse4.2, popcnt, avx, aes, clmul, ht, tsc, tscinvbit

Memory: 4k page, physical 6233968k(470068k free), swap 16171908k(5100k free)

vm_info: Java HotSpot(TM) 64-Bit Server VM (25.65-b01) for windows-amd64 JRE (1.8.0_65-b17), built on Oct  6 2015 16:39:20 by "java_re" with MS VC++ 10.0 (VS2010)

time: Sat May 21 04:09:37 2016
elapsed time: 8 seconds (0d 0h 0m 8s)

