#
# There is insufficient memory for the Java Runtime Environment to continue.
# Native memory allocation (malloc) failed to allocate 745776 bytes for Chunk::new
# Possible reasons:
#   The system is out of physical RAM or swap space
#   In 32 bit mode, the process size limit was hit
# Possible solutions:
#   Reduce memory load on the system
#   Increase physical memory or swap space
#   Check if swap backing store is full
#   Use 64 bit Java on a 64 bit OS
#   Decrease Java heap size (-Xmx/-Xms)
#   Decrease number of Java threads
#   Decrease Java thread stack sizes (-Xss)
#   Set larger code cache with -XX:ReservedCodeCacheSize=
# This output file may be truncated or incomplete.
#
#  Out of Memory Error (allocation.cpp:390), pid=302144, tid=300900
#
# JRE version: Java(TM) SE Runtime Environment (8.0_65-b17) (build 1.8.0_65-b17)
# Java VM: Java HotSpot(TM) 64-Bit Server VM (25.65-b01 mixed mode windows-amd64 compressed oops)
# Failed to write core dump. Minidumps are not enabled by default on client versions of Windows
#

---------------  T H R E A D  ---------------

Current thread (0x00000000563d3000):  JavaThread "C2 CompilerThread0" daemon [_thread_in_native, id=300900, stack(0x0000000056a10000,0x0000000056b10000)]

Stack: [0x0000000056a10000,0x0000000056b10000]
[error occurred during error reporting (printing stack bounds), id 0xc0000005]

Native frames: (J=compiled Java code, j=interpreted, Vv=VM code, C=native code)


Current CompileTask:
C2:   8397 1449       4       com.android.dx.rop.code.Rops::ropFor (771 bytes)


---------------  P R O C E S S  ---------------

Java Threads: ( => current thread )
  0x0000000056654000 JavaThread "pool-1-thread-4" [_thread_blocked, id=302096, stack(0x0000000056e50000,0x0000000056f50000)]
  0x0000000056642000 JavaThread "pool-1-thread-3" [_thread_blocked, id=304808, stack(0x0000000057820000,0x0000000057920000)]
  0x0000000056630800 JavaThread "pool-1-thread-2" [_thread_blocked, id=304560, stack(0x0000000057650000,0x0000000057750000)]
  0x0000000056681800 JavaThread "pool-2-thread-1" [_thread_blocked, id=303908, stack(0x00000000574c0000,0x00000000575c0000)]
  0x0000000056680800 JavaThread "pool-1-thread-1" [_thread_blocked, id=304164, stack(0x00000000572e0000,0x00000000573e0000)]
  0x0000000056451800 JavaThread "Service Thread" daemon [_thread_blocked, id=1564, stack(0x0000000056f70000,0x0000000057070000)]
  0x00000000563d8000 JavaThread "C1 CompilerThread2" daemon [_thread_blocked, id=303048, stack(0x0000000056d20000,0x0000000056e20000)]
  0x00000000563d7000 JavaThread "C2 CompilerThread1" daemon [_thread_in_vm, id=295820, stack(0x0000000056b60000,0x0000000056c60000)]
=>0x00000000563d3000 JavaThread "C2 CompilerThread0" daemon [_thread_in_native, id=300900, stack(0x0000000056a10000,0x0000000056b10000)]
  0x00000000563d0800 JavaThread "Attach Listener" daemon [_thread_blocked, id=302908, stack(0x0000000056860000,0x0000000056960000)]
  0x0000000054ea0000 JavaThread "Signal Dispatcher" daemon [_thread_blocked, id=304476, stack(0x0000000055d90000,0x0000000055e90000)]
  0x0000000054e42000 JavaThread "Finalizer" daemon [_thread_blocked, id=302964, stack(0x00000000562d0000,0x00000000563d0000)]
  0x0000000054e40800 JavaThread "Reference Handler" daemon [_thread_blocked, id=303688, stack(0x0000000056110000,0x0000000056210000)]
  0x0000000001e8f000 JavaThread "main" [_thread_blocked, id=303200, stack(0x0000000002110000,0x0000000002210000)]

Other Threads:
  0x0000000054e3b000 VMThread [stack: 0x0000000055f10000,0x0000000056010000] [id=305000]
  0x000000005646f000 WatcherThread [stack: 0x0000000057150000,0x0000000057250000] [id=304000]

VM state:not at safepoint (normal execution)

VM Mutex/Monitor currently owned by a thread: None

Heap:
 PSYoungGen      total 53248K, used 13450K [0x00000000eab00000, 0x00000000ee300000, 0x0000000100000000)
  eden space 49152K, 19% used [0x00000000eab00000,0x00000000eb42a458,0x00000000edb00000)
  from space 4096K, 99% used [0x00000000edf00000,0x00000000ee2f8568,0x00000000ee300000)
  to   space 4096K, 0% used [0x00000000edb00000,0x00000000edb00000,0x00000000edf00000)
 ParOldGen       total 65536K, used 3833K [0x00000000c0000000, 0x00000000c4000000, 0x00000000eab00000)
  object space 65536K, 5% used [0x00000000c0000000,0x00000000c03be740,0x00000000c4000000)
 Metaspace       used 6141K, capacity 7024K, committed 7296K, reserved 1056768K
  class space    used 602K, capacity 616K, committed 640K, reserved 1048576K

Card table byte_map: [0x00000000118a0000,0x0000000011ab0000] byte_map_base: 0x00000000112a0000

Marking Bits: (ParMarkBitMap*) 0x000000007070a5b0
 Begin Bits: [0x00000000122b0000, 0x00000000132b0000)
 End Bits:   [0x00000000132b0000, 0x00000000142b0000)

Polling page: 0x0000000000140000

CodeCache: size=245760Kb used=6577Kb max_used=6592Kb free=239182Kb
 bounds [0x00000000024e0000, 0x0000000002b60000, 0x00000000114e0000]
 total_blobs=1738 nmethods=1469 adapters=182
 compilation: enabled

Compilation events (10 events):
Event: 8.339 Thread 0x00000000563d8000 nmethod 1477 0x0000000002b33150 code [0x0000000002b332a0, 0x0000000002b333d0]
Event: 8.342 Thread 0x00000000563d8000 1478       3       java.util.Collections::unmodifiableCollection (9 bytes)
Event: 8.343 Thread 0x00000000563d8000 nmethod 1478 0x0000000002b32b10 code [0x0000000002b32ca0, 0x0000000002b32fe8]
Event: 8.343 Thread 0x00000000563d8000 1479       3       java.util.HashMap$HashIterator::nextNode (100 bytes)
Event: 8.344 Thread 0x00000000563d8000 nmethod 1479 0x0000000002b32250 code [0x0000000002b32400, 0x0000000002b328d8]
Event: 8.345 Thread 0x00000000563d7000 1480       4       java.lang.StringBuilder::append (8 bytes)
Event: 8.353 Thread 0x00000000563d7000 nmethod 1480 0x0000000002b30450 code [0x0000000002b305a0, 0x0000000002b30958]
Event: 8.353 Thread 0x00000000563d7000 1481       4       java.util.HashMap::getNode (148 bytes)
Event: 8.356 Thread 0x00000000563d7000 nmethod 1481 0x0000000002b2d6d0 code [0x0000000002b2d820, 0x0000000002b2da58]
Event: 8.356 Thread 0x00000000563d7000 1482       4       com.android.dx.dex.code.RopToDop::dopFor (792 bytes)

GC Heap History (4 events):
Event: 2.361 GC heap before
{Heap before GC invocations=1 (full 0):
 PSYoungGen      total 28672K, used 24576K [0x00000000eab00000, 0x00000000ecb00000, 0x0000000100000000)
  eden space 24576K, 100% used [0x00000000eab00000,0x00000000ec300000,0x00000000ec300000)
  from space 4096K, 0% used [0x00000000ec700000,0x00000000ec700000,0x00000000ecb00000)
  to   space 4096K, 0% used [0x00000000ec300000,0x00000000ec300000,0x00000000ec700000)
 ParOldGen       total 65536K, used 0K [0x00000000c0000000, 0x00000000c4000000, 0x00000000eab00000)
  object space 65536K, 0% used [0x00000000c0000000,0x00000000c0000000,0x00000000c4000000)
 Metaspace       used 5913K, capacity 6832K, committed 7040K, reserved 1056768K
  class space    used 599K, capacity 616K, committed 640K, reserved 1048576K
Event: 2.436 GC heap after
Heap after GC invocations=1 (full 0):
 PSYoungGen      total 28672K, used 4073K [0x00000000eab00000, 0x00000000ee300000, 0x0000000100000000)
  eden space 24576K, 0% used [0x00000000eab00000,0x00000000eab00000,0x00000000ec300000)
  from space 4096K, 99% used [0x00000000ec300000,0x00000000ec6fa4a0,0x00000000ec700000)
  to   space 4096K, 0% used [0x00000000edf00000,0x00000000edf00000,0x00000000ee300000)
 ParOldGen       total 65536K, used 829K [0x00000000c0000000, 0x00000000c4000000, 0x00000000eab00000)
  object space 65536K, 1% used [0x00000000c0000000,0x00000000c00cf7b8,0x00000000c4000000)
 Metaspace       used 5913K, capacity 6832K, committed 7040K, reserved 1056768K
  class space    used 599K, capacity 616K, committed 640K, reserved 1048576K
}
Event: 6.883 GC heap before
{Heap before GC invocations=2 (full 0):
 PSYoungGen      total 28672K, used 28649K [0x00000000eab00000, 0x00000000ee300000, 0x0000000100000000)
  eden space 24576K, 100% used [0x00000000eab00000,0x00000000ec300000,0x00000000ec300000)
  from space 4096K, 99% used [0x00000000ec300000,0x00000000ec6fa4a0,0x00000000ec700000)
  to   space 4096K, 0% used [0x00000000edf00000,0x00000000edf00000,0x00000000ee300000)
 ParOldGen       total 65536K, used 829K [0x00000000c0000000, 0x00000000c4000000, 0x00000000eab00000)
  object space 65536K, 1% used [0x00000000c0000000,0x00000000c00cf7b8,0x00000000c4000000)
 Metaspace       used 6133K, capacity 7024K, committed 7296K, reserved 1056768K
  class space    used 602K, capacity 616K, committed 640K, reserved 1048576K
Event: 7.270 GC heap after
Heap after GC invocations=2 (full 0):
 PSYoungGen      total 53248K, used 4065K [0x00000000eab00000, 0x00000000ee300000, 0x0000000100000000)
  eden space 49152K, 0% used [0x00000000eab00000,0x00000000eab00000,0x00000000edb00000)
  from space 4096K, 99% used [0x00000000edf00000,0x00000000ee2f8568,0x00000000ee300000)
  to   space 4096K, 0% used [0x00000000edb00000,0x00000000edb00000,0x00000000edf00000)
 ParOldGen       total 65536K, used 3833K [0x00000000c0000000, 0x00000000c4000000, 0x00000000eab00000)
  object space 65536K, 5% used [0x00000000c0000000,0x00000000c03be740,0x00000000c4000000)
 Metaspace       used 6133K, capacity 7024K, committed 7296K, reserved 1056768K
  class space    used 602K, capacity 616K, committed 640K, reserved 1048576K
}

Deoptimization events (10 events):
Event: 5.799 Thread 0x0000000056654000 Uncommon trap: reason=unstable_if action=reinterpret pc=0x0000000002a60cbc method=com.android.dx.ssa.LocalVariableExtractor.processBlock(I)V @ 77
Event: 5.800 Thread 0x0000000056654000 Uncommon trap: reason=unstable_if action=reinterpret pc=0x0000000002a23a0c method=com.android.dx.util.LabeledList.set(ILcom/android/dx/util/LabeledItem;)V @ 16
Event: 5.852 Thread 0x0000000056630800 Uncommon trap: reason=unstable_if action=reinterpret pc=0x000000000289309c method=com.android.dx.rop.code.RegisterSpecSet.put(Lcom/android/dx/rop/code/RegisterSpec;)V @ 77
Event: 5.852 Thread 0x0000000056630800 Uncommon trap: reason=unstable_if action=reinterpret pc=0x00000000028b3788 method=com.android.dx.rop.code.RegisterSpecSet.put(Lcom/android/dx/rop/code/RegisterSpec;)V @ 77
Event: 7.274 Thread 0x0000000056654000 Uncommon trap: reason=bimorphic action=maybe_recompile pc=0x000000000294ab5c method=java.util.HashMap.getNode(ILjava/lang/Object;)Ljava/util/HashMap$Node; @ 126
Event: 7.274 Thread 0x0000000056654000 Uncommon trap: reason=bimorphic action=maybe_recompile pc=0x000000000294ab5c method=java.util.HashMap.getNode(ILjava/lang/Object;)Ljava/util/HashMap$Node; @ 126
Event: 7.496 Thread 0x0000000056630800 Uncommon trap: reason=unstable_if action=reinterpret pc=0x0000000002aadd0c method=com.android.dx.rop.code.RegisterSpec.equals(ILcom/android/dx/rop/type/TypeBearer;Lcom/android/dx/rop/code/LocalItem;)Z @ 42
Event: 7.797 Thread 0x0000000056630800 Uncommon trap: reason=unstable_if action=reinterpret pc=0x0000000002a2e7e0 method=com.android.dx.ssa.LiteralOpUpgrader$1.visitNonMoveInsn(Lcom/android/dx/ssa/NormalSsaInsn;)V @ 176
Event: 7.823 Thread 0x0000000056654000 Uncommon trap: reason=bimorphic action=maybe_recompile pc=0x000000000294ab5c method=java.util.HashMap.getNode(ILjava/lang/Object;)Ljava/util/HashMap$Node; @ 126
Event: 7.823 Thread 0x0000000056654000 Uncommon trap: reason=bimorphic action=maybe_recompile pc=0x000000000294ab5c method=java.util.HashMap.getNode(ILjava/lang/Object;)Ljava/util/HashMap$Node; @ 126

Internal exceptions (4 events):
Event: 0.114 Thread 0x0000000001e8f000 Exception <a 'java/lang/NoSuchMethodError': Method sun.misc.Unsafe.defineClass(Ljava/lang/String;[BII)Ljava/lang/Class; name or signature does not match> (0x00000000eab12e88) thrown at [C:\workspace\8-2-build-windows-amd64-cygwin\jdk8u65\4987\hotspot\src\soùr6Ã½?
Event: 0.114 Thread 0x0000000001e8f000 Exception <a 'java/lang/NoSuchMethodError': Method sun.misc.Unsafe.prefetchRead(Ljava/lang/Object;J)V name or signature does not match> (0x00000000eab13170) thrown at [C:\workspace\8-2-build-windows-amd64-cygwin\jdk8u65\4987\hotspot\src\share\vm\prims\jni.¡•ƒyÏ@
Event: 3.476 Thread 0x0000000056642000 Implicit null exception at 0x0000000002938092 to 0x0000000002938182
Event: 4.378 Thread 0x0000000056630800 Implicit null exception at 0x0000000002822ade to 0x0000000002824331

Events (10 events):
Event: 7.496 Thread 0x0000000056630800 DEOPT UNPACKING pc=0x000000000252582a sp=0x000000005774e928 mode 2
Event: 7.797 Thread 0x0000000056630800 Uncommon trap: trap_request=0xffffff65 fr.pc=0x0000000002a2e7e0
Event: 7.797 Thread 0x0000000056630800 DEOPT PACKING pc=0x0000000002a2e7e0 sp=0x000000005774e9a0
Event: 7.797 Thread 0x0000000056630800 DEOPT UNPACKING pc=0x000000000252582a sp=0x000000005774e9a0 mode 2
Event: 7.823 Thread 0x0000000056654000 Uncommon trap: trap_request=0xffffffc6 fr.pc=0x000000000294ab5c
Event: 7.823 Thread 0x0000000056654000 DEOPT PACKING pc=0x000000000294ab5c sp=0x0000000056f4e670
Event: 7.823 Thread 0x0000000056654000 DEOPT UNPACKING pc=0x000000000252582a sp=0x0000000056f4e5f0 mode 2
Event: 7.823 Thread 0x0000000056654000 Uncommon trap: trap_request=0xffffffc6 fr.pc=0x000000000294ab5c
Event: 7.823 Thread 0x0000000056654000 DEOPT PACKING pc=0x000000000294ab5c sp=0x0000000056f4e670
Event: 7.823 Thread 0x0000000056654000 DEOPT UNPACKING pc=0x000000000252582a sp=0x0000000056f4e5f0 mode 2


Dynamic libraries:
0x000000013fb40000 - 0x000000013fb77000 	C:\Program Files\Java\jdk1.8.0_65\bin\java.exe
0x0000000077a10000 - 0x0000000077bb9000 	C:\Windows\SYSTEM32\ntdll.dll
0x00000000777f0000 - 0x000000007790f000 	C:\Windows\system32\kernel32.dll
0x000007fefd800000 - 0x000007fefd86c000 	C:\Windows\system32\KERNELBASE.dll
0x000007feff940000 - 0x000007feffa1b000 	C:\Windows\system32\ADVAPI32.dll
0x000007feffc80000 - 0x000007feffd1f000 	C:\Windows\system32\msvcrt.dll
0x000007feffc60000 - 0x000007feffc7f000 	C:\Windows\SYSTEM32\sechost.dll
0x000007fefe210000 - 0x000007fefe33d000 	C:\Windows\system32\RPCRT4.dll
0x0000000077910000 - 0x0000000077a0a000 	C:\Windows\system32\USER32.dll
0x000007fefe760000 - 0x000007fefe7c7000 	C:\Windows\system32\GDI32.dll
0x000007feff5e0000 - 0x000007feff5ee000 	C:\Windows\system32\LPK.dll
0x000007feff870000 - 0x000007feff939000 	C:\Windows\system32\USP10.dll
0x000007fefcf90000 - 0x000007fefd184000 	C:\Windows\WinSxS\amd64_microsoft.windows.common-controls_6595b64144ccf1df_6.0.7601.18837_none_fa3b1e3d17594757\COMCTL32.dll
0x000007fefe7d0000 - 0x000007fefe841000 	C:\Windows\system32\SHLWAPI.dll
0x000007fefdde0000 - 0x000007fefde0e000 	C:\Windows\system32\IMM32.DLL
0x000007fefde10000 - 0x000007fefdf19000 	C:\Windows\system32\MSCTF.dll
0x000007fefd6f0000 - 0x000007fefd721000 	C:\Windows\system32\nvinitx.dll
0x000007fefd6e0000 - 0x000007fefd6ec000 	C:\Windows\system32\VERSION.dll
0x000007fefa4c0000 - 0x000007fefa53e000 	C:\Windows\system32\NV\igdumd64.dll
0x000007fefdb80000 - 0x000007fefdd57000 	C:\Windows\system32\SETUPAPI.dll
0x000007fefd8d0000 - 0x000007fefd906000 	C:\Windows\system32\CFGMGR32.dll
0x000007fefdf20000 - 0x000007fefdff7000 	C:\Windows\system32\OLEAUT32.dll
0x000007fefe000000 - 0x000007fefe203000 	C:\Windows\system32\ole32.dll
0x000007fefd930000 - 0x000007fefd94a000 	C:\Windows\system32\DEVOBJ.dll
0x000007fefa3a0000 - 0x000007fefa41e000 	C:\Windows\system32\NV\igd10umd64.dll
0x0000000061a70000 - 0x0000000061b42000 	C:\Program Files\Java\jdk1.8.0_65\jre\bin\msvcr100.dll
0x000000006ff00000 - 0x0000000070789000 	C:\Program Files\Java\jdk1.8.0_65\jre\bin\server\jvm.dll
0x000007fef7290000 - 0x000007fef7299000 	C:\Windows\system32\WSOCK32.dll
0x000007fefe440000 - 0x000007fefe48d000 	C:\Windows\system32\WS2_32.dll
0x000007feffbb0000 - 0x000007feffbb8000 	C:\Windows\system32\NSI.dll
0x000007fefa360000 - 0x000007fefa39b000 	C:\Windows\system32\WINMM.dll
0x0000000077be0000 - 0x0000000077be7000 	C:\Windows\system32\PSAPI.DLL
0x0000000073110000 - 0x000000007311f000 	C:\Program Files\Java\jdk1.8.0_65\jre\bin\verify.dll
0x0000000073090000 - 0x00000000730b9000 	C:\Program Files\Java\jdk1.8.0_65\jre\bin\java.dll
0x0000000073070000 - 0x0000000073086000 	C:\Program Files\Java\jdk1.8.0_65\jre\bin\zip.dll
0x000007fefe850000 - 0x000007feff5d9000 	C:\Windows\system32\SHELL32.dll
0x000007fefd7c0000 - 0x000007fefd7cf000 	C:\Windows\system32\profapi.dll

VM Arguments:
jvm_args: -Djava.awt.headless=true -Xmx1024M -Dfile.encoding=windows-1250 -Duser.country=US -Duser.language=en -Duser.variant 
java_command: com.android.dx.command.Main --dex --force-jumbo --num-threads=4 --output D:\projekti-programi\android_studio\HZJ\app\build\intermediates\pre-dexed\debug\com.android.support-design-23.4.0_94c86368170a7ef5e82ba7f3ad4f2510c02561eb.jar D:\projekti-programi\android_studio\HZJ\app\build\intermediates\exploded-aar\com.android.support\design\23.4.0\jars\classes.jar
java_class_path (initial): C:\Users\ANTE\AppData\Local\Android\sdk\build-tools\23.0.3\lib\dx.jar
Launcher Type: SUN_STANDARD

Environment Variables:
PATH=C:\oraclexe\app\oracle\product\11.2.0\server\bin;;C:\ProgramData\Oracle\Java\javapath;C:\Perl64\site\bin;C:\Perl64\bin;C:\Python\Python27\;C:\Python\Python27\Scripts;C:\PROGRAM FILES (X86)\AMD APP\BIN\X86_64;C:\PROGRAM FILES (X86)\AMD APP\BIN\X86;C:\Windows\SYSTEM32;C:\Windows;C:\Windows\SYSTEM32\WBEM;C:\Windows\SYSTEM32\WINDOWSPOWERSHELL\V1.0\;C:\PROGRAM FILES\INTEL\WIFI\BIN\;C:\PROGRAM FILES\COMMON FILES\INTEL\WIRELESSCOMMON\;C:\PROGRAM FILES\LENOVO\BLUETOOTH SOFTWARE\;C:\PROGRAM FILES\LENOVO\BLUETOOTH SOFTWARE\SYSWOW64;C:\Program Files (x86)\Intel\OpenCL SDK\1.5\bin\x86;C:\Program Files (x86)\Intel\OpenCL SDK\1.5\bin\x64;C:\Program Files (x86)\NVIDIA Corporation\PhysX\Common;C:\Program Files (x86)\Windows Kits\8.1\Windows Performance Toolkit\;C:\Program Files\Microsoft SQL Server\110\Tools\Binn\;C:\Program Files\Microsoft SQL Server\110\DTS\Binn\;C:\Program Files (x86)\Microsoft SQL Server\110\Tools\Binn\;C:\Program Files (x86)\Microsoft SQL Server\110\Tools\Binn\ManagementStudio\;C:\Program Files (x86)\Microsoft Visual Studio 10.0\Common7\IDE\PrivateAssemblies\;C:\Program Files (x86)\Microsoft SQL Server\110\DTS\Binn\;C:\Program Files (x86)\QuickTime\QTSystem\;C:\Program Files (x86)\Microsoft SDKs\TypeScript\1.0\;C:\Program Files\Microsoft SQL Server\120\Tools\Binn\;C:\Program Files (x86)\Skype\Phone\;C:\Program Files (x86)\GtkSharp\2.12\bin;C:\Program Files\Microsoft\Web Platform Installer\;C:\Program Files\MATLAB\MATLAB Production Server\R2015a\runtime\win64;C:\Program Files\MATLAB\MATLAB Production Server\R2015a\bin;C:\Program Files\MATLAB\MATLAB Production Server\R2015a\polyspace\bin;C:\RailsInstaller\Git\cmd;C:\RailsInstaller\Ruby2.1.0\bin;C:\Program Files\Intel\WiFi\bin\;C:\Program Files\Common Files\Intel\WirelessCommon\;C:\Modeltech_pe_edu_10.4a\win32pe_edu
USERNAME=ANTE
OS=Windows_NT
PROCESSOR_IDENTIFIER=Intel64 Family 6 Model 42 Stepping 7, GenuineIntel



---------------  S Y S T E M  ---------------

OS: Windows 7 , 64 bit Build 7601 (6.1.7601.18869)

CPU:total 4 (2 cores per cpu, 2 threads per core) family 6 model 42 stepping 7, cmov, cx8, fxsr, mmx, sse, sse2, sse3, ssse3, sse4.1, sse4.2, popcnt, avx, aes, clmul, ht, tsc, tscinvbit

Memory: 4k page, physical 6233968k(84460k free), swap 16171908k(5228k free)

vm_info: Java HotSpot(TM) 64-Bit Server VM (25.65-b01) for windows-amd64 JRE (1.8.0_65-b17), built on Oct  6 2015 16:39:20 by "java_re" with MS VC++ 10.0 (VS2010)

time: Thu May 19 00:33:49 2016
elapsed time: 8 seconds (0d 0h 0m 8s)

