#
# There is insufficient memory for the Java Runtime Environment to continue.
# Native memory allocation (malloc) failed to allocate 749136 bytes for Chunk::new
# Possible reasons:
#   The system is out of physical RAM or swap space
#   In 32 bit mode, the process size limit was hit
# Possible solutions:
#   Reduce memory load on the system
#   Increase physical memory or swap space
#   Check if swap backing store is full
#   Use 64 bit Java on a 64 bit OS
#   Decrease Java heap size (-Xmx/-Xms)
#   Decrease number of Java threads
#   Decrease Java thread stack sizes (-Xss)
#   Set larger code cache with -XX:ReservedCodeCacheSize=
# This output file may be truncated or incomplete.
#
#  Out of Memory Error (allocation.cpp:390), pid=321884, tid=322384
#
# JRE version: Java(TM) SE Runtime Environment (8.0_65-b17) (build 1.8.0_65-b17)
# Java VM: Java HotSpot(TM) 64-Bit Server VM (25.65-b01 mixed mode windows-amd64 compressed oops)
# Failed to write core dump. Minidumps are not enabled by default on client versions of Windows
#

---------------  T H R E A D  ---------------

Current thread (0x0000000056006000):  JavaThread "C2 CompilerThread1" daemon [_thread_in_native, id=322384, stack(0x00000000569b0000,0x0000000056ab0000)]

Stack: [0x00000000569b0000,0x0000000056ab0000]
[error occurred during error reporting (printing stack bounds), id 0xc0000005]

Native frames: (J=compiled Java code, j=interpreted, Vv=VM code, C=native code)


Current CompileTask:
C2:   3774 1162       4       com.android.dx.ssa.NormalSsaInsn::accept (25 bytes)


---------------  P R O C E S S  ---------------

Java Threads: ( => current thread )
  0x0000000056286000 JavaThread "pool-2-thread-4" [_thread_in_Java, id=322136, stack(0x00000000573d0000,0x00000000574d0000)]
  0x000000005627f000 JavaThread "pool-2-thread-3" [_thread_blocked, id=322296, stack(0x00000000572d0000,0x00000000573d0000)]
  0x0000000056168800 JavaThread "pool-2-thread-2" [_thread_in_Java, id=321996, stack(0x0000000056e60000,0x0000000056f60000)]
  0x0000000056166000 JavaThread "pool-3-thread-1" [_thread_blocked, id=322264, stack(0x0000000057170000,0x0000000057270000)]
  0x0000000056165000 JavaThread "pool-2-thread-1" [_thread_in_Java, id=321988, stack(0x0000000056f90000,0x0000000057090000)]
  0x0000000056057800 JavaThread "Service Thread" daemon [_thread_blocked, id=322108, stack(0x0000000056c10000,0x0000000056d10000)]
  0x0000000056007000 JavaThread "C1 CompilerThread2" daemon [_thread_in_native, id=322072, stack(0x0000000056440000,0x0000000056540000)]
=>0x0000000056006000 JavaThread "C2 CompilerThread1" daemon [_thread_in_native, id=322384, stack(0x00000000569b0000,0x0000000056ab0000)]
  0x0000000056002800 JavaThread "C2 CompilerThread0" daemon [_thread_in_native, id=311408, stack(0x0000000056890000,0x0000000056990000)]
  0x0000000054dc1000 JavaThread "Attach Listener" daemon [_thread_blocked, id=322048, stack(0x0000000056740000,0x0000000056840000)]
  0x0000000054dbf800 JavaThread "Signal Dispatcher" daemon [_thread_blocked, id=322192, stack(0x00000000565f0000,0x00000000566f0000)]
  0x0000000054d62000 JavaThread "Finalizer" daemon [_thread_blocked, id=322508, stack(0x0000000055f00000,0x0000000056000000)]
  0x0000000054d60800 JavaThread "Reference Handler" daemon [_thread_blocked, id=322088, stack(0x0000000055d20000,0x0000000055e20000)]
  0x0000000001e1f000 JavaThread "main" [_thread_in_Java, id=321792, stack(0x0000000002140000,0x0000000002240000)]

Other Threads:
  0x0000000054d5b000 VMThread [stack: 0x0000000055c00000,0x0000000055d00000] [id=322472]
  0x000000005606b800 WatcherThread [stack: 0x0000000056d30000,0x0000000056e30000] [id=321588]

VM state:not at safepoint (normal execution)

VM Mutex/Monitor currently owned by a thread: None

Heap:
 PSYoungGen      total 28672K, used 26463K [0x00000000eab00000, 0x00000000ee300000, 0x0000000100000000)
  eden space 24576K, 91% used [0x00000000eab00000,0x00000000ec0db3f8,0x00000000ec300000)
  from space 4096K, 99% used [0x00000000ec300000,0x00000000ec6fcb70,0x00000000ec700000)
  to   space 4096K, 0% used [0x00000000edf00000,0x00000000edf00000,0x00000000ee300000)
 ParOldGen       total 65536K, used 9808K [0x00000000c0000000, 0x00000000c4000000, 0x00000000eab00000)
  object space 65536K, 14% used [0x00000000c0000000,0x00000000c0994388,0x00000000c4000000)
 Metaspace       used 5754K, capacity 6896K, committed 7040K, reserved 1056768K
  class space    used 583K, capacity 616K, committed 640K, reserved 1048576K

Card table byte_map: [0x00000000118d0000,0x0000000011ae0000] byte_map_base: 0x00000000112d0000

Marking Bits: (ParMarkBitMap*) 0x000000005c80a5b0
 Begin Bits: [0x00000000121d0000, 0x00000000131d0000)
 End Bits:   [0x00000000131d0000, 0x00000000141d0000)

Polling page: 0x0000000000340000

CodeCache: size=245760Kb used=4905Kb max_used=4905Kb free=240854Kb
 bounds [0x0000000002510000, 0x00000000029e0000, 0x0000000011510000]
 total_blobs=1450 nmethods=1188 adapters=175
 compilation: enabled

Compilation events (10 events):
Event: 3.764 Thread 0x0000000056007000 nmethod 1230 0x00000000029d34d0 code [0x00000000029d3640, 0x00000000029d3898]
Event: 3.764 Thread 0x0000000056007000 1232       2       java.util.BitSet::set (18 bytes)
Event: 3.764 Thread 0x0000000056007000 nmethod 1232 0x00000000029d39d0 code [0x00000000029d3b40, 0x00000000029d3cd8]
Event: 3.764 Thread 0x0000000056007000 1233       2       com.android.dx.rop.code.RegisterSpec::withSimpleType (59 bytes)
Event: 3.765 Thread 0x0000000056007000 nmethod 1233 0x00000000029d3d90 code [0x00000000029d3f20, 0x00000000029d41a8]
Event: 3.765 Thread 0x0000000056007000 1196       2       java.util.TreeMap::rotateLeft (96 bytes)
Event: 3.765 Thread 0x0000000056007000 nmethod 1196 0x00000000029d42d0 code [0x00000000029d4420, 0x00000000029d4690]
Event: 3.765 Thread 0x0000000056007000 1190       2       com.android.dx.cf.code.Simulator::requiredArrayTypeFor (61 bytes)
Event: 3.766 Thread 0x0000000056007000 nmethod 1190 0x00000000029d4790 code [0x00000000029d4940, 0x00000000029d4c38]
Event: 3.766 Thread 0x0000000056007000 1236 %     3       com.android.dx.ssa.SsaConverter::placePhiFunctions @ 103 (394 bytes)

GC Heap History (6 events):
Event: 1.888 GC heap before
{Heap before GC invocations=1 (full 0):
 PSYoungGen      total 28672K, used 24576K [0x00000000eab00000, 0x00000000ecb00000, 0x0000000100000000)
  eden space 24576K, 100% used [0x00000000eab00000,0x00000000ec300000,0x00000000ec300000)
  from space 4096K, 0% used [0x00000000ec700000,0x00000000ec700000,0x00000000ecb00000)
  to   space 4096K, 0% used [0x00000000ec300000,0x00000000ec300000,0x00000000ec700000)
 ParOldGen       total 65536K, used 0K [0x00000000c0000000, 0x00000000c4000000, 0x00000000eab00000)
  object space 65536K, 0% used [0x00000000c0000000,0x00000000c0000000,0x00000000c4000000)
 Metaspace       used 5655K, capacity 6832K, committed 7040K, reserved 1056768K
  class space    used 577K, capacity 616K, committed 640K, reserved 1048576K
Event: 1.907 GC heap after
Heap after GC invocations=1 (full 0):
 PSYoungGen      total 28672K, used 4085K [0x00000000eab00000, 0x00000000ecb00000, 0x0000000100000000)
  eden space 24576K, 0% used [0x00000000eab00000,0x00000000eab00000,0x00000000ec300000)
  from space 4096K, 99% used [0x00000000ec300000,0x00000000ec6fd5d8,0x00000000ec700000)
  to   space 4096K, 0% used [0x00000000ec700000,0x00000000ec700000,0x00000000ecb00000)
 ParOldGen       total 65536K, used 1299K [0x00000000c0000000, 0x00000000c4000000, 0x00000000eab00000)
  object space 65536K, 1% used [0x00000000c0000000,0x00000000c0144d98,0x00000000c4000000)
 Metaspace       used 5655K, capacity 6832K, committed 7040K, reserved 1056768K
  class space    used 577K, capacity 616K, committed 640K, reserved 1048576K
}
Event: 2.383 GC heap before
{Heap before GC invocations=2 (full 0):
 PSYoungGen      total 28672K, used 28661K [0x00000000eab00000, 0x00000000ecb00000, 0x0000000100000000)
  eden space 24576K, 100% used [0x00000000eab00000,0x00000000ec300000,0x00000000ec300000)
  from space 4096K, 99% used [0x00000000ec300000,0x00000000ec6fd5d8,0x00000000ec700000)
  to   space 4096K, 0% used [0x00000000ec700000,0x00000000ec700000,0x00000000ecb00000)
 ParOldGen       total 65536K, used 1299K [0x00000000c0000000, 0x00000000c4000000, 0x00000000eab00000)
  object space 65536K, 1% used [0x00000000c0000000,0x00000000c0144d98,0x00000000c4000000)
 Metaspace       used 5713K, capacity 6832K, committed 7040K, reserved 1056768K
  class space    used 581K, capacity 616K, committed 640K, reserved 1048576K
Event: 2.721 GC heap after
Heap after GC invocations=2 (full 0):
 PSYoungGen      total 28672K, used 4086K [0x00000000eab00000, 0x00000000ee300000, 0x0000000100000000)
  eden space 24576K, 0% used [0x00000000eab00000,0x00000000eab00000,0x00000000ec300000)
  from space 4096K, 99% used [0x00000000ec700000,0x00000000ecafd830,0x00000000ecb00000)
  to   space 4096K, 0% used [0x00000000ec300000,0x00000000ec300000,0x00000000ec700000)
 ParOldGen       total 65536K, used 4224K [0x00000000c0000000, 0x00000000c4000000, 0x00000000eab00000)
  object space 65536K, 6% used [0x00000000c0000000,0x00000000c04200d8,0x00000000c4000000)
 Metaspace       used 5713K, capacity 6832K, committed 7040K, reserved 1056768K
  class space    used 581K, capacity 616K, committed 640K, reserved 1048576K
}
Event: 3.292 GC heap before
{Heap before GC invocations=3 (full 0):
 PSYoungGen      total 28672K, used 28662K [0x00000000eab00000, 0x00000000ee300000, 0x0000000100000000)
  eden space 24576K, 100% used [0x00000000eab00000,0x00000000ec300000,0x00000000ec300000)
  from space 4096K, 99% used [0x00000000ec700000,0x00000000ecafd830,0x00000000ecb00000)
  to   space 4096K, 0% used [0x00000000ec300000,0x00000000ec300000,0x00000000ec700000)
 ParOldGen       total 65536K, used 4224K [0x00000000c0000000, 0x00000000c4000000, 0x00000000eab00000)
  object space 65536K, 6% used [0x00000000c0000000,0x00000000c04200d8,0x00000000c4000000)
 Metaspace       used 5722K, capacity 6896K, committed 7040K, reserved 1056768K
  class space    used 581K, capacity 616K, committed 640K, reserved 1048576K
Event: 3.539 GC heap after
Heap after GC invocations=3 (full 0):
 PSYoungGen      total 28672K, used 4082K [0x00000000eab00000, 0x00000000ee300000, 0x0000000100000000)
  eden space 24576K, 0% used [0x00000000eab00000,0x00000000eab00000,0x00000000ec300000)
  from space 4096K, 99% used [0x00000000ec300000,0x00000000ec6fcb70,0x00000000ec700000)
  to   space 4096K, 0% used [0x00000000edf00000,0x00000000edf00000,0x00000000ee300000)
 ParOldGen       total 65536K, used 9808K [0x00000000c0000000, 0x00000000c4000000, 0x00000000eab00000)
  object space 65536K, 14% used [0x00000000c0000000,0x00000000c0994388,0x00000000c4000000)
 Metaspace       used 5722K, capacity 6896K, committed 7040K, reserved 1056768K
  class space    used 581K, capacity 616K, committed 640K, reserved 1048576K
}

Deoptimization events (10 events):
Event: 2.786 Thread 0x0000000056165000 Uncommon trap: reason=unstable_if action=reinterpret pc=0x000000000268f744 method=com.android.dx.rop.cst.Constant.compareTo(Lcom/android/dx/rop/cst/Constant;)I @ 12
Event: 2.787 Thread 0x0000000056165000 Uncommon trap: reason=bimorphic action=maybe_recompile pc=0x0000000002934e74 method=java.util.HashMap.getNode(ILjava/lang/Object;)Ljava/util/HashMap$Node; @ 126
Event: 2.787 Thread 0x0000000056165000 Uncommon trap: reason=bimorphic action=maybe_recompile pc=0x0000000002934e74 method=java.util.HashMap.getNode(ILjava/lang/Object;)Ljava/util/HashMap$Node; @ 126
Event: 2.796 Thread 0x0000000056165000 Uncommon trap: reason=bimorphic action=maybe_recompile pc=0x0000000002934e74 method=java.util.HashMap.getNode(ILjava/lang/Object;)Ljava/util/HashMap$Node; @ 126
Event: 2.906 Thread 0x0000000056165000 Uncommon trap: reason=unstable_if action=reinterpret pc=0x000000000294e9e0 method=com.android.dx.rop.code.LocalItem.hashCode()I @ 25
Event: 2.910 Thread 0x0000000056165000 Uncommon trap: reason=unstable_if action=reinterpret pc=0x0000000002946c20 method=com.android.dx.rop.code.LocalItem.hashCode()I @ 25
Event: 2.911 Thread 0x0000000056165000 Uncommon trap: reason=unstable_if action=reinterpret pc=0x00000000029568bc method=com.android.dx.ssa.SsaRenamer$BlockRenamer.visitMoveInsn(Lcom/android/dx/ssa/NormalSsaInsn;)V @ 104
Event: 2.935 Thread 0x0000000001e1f000 Uncommon trap: reason=unstable_if action=reinterpret pc=0x00000000026a03f4 method=java.lang.String.<init>([CII)V @ 18
Event: 3.064 Thread 0x0000000001e1f000 Uncommon trap: reason=unstable_if action=reinterpret pc=0x0000000002960380 method=com.android.dx.rop.cst.CstLiteral32.equals(Ljava/lang/Object;)Z @ 12
Event: 3.600 Thread 0x000000005627f000 Uncommon trap: reason=unstable_if action=reinterpret pc=0x0000000002994fe4 method=com.android.dx.cf.code.ByteCatchList$Item.getExceptionClass()Lcom/android/dx/rop/cst/CstType; @ 4

Internal exceptions (2 events):
Event: 0.239 Thread 0x0000000001e1f000 Exception <a 'java/lang/NoSuchMethodError': Method sun.misc.Unsafe.defineClass(Ljava/lang/String;[BII)Ljava/lang/Class; name or signature does not match> (0x00000000eab13090) thrown at [C:\workspace\8-2-build-windows-amd64-cygwin\jdk8u65\4987\hotspot\src\sÑŸe¤u”Î?
Event: 0.239 Thread 0x0000000001e1f000 Exception <a 'java/lang/NoSuchMethodError': Method sun.misc.Unsafe.prefetchRead(Ljava/lang/Object;J)V name or signature does not match> (0x00000000eab13378) thrown at [C:\workspace\8-2-build-windows-amd64-cygwin\jdk8u65\4987\hotspot\src\share\vm\prims\jni.

Events (10 events):
Event: 3.651 Thread 0x0000000056165000 DEOPT PACKING pc=0x00000000028bbe75 sp=0x000000005708e800
Event: 3.651 Thread 0x0000000056165000 DEOPT UNPACKING pc=0x000000000255787f sp=0x000000005708e598 mode 0
Event: 3.662 loading class java/util/TreeMap$EntrySet
Event: 3.662 loading class java/util/TreeMap$EntrySet done
Event: 3.663 loading class java/util/TreeMap$EntryIterator
Event: 3.663 loading class java/util/TreeMap$EntryIterator done
Event: 3.663 Executing VM operation: Deoptimize
Event: 3.667 Executing VM operation: Deoptimize done
Event: 3.728 Thread 0x000000005627f000 DEOPT PACKING pc=0x00000000028bbe75 sp=0x00000000573ce940
Event: 3.728 Thread 0x000000005627f000 DEOPT UNPACKING pc=0x000000000255787f sp=0x00000000573ce6d8 mode 0


Dynamic libraries:
0x000000013fef0000 - 0x000000013ff27000 	C:\Program Files\Java\jdk1.8.0_65\bin\java.exe
0x0000000077a10000 - 0x0000000077bb9000 	C:\Windows\SYSTEM32\ntdll.dll
0x00000000777f0000 - 0x000000007790f000 	C:\Windows\system32\kernel32.dll
0x000007fefd800000 - 0x000007fefd86c000 	C:\Windows\system32\KERNELBASE.dll
0x000007feff940000 - 0x000007feffa1b000 	C:\Windows\system32\ADVAPI32.dll
0x000007feffc80000 - 0x000007feffd1f000 	C:\Windows\system32\msvcrt.dll
0x000007feffc60000 - 0x000007feffc7f000 	C:\Windows\SYSTEM32\sechost.dll
0x000007fefe210000 - 0x000007fefe33d000 	C:\Windows\system32\RPCRT4.dll
0x0000000077910000 - 0x0000000077a0a000 	C:\Windows\system32\USER32.dll
0x000007fefe760000 - 0x000007fefe7c7000 	C:\Windows\system32\GDI32.dll
0x000007feff5e0000 - 0x000007feff5ee000 	C:\Windows\system32\LPK.dll
0x000007feff870000 - 0x000007feff939000 	C:\Windows\system32\USP10.dll
0x000007fefcf90000 - 0x000007fefd184000 	C:\Windows\WinSxS\amd64_microsoft.windows.common-controls_6595b64144ccf1df_6.0.7601.18837_none_fa3b1e3d17594757\COMCTL32.dll
0x000007fefe7d0000 - 0x000007fefe841000 	C:\Windows\system32\SHLWAPI.dll
0x000007fefdde0000 - 0x000007fefde0e000 	C:\Windows\system32\IMM32.DLL
0x000007fefde10000 - 0x000007fefdf19000 	C:\Windows\system32\MSCTF.dll
0x000007fefd6f0000 - 0x000007fefd721000 	C:\Windows\system32\nvinitx.dll
0x000007fefd6e0000 - 0x000007fefd6ec000 	C:\Windows\system32\VERSION.dll
0x000007fefa4c0000 - 0x000007fefa53e000 	C:\Windows\system32\NV\igdumd64.dll
0x000007fefdb80000 - 0x000007fefdd57000 	C:\Windows\system32\SETUPAPI.dll
0x000007fefd8d0000 - 0x000007fefd906000 	C:\Windows\system32\CFGMGR32.dll
0x000007fefdf20000 - 0x000007fefdff7000 	C:\Windows\system32\OLEAUT32.dll
0x000007fefe000000 - 0x000007fefe203000 	C:\Windows\system32\ole32.dll
0x000007fefd930000 - 0x000007fefd94a000 	C:\Windows\system32\DEVOBJ.dll
0x000007fefa3a0000 - 0x000007fefa41e000 	C:\Windows\system32\NV\igd10umd64.dll
0x000000005bb10000 - 0x000000005bbe2000 	C:\Program Files\Java\jdk1.8.0_65\jre\bin\msvcr100.dll
0x000000005c000000 - 0x000000005c889000 	C:\Program Files\Java\jdk1.8.0_65\jre\bin\server\jvm.dll
0x000007fef7290000 - 0x000007fef7299000 	C:\Windows\system32\WSOCK32.dll
0x000007fefe440000 - 0x000007fefe48d000 	C:\Windows\system32\WS2_32.dll
0x000007feffbb0000 - 0x000007feffbb8000 	C:\Windows\system32\NSI.dll
0x000007fefa360000 - 0x000007fefa39b000 	C:\Windows\system32\WINMM.dll
0x0000000077be0000 - 0x0000000077be7000 	C:\Windows\system32\PSAPI.DLL
0x00000000730b0000 - 0x00000000730bf000 	C:\Program Files\Java\jdk1.8.0_65\jre\bin\verify.dll
0x0000000073080000 - 0x00000000730a9000 	C:\Program Files\Java\jdk1.8.0_65\jre\bin\java.dll
0x0000000073060000 - 0x0000000073076000 	C:\Program Files\Java\jdk1.8.0_65\jre\bin\zip.dll
0x000007fefe850000 - 0x000007feff5d9000 	C:\Windows\system32\SHELL32.dll
0x000007fefd7c0000 - 0x000007fefd7cf000 	C:\Windows\system32\profapi.dll

VM Arguments:
jvm_args: -Djava.awt.headless=true -Xmx1024M -Dfile.encoding=windows-1250 -Duser.country=US -Duser.language=en -Duser.variant 
java_command: com.android.dx.command.Main --dex --force-jumbo --num-threads=4 --multi-dex --output D:\projekti-programi\android_studio\HZJ\app\build\intermediates\transforms\dex\debug\folders\1000\5\slice_2 D:\projekti-programi\android_studio\HZJ\app\build\intermediates\transforms\instantRunSlicer\debug\folders\1\5\slice_2
java_class_path (initial): C:\Users\ANTE\AppData\Local\Android\sdk\build-tools\23.0.3\lib\dx.jar
Launcher Type: SUN_STANDARD

Environment Variables:
PATH=C:\oraclexe\app\oracle\product\11.2.0\server\bin;;C:\ProgramData\Oracle\Java\javapath;C:\Perl64\site\bin;C:\Perl64\bin;C:\Python\Python27\;C:\Python\Python27\Scripts;C:\PROGRAM FILES (X86)\AMD APP\BIN\X86_64;C:\PROGRAM FILES (X86)\AMD APP\BIN\X86;C:\Windows\SYSTEM32;C:\Windows;C:\Windows\SYSTEM32\WBEM;C:\Windows\SYSTEM32\WINDOWSPOWERSHELL\V1.0\;C:\PROGRAM FILES\INTEL\WIFI\BIN\;C:\PROGRAM FILES\COMMON FILES\INTEL\WIRELESSCOMMON\;C:\PROGRAM FILES\LENOVO\BLUETOOTH SOFTWARE\;C:\PROGRAM FILES\LENOVO\BLUETOOTH SOFTWARE\SYSWOW64;C:\Program Files (x86)\Intel\OpenCL SDK\1.5\bin\x86;C:\Program Files (x86)\Intel\OpenCL SDK\1.5\bin\x64;C:\Program Files (x86)\NVIDIA Corporation\PhysX\Common;C:\Program Files (x86)\Windows Kits\8.1\Windows Performance Toolkit\;C:\Program Files\Microsoft SQL Server\110\Tools\Binn\;C:\Program Files\Microsoft SQL Server\110\DTS\Binn\;C:\Program Files (x86)\Microsoft SQL Server\110\Tools\Binn\;C:\Program Files (x86)\Microsoft SQL Server\110\Tools\Binn\ManagementStudio\;C:\Program Files (x86)\Microsoft Visual Studio 10.0\Common7\IDE\PrivateAssemblies\;C:\Program Files (x86)\Microsoft SQL Server\110\DTS\Binn\;C:\Program Files (x86)\QuickTime\QTSystem\;C:\Program Files (x86)\Microsoft SDKs\TypeScript\1.0\;C:\Program Files\Microsoft SQL Server\120\Tools\Binn\;C:\Program Files (x86)\Skype\Phone\;C:\Program Files (x86)\GtkSharp\2.12\bin;C:\Program Files\Microsoft\Web Platform Installer\;C:\Program Files\MATLAB\MATLAB Production Server\R2015a\runtime\win64;C:\Program Files\MATLAB\MATLAB Production Server\R2015a\bin;C:\Program Files\MATLAB\MATLAB Production Server\R2015a\polyspace\bin;C:\RailsInstaller\Git\cmd;C:\RailsInstaller\Ruby2.1.0\bin;C:\Program Files\Intel\WiFi\bin\;C:\Program Files\Common Files\Intel\WirelessCommon\;C:\Modeltech_pe_edu_10.4a\win32pe_edu
USERNAME=ANTE
OS=Windows_NT
PROCESSOR_IDENTIFIER=Intel64 Family 6 Model 42 Stepping 7, GenuineIntel



---------------  S Y S T E M  ---------------

OS: Windows 7 , 64 bit Build 7601 (6.1.7601.18869)

CPU:total 4 (2 cores per cpu, 2 threads per core) family 6 model 42 stepping 7, cmov, cx8, fxsr, mmx, sse, sse2, sse3, ssse3, sse4.1, sse4.2, popcnt, avx, aes, clmul, ht, tsc, tscinvbit

Memory: 4k page, physical 6233968k(473340k free), swap 16171908k(5784k free)

vm_info: Java HotSpot(TM) 64-Bit Server VM (25.65-b01) for windows-amd64 JRE (1.8.0_65-b17), built on Oct  6 2015 16:39:20 by "java_re" with MS VC++ 10.0 (VS2010)

time: Sat May 21 04:09:41 2016
elapsed time: 3 seconds (0d 0h 0m 3s)

