#
# There is insufficient memory for the Java Runtime Environment to continue.
# Native memory allocation (malloc) failed to allocate 32744 bytes for ChunkPool::allocate
# Possible reasons:
#   The system is out of physical RAM or swap space
#   In 32 bit mode, the process size limit was hit
# Possible solutions:
#   Reduce memory load on the system
#   Increase physical memory or swap space
#   Check if swap backing store is full
#   Use 64 bit Java on a 64 bit OS
#   Decrease Java heap size (-Xmx/-Xms)
#   Decrease number of Java threads
#   Decrease Java thread stack sizes (-Xss)
#   Set larger code cache with -XX:ReservedCodeCacheSize=
# This output file may be truncated or incomplete.
#
#  Out of Memory Error (allocation.cpp:273), pid=322356, tid=321248
#
# JRE version: Java(TM) SE Runtime Environment (8.0_65-b17) (build 1.8.0_65-b17)
# Java VM: Java HotSpot(TM) 64-Bit Server VM (25.65-b01 mixed mode windows-amd64 compressed oops)
# Failed to write core dump. Minidumps are not enabled by default on client versions of Windows
#

---------------  T H R E A D  ---------------

Current thread (0x0000000056062800):  JavaThread "C2 CompilerThread0" daemon [_thread_in_native, id=321248, stack(0x0000000056470000,0x0000000056570000)]

Stack: [0x0000000056470000,0x0000000056570000]
[error occurred during error reporting (printing stack bounds), id 0xc0000005]

Native frames: (J=compiled Java code, j=interpreted, Vv=VM code, C=native code)


Current CompileTask:
C2:   6036 1860   !   4      
[error occurred during error reporting (printing current compile task), id 0xe0000001]


---------------  P R O C E S S  ---------------

Java Threads: ( => current thread )
  0x0000000056318800 JavaThread "pool-2-thread-4" [_thread_blocked, id=320280, stack(0x00000000573f0000,0x00000000574f0000)]
  0x0000000056312000 JavaThread "pool-2-thread-3" [_thread_blocked, id=306552, stack(0x0000000056d00000,0x0000000056e00000)]
  0x0000000056311000 JavaThread "pool-2-thread-2" [_thread_blocked, id=316588, stack(0x0000000057180000,0x0000000057280000)]
  0x000000005638d000 JavaThread "pool-3-thread-1" [_thread_blocked, id=321956, stack(0x0000000057060000,0x0000000057160000)]
  0x000000005638c800 JavaThread "pool-2-thread-1" [_thread_blocked, id=322232, stack(0x0000000056e20000,0x0000000056f20000)]
  0x00000000560d7800 JavaThread "Service Thread" daemon [_thread_blocked, id=321768, stack(0x0000000056b80000,0x0000000056c80000)]
  0x00000000560c0800 JavaThread "C1 CompilerThread2" daemon [_thread_blocked, id=320668, stack(0x00000000569f0000,0x0000000056af0000)]
  0x000000005606d000 JavaThread "C2 CompilerThread1" daemon [_thread_in_native, id=322516, stack(0x0000000055c80000,0x0000000055d80000)]
=>0x0000000056062800 JavaThread "C2 CompilerThread0" daemon [_thread_in_native, id=321248, stack(0x0000000056470000,0x0000000056570000)]
  0x0000000054ab1000 JavaThread "Attach Listener" daemon [_thread_blocked, id=317448, stack(0x0000000056750000,0x0000000056850000)]
  0x0000000054ab0000 JavaThread "Signal Dispatcher" daemon [_thread_blocked, id=317352, stack(0x00000000565a0000,0x00000000566a0000)]
  0x0000000054a58000 JavaThread "Finalizer" daemon [_thread_blocked, id=315428, stack(0x0000000055f60000,0x0000000056060000)]
  0x0000000054a51000 JavaThread "Reference Handler" daemon [_thread_blocked, id=322544, stack(0x0000000055da0000,0x0000000055ea0000)]
  0x00000000005ef000 JavaThread "main" [_thread_blocked, id=322208, stack(0x0000000001e80000,0x0000000001f80000)]

Other Threads:
  0x0000000054a4b800 VMThread [stack: 0x0000000055b80000,0x0000000055c80000] [id=314424]
  0x00000000560de000 WatcherThread [stack: 0x0000000056890000,0x0000000056990000] [id=321844]

VM state:not at safepoint (normal execution)

VM Mutex/Monitor currently owned by a thread: None

Heap:
 PSYoungGen      total 102400K, used 101078K [0x00000000eab00000, 0x00000000f1300000, 0x0000000100000000)
  eden space 98304K, 98% used [0x00000000eab00000,0x00000000f09bcf30,0x00000000f0b00000)
  from space 4096K, 99% used [0x00000000f0f00000,0x00000000f12f8b00,0x00000000f1300000)
  to   space 4096K, 0% used [0x00000000f0b00000,0x00000000f0b00000,0x00000000f0f00000)
 ParOldGen       total 65536K, used 17819K [0x00000000c0000000, 0x00000000c4000000, 0x00000000eab00000)
  object space 65536K, 27% used [0x00000000c0000000,0x00000000c1166c20,0x00000000c4000000)
 Metaspace       used 6414K, capacity 7192K, committed 7424K, reserved 1056768K
  class space    used 623K, capacity 656K, committed 768K, reserved 1048576K

Card table byte_map: [0x00000000116b0000,0x00000000118c0000] byte_map_base: 0x00000000110b0000

Marking Bits: (ParMarkBitMap*) 0x000000005c80a5b0
 Begin Bits: [0x0000000011ec0000, 0x0000000012ec0000)
 End Bits:   [0x0000000012ec0000, 0x0000000013ec0000)

Polling page: 0x00000000005d0000

CodeCache: size=245760Kb used=8110Kb max_used=8110Kb free=237649Kb
 bounds [0x00000000022f0000, 0x0000000002af0000, 0x00000000112f0000]
 total_blobs=2128 nmethods=1858 adapters=182
 compilation: enabled

Compilation events (10 events):
Event: 5.684 Thread 0x00000000560c0800 1894       2       com.android.dx.ssa.LocalVariableExtractor::processBlock (383 bytes)
Event: 5.687 Thread 0x00000000560c0800 nmethod 1894 0x0000000002adc3d0 code [0x0000000002adc740, 0x0000000002add8d8]
Event: 5.694 Thread 0x00000000560c0800 1895       2       java.util.HashMap::resize (359 bytes)
Event: 5.695 Thread 0x00000000560c0800 nmethod 1895 0x0000000002abe150 code [0x0000000002abe340, 0x0000000002abeb68]
Event: 5.700 Thread 0x00000000560c0800 1896 %     3       java.util.HashMap::resize @ 154 (359 bytes)
Event: 5.701 Thread 0x00000000560c0800 nmethod 1896% 0x0000000002adf950 code [0x0000000002adfbc0, 0x0000000002ae0e68]
Event: 5.751 Thread 0x00000000560c0800 1898       2       com.android.dx.cf.code.SwitchList::add (35 bytes)
Event: 5.752 Thread 0x00000000560c0800 nmethod 1898 0x0000000002abda90 code [0x0000000002abdc20, 0x0000000002abdf38]
Event: 5.758 Thread 0x00000000560c0800 1899       2       com.android.dx.rop.code.RegisterSpecList::indexOfRegister (38 bytes)
Event: 5.758 Thread 0x00000000560c0800 nmethod 1899 0x0000000002ae1750 code [0x0000000002ae18c0, 0x0000000002ae1b08]

GC Heap History (8 events):
Event: 1.601 GC heap before
{Heap before GC invocations=1 (full 0):
 PSYoungGen      total 28672K, used 24576K [0x00000000eab00000, 0x00000000ecb00000, 0x0000000100000000)
  eden space 24576K, 100% used [0x00000000eab00000,0x00000000ec300000,0x00000000ec300000)
  from space 4096K, 0% used [0x00000000ec700000,0x00000000ec700000,0x00000000ecb00000)
  to   space 4096K, 0% used [0x00000000ec300000,0x00000000ec300000,0x00000000ec700000)
 ParOldGen       total 65536K, used 0K [0x00000000c0000000, 0x00000000c4000000, 0x00000000eab00000)
  object space 65536K, 0% used [0x00000000c0000000,0x00000000c0000000,0x00000000c4000000)
 Metaspace       used 5834K, capacity 6768K, committed 7040K, reserved 1056768K
  class space    used 600K, capacity 616K, committed 640K, reserved 1048576K
Event: 1.619 GC heap after
Heap after GC invocations=1 (full 0):
 PSYoungGen      total 28672K, used 4082K [0x00000000eab00000, 0x00000000ee300000, 0x0000000100000000)
  eden space 24576K, 0% used [0x00000000eab00000,0x00000000eab00000,0x00000000ec300000)
  from space 4096K, 99% used [0x00000000ec300000,0x00000000ec6fc9c8,0x00000000ec700000)
  to   space 4096K, 0% used [0x00000000edf00000,0x00000000edf00000,0x00000000ee300000)
 ParOldGen       total 65536K, used 755K [0x00000000c0000000, 0x00000000c4000000, 0x00000000eab00000)
  object space 65536K, 1% used [0x00000000c0000000,0x00000000c00bcfd0,0x00000000c4000000)
 Metaspace       used 5834K, capacity 6768K, committed 7040K, reserved 1056768K
  class space    used 600K, capacity 616K, committed 640K, reserved 1048576K
}
Event: 2.983 GC heap before
{Heap before GC invocations=2 (full 0):
 PSYoungGen      total 28672K, used 28658K [0x00000000eab00000, 0x00000000ee300000, 0x0000000100000000)
  eden space 24576K, 100% used [0x00000000eab00000,0x00000000ec300000,0x00000000ec300000)
  from space 4096K, 99% used [0x00000000ec300000,0x00000000ec6fc9c8,0x00000000ec700000)
  to   space 4096K, 0% used [0x00000000edf00000,0x00000000edf00000,0x00000000ee300000)
 ParOldGen       total 65536K, used 755K [0x00000000c0000000, 0x00000000c4000000, 0x00000000eab00000)
  object space 65536K, 1% used [0x00000000c0000000,0x00000000c00bcfd0,0x00000000c4000000)
 Metaspace       used 6089K, capacity 7024K, committed 7296K, reserved 1056768K
  class space    used 602K, capacity 616K, committed 640K, reserved 1048576K
Event: 2.997 GC heap after
Heap after GC invocations=2 (full 0):
 PSYoungGen      total 53248K, used 4079K [0x00000000eab00000, 0x00000000ee300000, 0x0000000100000000)
  eden space 49152K, 0% used [0x00000000eab00000,0x00000000eab00000,0x00000000edb00000)
  from space 4096K, 99% used [0x00000000edf00000,0x00000000ee2fbe00,0x00000000ee300000)
  to   space 4096K, 0% used [0x00000000edb00000,0x00000000edb00000,0x00000000edf00000)
 ParOldGen       total 65536K, used 3343K [0x00000000c0000000, 0x00000000c4000000, 0x00000000eab00000)
  object space 65536K, 5% used [0x00000000c0000000,0x00000000c0343fc8,0x00000000c4000000)
 Metaspace       used 6089K, capacity 7024K, committed 7296K, reserved 1056768K
  class space    used 602K, capacity 616K, committed 640K, reserved 1048576K
}
Event: 3.788 GC heap before
{Heap before GC invocations=3 (full 0):
 PSYoungGen      total 53248K, used 53231K [0x00000000eab00000, 0x00000000ee300000, 0x0000000100000000)
  eden space 49152K, 100% used [0x00000000eab00000,0x00000000edb00000,0x00000000edb00000)
  from space 4096K, 99% used [0x00000000edf00000,0x00000000ee2fbe00,0x00000000ee300000)
  to   space 4096K, 0% used [0x00000000edb00000,0x00000000edb00000,0x00000000edf00000)
 ParOldGen       total 65536K, used 3343K [0x00000000c0000000, 0x00000000c4000000, 0x00000000eab00000)
  object space 65536K, 5% used [0x00000000c0000000,0x00000000c0343fc8,0x00000000c4000000)
 Metaspace       used 6236K, capacity 7088K, committed 7296K, reserved 1056768K
  class space    used 602K, capacity 616K, committed 640K, reserved 1048576K
Event: 3.846 GC heap after
Heap after GC invocations=3 (full 0):
 PSYoungGen      total 53248K, used 4084K [0x00000000eab00000, 0x00000000f1300000, 0x0000000100000000)
  eden space 49152K, 0% used [0x00000000eab00000,0x00000000eab00000,0x00000000edb00000)
  from space 4096K, 99% used [0x00000000edb00000,0x00000000edefd3c0,0x00000000edf00000)
  to   space 4096K, 0% used [0x00000000f0f00000,0x00000000f0f00000,0x00000000f1300000)
 ParOldGen       total 65536K, used 10347K [0x00000000c0000000, 0x00000000c4000000, 0x00000000eab00000)
  object space 65536K, 15% used [0x00000000c0000000,0x00000000c0a1adb8,0x00000000c4000000)
 Metaspace       used 6236K, capacity 7088K, committed 7296K, reserved 1056768K
  class space    used 602K, capacity 616K, committed 640K, reserved 1048576K
}
Event: 4.507 GC heap before
{Heap before GC invocations=4 (full 0):
 PSYoungGen      total 53248K, used 53236K [0x00000000eab00000, 0x00000000f1300000, 0x0000000100000000)
  eden space 49152K, 100% used [0x00000000eab00000,0x00000000edb00000,0x00000000edb00000)
  from space 4096K, 99% used [0x00000000edb00000,0x00000000edefd3c0,0x00000000edf00000)
  to   space 4096K, 0% used [0x00000000f0f00000,0x00000000f0f00000,0x00000000f1300000)
 ParOldGen       total 65536K, used 10347K [0x00000000c0000000, 0x00000000c4000000, 0x00000000eab00000)
  object space 65536K, 15% used [0x00000000c0000000,0x00000000c0a1adb8,0x00000000c4000000)
 Metaspace       used 6292K, capacity 7152K, committed 7296K, reserved 1056768K
  class space    used 603K, capacity 616K, committed 640K, reserved 1048576K
Event: 4.554 GC heap after
Heap after GC invocations=4 (full 0):
 PSYoungGen      total 102400K, used 4066K [0x00000000eab00000, 0x00000000f1300000, 0x0000000100000000)
  eden space 98304K, 0% used [0x00000000eab00000,0x00000000eab00000,0x00000000f0b00000)
  from space 4096K, 99% used [0x00000000f0f00000,0x00000000f12f8b00,0x00000000f1300000)
  to   space 4096K, 0% used [0x00000000f0b00000,0x00000000f0b00000,0x00000000f0f00000)
 ParOldGen       total 65536K, used 17819K [0x00000000c0000000, 0x00000000c4000000, 0x00000000eab00000)
  object space 65536K, 27% used [0x00000000c0000000,0x00000000c1166c20,0x00000000c4000000)
 Metaspace       used 6292K, capacity 7152K, committed 7296K, reserved 1056768K
  class space    used 603K, capacity 616K, committed 640K, reserved 1048576K
}

Deoptimization events (10 events):
Event: 4.935 Thread 0x0000000056312000 Uncommon trap: reason=unstable_if action=reinterpret pc=0x000000000261dc44 method=java.util.HashMap.putVal(ILjava/lang/Object;Ljava/lang/Object;ZZ)Ljava/lang/Object; @ 162
Event: 5.007 Thread 0x0000000056312000 Uncommon trap: reason=unstable_if action=reinterpret pc=0x000000000253ab48 method=java.util.HashMap.getNode(ILjava/lang/Object;)Ljava/util/HashMap$Node; @ 84
Event: 5.014 Thread 0x0000000056312000 Uncommon trap: reason=unstable_if action=reinterpret pc=0x000000000274e4b4 method=java.util.HashMap.putVal(ILjava/lang/Object;Ljava/lang/Object;ZZ)Ljava/lang/Object; @ 162
Event: 5.061 Thread 0x0000000056312000 Uncommon trap: reason=bimorphic action=maybe_recompile pc=0x0000000002a52a00 method=com.android.dx.rop.code.RegisterSpec.withSimpleType()Lcom/android/dx/rop/code/RegisterSpec; @ 21
Event: 5.080 Thread 0x0000000056318800 Uncommon trap: reason=bimorphic action=maybe_recompile pc=0x0000000002a52a00 method=com.android.dx.rop.code.RegisterSpec.withSimpleType()Lcom/android/dx/rop/code/RegisterSpec; @ 21
Event: 5.352 Thread 0x0000000056312000 Uncommon trap: reason=unstable_if action=reinterpret pc=0x0000000002a30980 method=com.android.dx.cf.code.RopperMachine.run(Lcom/android/dx/cf/code/Frame;II)V @ 1500
Event: 5.384 Thread 0x0000000056318800 Uncommon trap: reason=unstable_if action=reinterpret pc=0x0000000002808770 method=com.android.dx.ssa.MoveParamCombiner$1.visitNonMoveInsn(Lcom/android/dx/ssa/NormalSsaInsn;)V @ 27
Event: 5.633 Thread 0x0000000056312000 Uncommon trap: reason=bimorphic action=maybe_recompile pc=0x0000000002a52a00 method=com.android.dx.rop.code.RegisterSpec.withSimpleType()Lcom/android/dx/rop/code/RegisterSpec; @ 21
Event: 5.651 Thread 0x0000000056312000 Uncommon trap: reason=bimorphic action=maybe_recompile pc=0x0000000002a52a00 method=com.android.dx.rop.code.RegisterSpec.withSimpleType()Lcom/android/dx/rop/code/RegisterSpec; @ 21
Event: 5.694 Thread 0x0000000056312000 Uncommon trap: reason=unstable_if action=reinterpret pc=0x0000000002905ac0 method=java.util.HashMap.resize()[Ljava/util/HashMap$Node; @ 206

Internal exceptions (5 events):
Event: 0.096 Thread 0x00000000005ef000 Exception <a 'java/lang/NoSuchMethodError': Method sun.misc.Unsafe.defineClass(Ljava/lang/String;[BII)Ljava/lang/Class; name or signature does not match> (0x00000000eab13090) thrown at [C:\workspace\8-2-build-windows-amd64-cygwin\jdk8u65\4987\hotspot\src\s¹¼å˜¹¸?
Event: 0.097 Thread 0x00000000005ef000 Exception <a 'java/lang/NoSuchMethodError': Method sun.misc.Unsafe.prefetchRead(Ljava/lang/Object;J)V name or signature does not match> (0x00000000eab13378) thrown at [C:\workspace\8-2-build-windows-amd64-cygwin\jdk8u65\4987\hotspot\src\share\vm\prims\jni.(¬Kló@
Event: 4.988 Thread 0x0000000056312000 Exception <a 'java/lang/ArrayIndexOutOfBoundsException': 18> (0x00000000ec26b3f8) thrown at [C:\workspace\8-2-build-windows-amd64-cygwin\jdk8u65\4987\hotspot\src\share\vm\interpreter\interpreterRuntime.cpp, line 366]
Event: 4.988 Thread 0x0000000056312000 Exception <a 'java/lang/ArrayIndexOutOfBoundsException': 145> (0x00000000ec26cf98) thrown at [C:\workspace\8-2-build-windows-amd64-cygwin\jdk8u65\4987\hotspot\src\share\vm\interpreter\interpreterRuntime.cpp, line 366]
Event: 4.994 Thread 0x0000000056312000 Exception <a 'java/lang/ArrayIndexOutOfBoundsException'> (0x00000000ec26e280) thrown at [C:\workspace\8-2-build-windows-amd64-cygwin\jdk8u65\4987\hotspot\src\share\vm\runtime\sharedRuntime.cpp, line 605]

Events (10 events):
Event: 5.513 Thread 0x0000000056318800 DEOPT UNPACKING pc=0x000000000233787f sp=0x00000000574eec08 mode 0
Event: 5.633 Thread 0x0000000056312000 Uncommon trap: trap_request=0xffffffc6 fr.pc=0x0000000002a52a00
Event: 5.633 Thread 0x0000000056312000 DEOPT PACKING pc=0x0000000002a52a00 sp=0x0000000056dfe8c0
Event: 5.633 Thread 0x0000000056312000 DEOPT UNPACKING pc=0x000000000233582a sp=0x0000000056dfe848 mode 2
Event: 5.651 Thread 0x0000000056312000 Uncommon trap: trap_request=0xffffffc6 fr.pc=0x0000000002a52a00
Event: 5.651 Thread 0x0000000056312000 DEOPT PACKING pc=0x0000000002a52a00 sp=0x0000000056dfe810
Event: 5.651 Thread 0x0000000056312000 DEOPT UNPACKING pc=0x000000000233582a sp=0x0000000056dfe798 mode 2
Event: 5.694 Thread 0x0000000056312000 Uncommon trap: trap_request=0xffffff65 fr.pc=0x0000000002905ac0
Event: 5.694 Thread 0x0000000056312000 DEOPT PACKING pc=0x0000000002905ac0 sp=0x0000000056dfe580
Event: 5.694 Thread 0x0000000056312000 DEOPT UNPACKING pc=0x000000000233582a sp=0x0000000056dfe4e8 mode 2


Dynamic libraries:
0x000000013fef0000 - 0x000000013ff27000 	C:\Program Files\Java\jdk1.8.0_65\bin\java.exe
0x0000000077a10000 - 0x0000000077bb9000 	C:\Windows\SYSTEM32\ntdll.dll
0x00000000777f0000 - 0x000000007790f000 	C:\Windows\system32\kernel32.dll
0x000007fefd800000 - 0x000007fefd86c000 	C:\Windows\system32\KERNELBASE.dll
0x000007feff940000 - 0x000007feffa1b000 	C:\Windows\system32\ADVAPI32.dll
0x000007feffc80000 - 0x000007feffd1f000 	C:\Windows\system32\msvcrt.dll
0x000007feffc60000 - 0x000007feffc7f000 	C:\Windows\SYSTEM32\sechost.dll
0x000007fefe210000 - 0x000007fefe33d000 	C:\Windows\system32\RPCRT4.dll
0x0000000077910000 - 0x0000000077a0a000 	C:\Windows\system32\USER32.dll
0x000007fefe760000 - 0x000007fefe7c7000 	C:\Windows\system32\GDI32.dll
0x000007feff5e0000 - 0x000007feff5ee000 	C:\Windows\system32\LPK.dll
0x000007feff870000 - 0x000007feff939000 	C:\Windows\system32\USP10.dll
0x000007fefcf90000 - 0x000007fefd184000 	C:\Windows\WinSxS\amd64_microsoft.windows.common-controls_6595b64144ccf1df_6.0.7601.18837_none_fa3b1e3d17594757\COMCTL32.dll
0x000007fefe7d0000 - 0x000007fefe841000 	C:\Windows\system32\SHLWAPI.dll
0x000007fefdde0000 - 0x000007fefde0e000 	C:\Windows\system32\IMM32.DLL
0x000007fefde10000 - 0x000007fefdf19000 	C:\Windows\system32\MSCTF.dll
0x000007fefd6f0000 - 0x000007fefd721000 	C:\Windows\system32\nvinitx.dll
0x000007fefd6e0000 - 0x000007fefd6ec000 	C:\Windows\system32\VERSION.dll
0x000007fefa4c0000 - 0x000007fefa53e000 	C:\Windows\system32\NV\igdumd64.dll
0x000007fefdb80000 - 0x000007fefdd57000 	C:\Windows\system32\SETUPAPI.dll
0x000007fefd8d0000 - 0x000007fefd906000 	C:\Windows\system32\CFGMGR32.dll
0x000007fefdf20000 - 0x000007fefdff7000 	C:\Windows\system32\OLEAUT32.dll
0x000007fefe000000 - 0x000007fefe203000 	C:\Windows\system32\ole32.dll
0x000007fefd930000 - 0x000007fefd94a000 	C:\Windows\system32\DEVOBJ.dll
0x000007fefa3a0000 - 0x000007fefa41e000 	C:\Windows\system32\NV\igd10umd64.dll
0x000000005bb10000 - 0x000000005bbe2000 	C:\Program Files\Java\jdk1.8.0_65\jre\bin\msvcr100.dll
0x000000005c000000 - 0x000000005c889000 	C:\Program Files\Java\jdk1.8.0_65\jre\bin\server\jvm.dll
0x000007fef7290000 - 0x000007fef7299000 	C:\Windows\system32\WSOCK32.dll
0x000007fefe440000 - 0x000007fefe48d000 	C:\Windows\system32\WS2_32.dll
0x000007feffbb0000 - 0x000007feffbb8000 	C:\Windows\system32\NSI.dll
0x000007fefa360000 - 0x000007fefa39b000 	C:\Windows\system32\WINMM.dll
0x0000000077be0000 - 0x0000000077be7000 	C:\Windows\system32\PSAPI.DLL
0x00000000730b0000 - 0x00000000730bf000 	C:\Program Files\Java\jdk1.8.0_65\jre\bin\verify.dll
0x0000000073080000 - 0x00000000730a9000 	C:\Program Files\Java\jdk1.8.0_65\jre\bin\java.dll
0x0000000073060000 - 0x0000000073076000 	C:\Program Files\Java\jdk1.8.0_65\jre\bin\zip.dll
0x000007fefe850000 - 0x000007feff5d9000 	C:\Windows\system32\SHELL32.dll
0x000007fefd7c0000 - 0x000007fefd7cf000 	C:\Windows\system32\profapi.dll

VM Arguments:
jvm_args: -Djava.awt.headless=true -Xmx1024M -Dfile.encoding=windows-1250 -Duser.country=US -Duser.language=en -Duser.variant 
java_command: com.android.dx.command.Main --dex --force-jumbo --num-threads=4 --multi-dex --output D:\projekti-programi\android_studio\HZJ\app\build\intermediates\transforms\dex\debug\folders\1000\10\com.android.support-appcompat-v7-23.4.0_def0a8e69d17896ca8c4e4fa33f0b598723018d8 D:\projekti-programi\android_studio\HZJ\app\build\intermediates\exploded-aar\com.android.support\appcompat-v7\23.4.0\jars\classes.jar
java_class_path (initial): C:\Users\ANTE\AppData\Local\Android\sdk\build-tools\23.0.3\lib\dx.jar
Launcher Type: SUN_STANDARD

Environment Variables:
PATH=C:\oraclexe\app\oracle\product\11.2.0\server\bin;;C:\ProgramData\Oracle\Java\javapath;C:\Perl64\site\bin;C:\Perl64\bin;C:\Python\Python27\;C:\Python\Python27\Scripts;C:\PROGRAM FILES (X86)\AMD APP\BIN\X86_64;C:\PROGRAM FILES (X86)\AMD APP\BIN\X86;C:\Windows\SYSTEM32;C:\Windows;C:\Windows\SYSTEM32\WBEM;C:\Windows\SYSTEM32\WINDOWSPOWERSHELL\V1.0\;C:\PROGRAM FILES\INTEL\WIFI\BIN\;C:\PROGRAM FILES\COMMON FILES\INTEL\WIRELESSCOMMON\;C:\PROGRAM FILES\LENOVO\BLUETOOTH SOFTWARE\;C:\PROGRAM FILES\LENOVO\BLUETOOTH SOFTWARE\SYSWOW64;C:\Program Files (x86)\Intel\OpenCL SDK\1.5\bin\x86;C:\Program Files (x86)\Intel\OpenCL SDK\1.5\bin\x64;C:\Program Files (x86)\NVIDIA Corporation\PhysX\Common;C:\Program Files (x86)\Windows Kits\8.1\Windows Performance Toolkit\;C:\Program Files\Microsoft SQL Server\110\Tools\Binn\;C:\Program Files\Microsoft SQL Server\110\DTS\Binn\;C:\Program Files (x86)\Microsoft SQL Server\110\Tools\Binn\;C:\Program Files (x86)\Microsoft SQL Server\110\Tools\Binn\ManagementStudio\;C:\Program Files (x86)\Microsoft Visual Studio 10.0\Common7\IDE\PrivateAssemblies\;C:\Program Files (x86)\Microsoft SQL Server\110\DTS\Binn\;C:\Program Files (x86)\QuickTime\QTSystem\;C:\Program Files (x86)\Microsoft SDKs\TypeScript\1.0\;C:\Program Files\Microsoft SQL Server\120\Tools\Binn\;C:\Program Files (x86)\Skype\Phone\;C:\Program Files (x86)\GtkSharp\2.12\bin;C:\Program Files\Microsoft\Web Platform Installer\;C:\Program Files\MATLAB\MATLAB Production Server\R2015a\runtime\win64;C:\Program Files\MATLAB\MATLAB Production Server\R2015a\bin;C:\Program Files\MATLAB\MATLAB Production Server\R2015a\polyspace\bin;C:\RailsInstaller\Git\cmd;C:\RailsInstaller\Ruby2.1.0\bin;C:\Program Files\Intel\WiFi\bin\;C:\Program Files\Common Files\Intel\WirelessCommon\;C:\Modeltech_pe_edu_10.4a\win32pe_edu
USERNAME=ANTE
OS=Windows_NT
PROCESSOR_IDENTIFIER=Intel64 Family 6 Model 42 Stepping 7, GenuineIntel



---------------  S Y S T E M  ---------------

OS: Windows 7 , 64 bit Build 7601 (6.1.7601.18869)

CPU:total 4 (2 cores per cpu, 2 threads per core) family 6 model 42 stepping 7, cmov, cx8, fxsr, mmx, sse, sse2, sse3, ssse3, sse4.1, sse4.2, popcnt, avx, aes, clmul, ht, tsc, tscinvbit

Memory: 4k page, physical 6233968k(457476k free), swap 16171908k(5096k free)

vm_info: Java HotSpot(TM) 64-Bit Server VM (25.65-b01) for windows-amd64 JRE (1.8.0_65-b17), built on Oct  6 2015 16:39:20 by "java_re" with MS VC++ 10.0 (VS2010)

time: Sat May 21 04:09:47 2016
elapsed time: 6 seconds (0d 0h 0m 6s)

