#
# There is insufficient memory for the Java Runtime Environment to continue.
# Native memory allocation (malloc) failed to allocate 131088 bytes for Chunk::new
# Possible reasons:
#   The system is out of physical RAM or swap space
#   In 32 bit mode, the process size limit was hit
# Possible solutions:
#   Reduce memory load on the system
#   Increase physical memory or swap space
#   Check if swap backing store is full
#   Use 64 bit Java on a 64 bit OS
#   Decrease Java heap size (-Xmx/-Xms)
#   Decrease number of Java threads
#   Decrease Java thread stack sizes (-Xss)
#   Set larger code cache with -XX:ReservedCodeCacheSize=
# This output file may be truncated or incomplete.
#
#  Out of Memory Error (allocation.cpp:390), pid=302076, tid=303776
#
# JRE version: Java(TM) SE Runtime Environment (8.0_65-b17) (build 1.8.0_65-b17)
# Java VM: Java HotSpot(TM) 64-Bit Server VM (25.65-b01 mixed mode windows-amd64 compressed oops)
# Failed to write core dump. Minidumps are not enabled by default on client versions of Windows
#

---------------  T H R E A D  ---------------

Current thread (0x00000000560c2800):  JavaThread "C2 CompilerThread0" daemon [_thread_in_native, id=303776, stack(0x0000000056970000,0x0000000056a70000)]

Stack: [0x0000000056970000,0x0000000056a70000]
[error occurred during error reporting (printing stack bounds), id 0xc0000005]

Native frames: (J=compiled Java code, j=interpreted, Vv=VM code, C=native code)


Current CompileTask:
C2:   5841 1579   !   4       com.android.dx.cf.cst.ConstantPoolParser::parse0 (731 bytes)


---------------  P R O C E S S  ---------------

Java Threads: ( => current thread )
  0x00000000563a4000 JavaThread "pool-1-thread-4" [_thread_blocked, id=305108, stack(0x00000000574f0000,0x00000000575f0000)]
  0x00000000563a3000 JavaThread "pool-1-thread-3" [_thread_blocked, id=299252, stack(0x0000000057330000,0x0000000057430000)]
  0x000000005631c000 JavaThread "pool-1-thread-2" [_thread_blocked, id=304348, stack(0x0000000057230000,0x0000000057330000)]
  0x000000005621c000 JavaThread "pool-2-thread-1" [_thread_blocked, id=304272, stack(0x0000000056f10000,0x0000000057010000)]
  0x000000005621b800 JavaThread "pool-1-thread-1" [_thread_blocked, id=304872, stack(0x0000000056850000,0x0000000056950000)]
  0x0000000054d8e000 JavaThread "Service Thread" daemon [_thread_blocked, id=296840, stack(0x0000000056de0000,0x0000000056ee0000)]
  0x00000000560c7000 JavaThread "C1 CompilerThread2" daemon [_thread_blocked, id=304016, stack(0x0000000056bc0000,0x0000000056cc0000)]
  0x00000000560c6000 JavaThread "C2 CompilerThread1" daemon [_thread_in_native, id=298640, stack(0x0000000056a80000,0x0000000056b80000)]
=>0x00000000560c2800 JavaThread "C2 CompilerThread0" daemon [_thread_in_native, id=303776, stack(0x0000000056970000,0x0000000056a70000)]
  0x0000000054d80800 JavaThread "Attach Listener" daemon [_thread_blocked, id=304220, stack(0x0000000056740000,0x0000000056840000)]
  0x0000000054d7f800 JavaThread "Signal Dispatcher" daemon [_thread_blocked, id=304636, stack(0x00000000565b0000,0x00000000566b0000)]
  0x0000000054d27800 JavaThread "Finalizer" daemon [_thread_blocked, id=303128, stack(0x0000000055d00000,0x0000000055e00000)]
  0x0000000054d20800 JavaThread "Reference Handler" daemon [_thread_blocked, id=303500, stack(0x0000000055fc0000,0x00000000560c0000)]
  0x0000000001ebf000 JavaThread "main" [_thread_blocked, id=305112, stack(0x0000000001ee0000,0x0000000001fe0000)]

Other Threads:
  0x0000000054d1b000 VMThread [stack: 0x0000000055e50000,0x0000000055f50000] [id=304528]
  0x0000000056150800 WatcherThread [stack: 0x0000000057010000,0x0000000057110000] [id=302464]

VM state:at safepoint (normal execution)

VM Mutex/Monitor currently owned by a thread:  ([mutex/lock_event])
[0x0000000001ebd060] Threads_lock - owner thread: 0x0000000054d1b000
[0x0000000001ebd560] Heap_lock - owner thread: 0x00000000563a4000

Heap:
 PSYoungGen      total 53248K, used 53242K [0x00000000eab00000, 0x00000000f1300000, 0x0000000100000000)
  eden space 49152K, 100% used [0x00000000eab00000,0x00000000edb00000,0x00000000edb00000)
  from space 4096K, 99% used [0x00000000edb00000,0x00000000edefe858,0x00000000edf00000)
  to   space 4096K, 0% used [0x00000000f0f00000,0x00000000f0f00000,0x00000000f1300000)
 ParOldGen       total 65536K, used 16829K [0x00000000c0000000, 0x00000000c4000000, 0x00000000eab00000)
  object space 65536K, 25% used [0x00000000c0000000,0x00000000c106f4e8,0x00000000c4000000)
 Metaspace       used 5923K, capacity 7024K, committed 7296K, reserved 1056768K
  class space    used 583K, capacity 616K, committed 640K, reserved 1048576K

Card table byte_map: [0x0000000011670000,0x0000000011880000] byte_map_base: 0x0000000011070000

Marking Bits: (ParMarkBitMap*) 0x000000007070a5b0
 Begin Bits: [0x0000000012190000, 0x0000000013190000)
 End Bits:   [0x0000000013190000, 0x0000000014190000)

Polling page: 0x0000000000440000

CodeCache: size=245760Kb used=6471Kb max_used=6471Kb free=239288Kb
 bounds [0x00000000022b0000, 0x0000000002910000, 0x00000000112b0000]
 total_blobs=1798 nmethods=1536 adapters=175
 compilation: enabled

Compilation events (10 events):
Event: 5.757 Thread 0x00000000560c7000 1592       2       com.android.dx.cf.code.BytecodeArray::parseLookupswitch (175 bytes)
Event: 5.759 Thread 0x00000000560c7000 nmethod 1592 0x00000000028e86d0 code [0x00000000028e8900, 0x00000000028e9088]
Event: 5.759 Thread 0x00000000560c7000 1590       2       com.android.dx.rop.cst.CstBaseMethodRef::isClassInit (8 bytes)
Event: 5.759 Thread 0x00000000560c7000 nmethod 1590 0x00000000028e8290 code [0x00000000028e8400, 0x00000000028e8588]
Event: 5.759 Thread 0x00000000560c7000 1591       2       com.android.dx.rop.cst.CstNat::isClassInit (13 bytes)
Event: 5.760 Thread 0x00000000560c7000 nmethod 1591 0x00000000028e7ed0 code [0x00000000028e8040, 0x00000000028e81c8]
Event: 5.760 Thread 0x00000000560c7000 1589       2       com.android.dx.cf.code.LineNumberList::concat (92 bytes)
Event: 5.762 Thread 0x00000000560c7000 nmethod 1589 0x00000000028e5f50 code [0x00000000028e61c0, 0x00000000028e6d88]
Event: 5.805 Thread 0x00000000560c7000 1593 % !   3       com.android.dx.cf.code.Ropper::processBlock @ 1035 (1101 bytes)
Event: 5.821 Thread 0x00000000560c7000 nmethod 1593% 0x00000000028f5bd0 code [0x00000000028f6760, 0x00000000029002b8]

GC Heap History (7 events):
Event: 3.626 GC heap before
{Heap before GC invocations=1 (full 0):
 PSYoungGen      total 28672K, used 24576K [0x00000000eab00000, 0x00000000ecb00000, 0x0000000100000000)
  eden space 24576K, 100% used [0x00000000eab00000,0x00000000ec300000,0x00000000ec300000)
  from space 4096K, 0% used [0x00000000ec700000,0x00000000ec700000,0x00000000ecb00000)
  to   space 4096K, 0% used [0x00000000ec300000,0x00000000ec300000,0x00000000ec700000)
 ParOldGen       total 65536K, used 0K [0x00000000c0000000, 0x00000000c4000000, 0x00000000eab00000)
  object space 65536K, 0% used [0x00000000c0000000,0x00000000c0000000,0x00000000c4000000)
 Metaspace       used 5622K, capacity 6768K, committed 7040K, reserved 1056768K
  class space    used 574K, capacity 616K, committed 640K, reserved 1048576K
Event: 3.783 GC heap after
Heap after GC invocations=1 (full 0):
 PSYoungGen      total 28672K, used 4080K [0x00000000eab00000, 0x00000000ee300000, 0x0000000100000000)
  eden space 24576K, 0% used [0x00000000eab00000,0x00000000eab00000,0x00000000ec300000)
  from space 4096K, 99% used [0x00000000ec300000,0x00000000ec6fc360,0x00000000ec700000)
  to   space 4096K, 0% used [0x00000000edf00000,0x00000000edf00000,0x00000000ee300000)
 ParOldGen       total 65536K, used 1280K [0x00000000c0000000, 0x00000000c4000000, 0x00000000eab00000)
  object space 65536K, 1% used [0x00000000c0000000,0x00000000c0140360,0x00000000c4000000)
 Metaspace       used 5622K, capacity 6768K, committed 7040K, reserved 1056768K
  class space    used 574K, capacity 616K, committed 640K, reserved 1048576K
}
Event: 4.493 GC heap before
{Heap before GC invocations=2 (full 0):
 PSYoungGen      total 28672K, used 28656K [0x00000000eab00000, 0x00000000ee300000, 0x0000000100000000)
  eden space 24576K, 100% used [0x00000000eab00000,0x00000000ec300000,0x00000000ec300000)
  from space 4096K, 99% used [0x00000000ec300000,0x00000000ec6fc360,0x00000000ec700000)
  to   space 4096K, 0% used [0x00000000edf00000,0x00000000edf00000,0x00000000ee300000)
 ParOldGen       total 65536K, used 1280K [0x00000000c0000000, 0x00000000c4000000, 0x00000000eab00000)
  object space 65536K, 1% used [0x00000000c0000000,0x00000000c0140360,0x00000000c4000000)
 Metaspace       used 5783K, capacity 6896K, committed 7040K, reserved 1056768K
  class space    used 574K, capacity 616K, committed 640K, reserved 1048576K
Event: 4.612 GC heap after
Heap after GC invocations=2 (full 0):
 PSYoungGen      total 53248K, used 4072K [0x00000000eab00000, 0x00000000ee300000, 0x0000000100000000)
  eden space 49152K, 0% used [0x00000000eab00000,0x00000000eab00000,0x00000000edb00000)
  from space 4096K, 99% used [0x00000000edf00000,0x00000000ee2fa248,0x00000000ee300000)
  to   space 4096K, 0% used [0x00000000edb00000,0x00000000edb00000,0x00000000edf00000)
 ParOldGen       total 65536K, used 4816K [0x00000000c0000000, 0x00000000c4000000, 0x00000000eab00000)
  object space 65536K, 7% used [0x00000000c0000000,0x00000000c04b4018,0x00000000c4000000)
 Metaspace       used 5783K, capacity 6896K, committed 7040K, reserved 1056768K
  class space    used 574K, capacity 616K, committed 640K, reserved 1048576K
}
Event: 5.093 GC heap before
{Heap before GC invocations=3 (full 0):
 PSYoungGen      total 53248K, used 53224K [0x00000000eab00000, 0x00000000ee300000, 0x0000000100000000)
  eden space 49152K, 100% used [0x00000000eab00000,0x00000000edb00000,0x00000000edb00000)
  from space 4096K, 99% used [0x00000000edf00000,0x00000000ee2fa248,0x00000000ee300000)
  to   space 4096K, 0% used [0x00000000edb00000,0x00000000edb00000,0x00000000edf00000)
 ParOldGen       total 65536K, used 4816K [0x00000000c0000000, 0x00000000c4000000, 0x00000000eab00000)
  object space 65536K, 7% used [0x00000000c0000000,0x00000000c04b4018,0x00000000c4000000)
 Metaspace       used 5891K, capacity 6960K, committed 7040K, reserved 1056768K
  class space    used 582K, capacity 616K, committed 640K, reserved 1048576K
Event: 5.228 GC heap after
Heap after GC invocations=3 (full 0):
 PSYoungGen      total 53248K, used 4090K [0x00000000eab00000, 0x00000000f1300000, 0x0000000100000000)
  eden space 49152K, 0% used [0x00000000eab00000,0x00000000eab00000,0x00000000edb00000)
  from space 4096K, 99% used [0x00000000edb00000,0x00000000edefe858,0x00000000edf00000)
  to   space 4096K, 0% used [0x00000000f0f00000,0x00000000f0f00000,0x00000000f1300000)
 ParOldGen       total 65536K, used 16829K [0x00000000c0000000, 0x00000000c4000000, 0x00000000eab00000)
  object space 65536K, 25% used [0x00000000c0000000,0x00000000c106f4e8,0x00000000c4000000)
 Metaspace       used 5891K, capacity 6960K, committed 7040K, reserved 1056768K
  class space    used 582K, capacity 616K, committed 640K, reserved 1048576K
}
Event: 5.828 GC heap before
{Heap before GC invocations=4 (full 0):
 PSYoungGen      total 53248K, used 53242K [0x00000000eab00000, 0x00000000f1300000, 0x0000000100000000)
  eden space 49152K, 100% used [0x00000000eab00000,0x00000000edb00000,0x00000000edb00000)
  from space 4096K, 99% used [0x00000000edb00000,0x00000000edefe858,0x00000000edf00000)
  to   space 4096K, 0% used [0x00000000f0f00000,0x00000000f0f00000,0x00000000f1300000)
 ParOldGen       total 65536K, used 16829K [0x00000000c0000000, 0x00000000c4000000, 0x00000000eab00000)
  object space 65536K, 25% used [0x00000000c0000000,0x00000000c106f4e8,0x00000000c4000000)
 Metaspace       used 5923K, capacity 7024K, committed 7296K, reserved 1056768K
  class space    used 583K, capacity 616K, committed 640K, reserved 1048576K

Deoptimization events (10 events):
Event: 4.970 Thread 0x000000005621b800 Uncommon trap: reason=unstable_if action=reinterpret pc=0x0000000002849db4 method=com.android.dx.rop.code.RegisterSpec.equals(ILcom/android/dx/rop/type/TypeBearer;Lcom/android/dx/rop/code/LocalItem;)Z @ 16
Event: 4.998 Thread 0x0000000001ebf000 Uncommon trap: reason=unstable_if action=reinterpret pc=0x000000000271c5d0 method=com.android.dx.cf.code.BasicBlocker.addWorkIfNecessary(IZ)V @ 8
Event: 5.012 Thread 0x0000000001ebf000 Uncommon trap: reason=unstable_if action=reinterpret pc=0x00000000027e9a1c method=com.android.dx.util.BitIntSet.has(I)Z @ 8
Event: 5.070 Thread 0x00000000563a4000 Uncommon trap: reason=unstable_if action=reinterpret pc=0x000000000286d0f8 method=com.android.dx.ssa.SsaRenamer$BlockRenamer.visitMoveInsn(Lcom/android/dx/ssa/NormalSsaInsn;)V @ 64
Event: 5.401 Thread 0x000000005621b800 Uncommon trap: reason=class_check action=maybe_recompile pc=0x00000000024e9a20 method=com.android.dx.ssa.NormalSsaInsn.accept(Lcom/android/dx/ssa/SsaInsn$Visitor;)V @ 9
Event: 5.401 Thread 0x000000005621b800 Uncommon trap: reason=class_check action=maybe_recompile pc=0x00000000024e9a20 method=com.android.dx.ssa.NormalSsaInsn.accept(Lcom/android/dx/ssa/SsaInsn$Visitor;)V @ 9
Event: 5.401 Thread 0x000000005621b800 Uncommon trap: reason=class_check action=maybe_recompile pc=0x00000000024e9a20 method=com.android.dx.ssa.NormalSsaInsn.accept(Lcom/android/dx/ssa/SsaInsn$Visitor;)V @ 9
Event: 5.401 Thread 0x000000005621b800 Uncommon trap: reason=class_check action=maybe_recompile pc=0x00000000024e9a20 method=com.android.dx.ssa.NormalSsaInsn.accept(Lcom/android/dx/ssa/SsaInsn$Visitor;)V @ 9
Event: 5.454 Thread 0x0000000001ebf000 Uncommon trap: reason=unstable_if action=reinterpret pc=0x000000000289f998 method=com.android.dx.cf.code.Ropper.mergeAndWorkAsNecessary(IILcom/android/dx/cf/code/Ropper$Subroutine;Lcom/android/dx/cf/code/Frame;[I)V @ 47
Event: 5.580 Thread 0x0000000001ebf000 Uncommon trap: reason=bimorphic action=maybe_recompile pc=0x000000000285b1fc method=java.util.HashMap.getNode(ILjava/lang/Object;)Ljava/util/HashMap$Node; @ 126

Internal exceptions (2 events):
Event: 0.254 Thread 0x0000000001ebf000 Exception <a 'java/lang/NoSuchMethodError': Method sun.misc.Unsafe.defineClass(Ljava/lang/String;[BII)Ljava/lang/Class; name or signature does not match> (0x00000000eab13090) thrown at [C:\workspace\8-2-build-windows-amd64-cygwin\jdk8u65\4987\hotspot\src\sB>â]8>Ð?
Event: 0.254 Thread 0x0000000001ebf000 Exception <a 'java/lang/NoSuchMethodError': Method sun.misc.Unsafe.prefetchRead(Ljava/lang/Object;J)V name or signature does not match> (0x00000000eab13378) thrown at [C:\workspace\8-2-build-windows-amd64-cygwin\jdk8u65\4987\hotspot\src\share\vm\prims\jni.

Events (10 events):
Event: 5.815 Thread 0x00000000563a4000 DEOPT UNPACKING pc=0x00000000022f787f sp=0x00000000575ee278 mode 0
Event: 5.816 Thread 0x00000000563a4000 DEOPT PACKING pc=0x00000000026205c6 sp=0x00000000575ee510
Event: 5.816 Thread 0x00000000563a4000 DEOPT UNPACKING pc=0x00000000022f787f sp=0x00000000575ee278 mode 0
Event: 5.817 Thread 0x00000000563a4000 DEOPT PACKING pc=0x00000000026205c6 sp=0x00000000575ee510
Event: 5.817 Thread 0x00000000563a4000 DEOPT UNPACKING pc=0x00000000022f787f sp=0x00000000575ee278 mode 0
Event: 5.818 Thread 0x00000000563a4000 DEOPT PACKING pc=0x00000000026205c6 sp=0x00000000575ee510
Event: 5.818 Thread 0x00000000563a4000 DEOPT UNPACKING pc=0x00000000022f787f sp=0x00000000575ee278 mode 0
Event: 5.819 Thread 0x00000000563a4000 DEOPT PACKING pc=0x00000000026205c6 sp=0x00000000575ee510
Event: 5.819 Thread 0x00000000563a4000 DEOPT UNPACKING pc=0x00000000022f787f sp=0x00000000575ee278 mode 0
Event: 5.828 Executing VM operation: ParallelGCFailedAllocation


Dynamic libraries:
0x000000013fb40000 - 0x000000013fb77000 	C:\Program Files\Java\jdk1.8.0_65\bin\java.exe
0x0000000077a10000 - 0x0000000077bb9000 	C:\Windows\SYSTEM32\ntdll.dll
0x00000000777f0000 - 0x000000007790f000 	C:\Windows\system32\kernel32.dll
0x000007fefd800000 - 0x000007fefd86c000 	C:\Windows\system32\KERNELBASE.dll
0x000007feff940000 - 0x000007feffa1b000 	C:\Windows\system32\ADVAPI32.dll
0x000007feffc80000 - 0x000007feffd1f000 	C:\Windows\system32\msvcrt.dll
0x000007feffc60000 - 0x000007feffc7f000 	C:\Windows\SYSTEM32\sechost.dll
0x000007fefe210000 - 0x000007fefe33d000 	C:\Windows\system32\RPCRT4.dll
0x0000000077910000 - 0x0000000077a0a000 	C:\Windows\system32\USER32.dll
0x000007fefe760000 - 0x000007fefe7c7000 	C:\Windows\system32\GDI32.dll
0x000007feff5e0000 - 0x000007feff5ee000 	C:\Windows\system32\LPK.dll
0x000007feff870000 - 0x000007feff939000 	C:\Windows\system32\USP10.dll
0x000007fefcf90000 - 0x000007fefd184000 	C:\Windows\WinSxS\amd64_microsoft.windows.common-controls_6595b64144ccf1df_6.0.7601.18837_none_fa3b1e3d17594757\COMCTL32.dll
0x000007fefe7d0000 - 0x000007fefe841000 	C:\Windows\system32\SHLWAPI.dll
0x000007fefdde0000 - 0x000007fefde0e000 	C:\Windows\system32\IMM32.DLL
0x000007fefde10000 - 0x000007fefdf19000 	C:\Windows\system32\MSCTF.dll
0x000007fefd6f0000 - 0x000007fefd721000 	C:\Windows\system32\nvinitx.dll
0x000007fefd6e0000 - 0x000007fefd6ec000 	C:\Windows\system32\VERSION.dll
0x000007fefa4c0000 - 0x000007fefa53e000 	C:\Windows\system32\NV\igdumd64.dll
0x000007fefdb80000 - 0x000007fefdd57000 	C:\Windows\system32\SETUPAPI.dll
0x000007fefd8d0000 - 0x000007fefd906000 	C:\Windows\system32\CFGMGR32.dll
0x000007fefdf20000 - 0x000007fefdff7000 	C:\Windows\system32\OLEAUT32.dll
0x000007fefe000000 - 0x000007fefe203000 	C:\Windows\system32\ole32.dll
0x000007fefd930000 - 0x000007fefd94a000 	C:\Windows\system32\DEVOBJ.dll
0x000007fefa3a0000 - 0x000007fefa41e000 	C:\Windows\system32\NV\igd10umd64.dll
0x0000000061a70000 - 0x0000000061b42000 	C:\Program Files\Java\jdk1.8.0_65\jre\bin\msvcr100.dll
0x000000006ff00000 - 0x0000000070789000 	C:\Program Files\Java\jdk1.8.0_65\jre\bin\server\jvm.dll
0x000007fef7290000 - 0x000007fef7299000 	C:\Windows\system32\WSOCK32.dll
0x000007fefe440000 - 0x000007fefe48d000 	C:\Windows\system32\WS2_32.dll
0x000007feffbb0000 - 0x000007feffbb8000 	C:\Windows\system32\NSI.dll
0x000007fefa360000 - 0x000007fefa39b000 	C:\Windows\system32\WINMM.dll
0x0000000077be0000 - 0x0000000077be7000 	C:\Windows\system32\PSAPI.DLL
0x0000000073110000 - 0x000000007311f000 	C:\Program Files\Java\jdk1.8.0_65\jre\bin\verify.dll
0x0000000073090000 - 0x00000000730b9000 	C:\Program Files\Java\jdk1.8.0_65\jre\bin\java.dll
0x0000000073070000 - 0x0000000073086000 	C:\Program Files\Java\jdk1.8.0_65\jre\bin\zip.dll
0x000007fefe850000 - 0x000007feff5d9000 	C:\Windows\system32\SHELL32.dll
0x000007fefd7c0000 - 0x000007fefd7cf000 	C:\Windows\system32\profapi.dll

VM Arguments:
jvm_args: -Djava.awt.headless=true -Xmx1024M -Dfile.encoding=windows-1250 -Duser.country=US -Duser.language=en -Duser.variant 
java_command: com.android.dx.command.Main --dex --force-jumbo --num-threads=4 --output D:\projekti-programi\android_studio\HZJ\app\build\intermediates\pre-dexed\debug\main_bac47c680b38ac5c9e9aa4002d8cdb43b7a844b9.jar D:\projekti-programi\android_studio\HZJ\app\build\intermediates\transforms\instantRun\debug\folders\1\5\main
java_class_path (initial): C:\Users\ANTE\AppData\Local\Android\sdk\build-tools\23.0.3\lib\dx.jar
Launcher Type: SUN_STANDARD

Environment Variables:
PATH=C:\oraclexe\app\oracle\product\11.2.0\server\bin;;C:\ProgramData\Oracle\Java\javapath;C:\Perl64\site\bin;C:\Perl64\bin;C:\Python\Python27\;C:\Python\Python27\Scripts;C:\PROGRAM FILES (X86)\AMD APP\BIN\X86_64;C:\PROGRAM FILES (X86)\AMD APP\BIN\X86;C:\Windows\SYSTEM32;C:\Windows;C:\Windows\SYSTEM32\WBEM;C:\Windows\SYSTEM32\WINDOWSPOWERSHELL\V1.0\;C:\PROGRAM FILES\INTEL\WIFI\BIN\;C:\PROGRAM FILES\COMMON FILES\INTEL\WIRELESSCOMMON\;C:\PROGRAM FILES\LENOVO\BLUETOOTH SOFTWARE\;C:\PROGRAM FILES\LENOVO\BLUETOOTH SOFTWARE\SYSWOW64;C:\Program Files (x86)\Intel\OpenCL SDK\1.5\bin\x86;C:\Program Files (x86)\Intel\OpenCL SDK\1.5\bin\x64;C:\Program Files (x86)\NVIDIA Corporation\PhysX\Common;C:\Program Files (x86)\Windows Kits\8.1\Windows Performance Toolkit\;C:\Program Files\Microsoft SQL Server\110\Tools\Binn\;C:\Program Files\Microsoft SQL Server\110\DTS\Binn\;C:\Program Files (x86)\Microsoft SQL Server\110\Tools\Binn\;C:\Program Files (x86)\Microsoft SQL Server\110\Tools\Binn\ManagementStudio\;C:\Program Files (x86)\Microsoft Visual Studio 10.0\Common7\IDE\PrivateAssemblies\;C:\Program Files (x86)\Microsoft SQL Server\110\DTS\Binn\;C:\Program Files (x86)\QuickTime\QTSystem\;C:\Program Files (x86)\Microsoft SDKs\TypeScript\1.0\;C:\Program Files\Microsoft SQL Server\120\Tools\Binn\;C:\Program Files (x86)\Skype\Phone\;C:\Program Files (x86)\GtkSharp\2.12\bin;C:\Program Files\Microsoft\Web Platform Installer\;C:\Program Files\MATLAB\MATLAB Production Server\R2015a\runtime\win64;C:\Program Files\MATLAB\MATLAB Production Server\R2015a\bin;C:\Program Files\MATLAB\MATLAB Production Server\R2015a\polyspace\bin;C:\RailsInstaller\Git\cmd;C:\RailsInstaller\Ruby2.1.0\bin;C:\Program Files\Intel\WiFi\bin\;C:\Program Files\Common Files\Intel\WirelessCommon\;C:\Modeltech_pe_edu_10.4a\win32pe_edu
USERNAME=ANTE
OS=Windows_NT
PROCESSOR_IDENTIFIER=Intel64 Family 6 Model 42 Stepping 7, GenuineIntel



---------------  S Y S T E M  ---------------

OS: Windows 7 , 64 bit Build 7601 (6.1.7601.18869)

CPU:total 4 (2 cores per cpu, 2 threads per core) family 6 model 42 stepping 7, cmov, cx8, fxsr, mmx, sse, sse2, sse3, ssse3, sse4.1, sse4.2, popcnt, avx, aes, clmul, ht, tsc, tscinvbit

Memory: 4k page, physical 6233968k(80112k free), swap 16171908k(5188k free)

vm_info: Java HotSpot(TM) 64-Bit Server VM (25.65-b01) for windows-amd64 JRE (1.8.0_65-b17), built on Oct  6 2015 16:39:20 by "java_re" with MS VC++ 10.0 (VS2010)

time: Thu May 19 00:33:55 2016
elapsed time: 5 seconds (0d 0h 0m 5s)

