#
# There is insufficient memory for the Java Runtime Environment to continue.
# Native memory allocation (malloc) failed to allocate 1469936 bytes for Chunk::new
# Possible reasons:
#   The system is out of physical RAM or swap space
#   In 32 bit mode, the process size limit was hit
# Possible solutions:
#   Reduce memory load on the system
#   Increase physical memory or swap space
#   Check if swap backing store is full
#   Use 64 bit Java on a 64 bit OS
#   Decrease Java heap size (-Xmx/-Xms)
#   Decrease number of Java threads
#   Decrease Java thread stack sizes (-Xss)
#   Set larger code cache with -XX:ReservedCodeCacheSize=
# This output file may be truncated or incomplete.
#
#  Out of Memory Error (allocation.cpp:390), pid=304716, tid=302992
#
# JRE version: Java(TM) SE Runtime Environment (8.0_65-b17) (build 1.8.0_65-b17)
# Java VM: Java HotSpot(TM) 64-Bit Server VM (25.65-b01 mixed mode windows-amd64 compressed oops)
# Failed to write core dump. Minidumps are not enabled by default on client versions of Windows
#

---------------  T H R E A D  ---------------

Current thread (0x000000005637c000):  JavaThread "C2 CompilerThread1" daemon [_thread_in_native, id=302992, stack(0x0000000056c60000,0x0000000056d60000)]

Stack: [0x0000000056c60000,0x0000000056d60000]
[error occurred during error reporting (printing stack bounds), id 0xc0000005]

Native frames: (J=compiled Java code, j=interpreted, Vv=VM code, C=native code)


Current CompileTask:
C2:   8450 2064       4       com.android.dx.cf.code.Simulator$SimVisitor::visitConstant (332 bytes)


---------------  P R O C E S S  ---------------

Java Threads: ( => current thread )
  0x00000000565ce800 JavaThread "pool-1-thread-4" [_thread_blocked, id=304084, stack(0x00000000575b0000,0x00000000576b0000)]
  0x00000000565cb800 JavaThread "pool-1-thread-3" [_thread_blocked, id=304812, stack(0x00000000570e0000,0x00000000571e0000)]
  0x0000000056618800 JavaThread "pool-1-thread-2" [_thread_blocked, id=304216, stack(0x00000000572c0000,0x00000000573c0000)]
  0x0000000056614800 JavaThread "pool-2-thread-1" [_thread_blocked, id=304548, stack(0x0000000055fd0000,0x00000000560d0000)]
  0x0000000056612800 JavaThread "pool-1-thread-1" [_thread_blocked, id=303828, stack(0x0000000056fd0000,0x00000000570d0000)]
  0x00000000563d6800 JavaThread "Service Thread" daemon [_thread_blocked, id=302256, stack(0x0000000056ed0000,0x0000000056fd0000)]
  0x0000000056394800 JavaThread "C1 CompilerThread2" daemon [_thread_blocked, id=284776, stack(0x0000000056d60000,0x0000000056e60000)]
=>0x000000005637c000 JavaThread "C2 CompilerThread1" daemon [_thread_in_native, id=302992, stack(0x0000000056c60000,0x0000000056d60000)]
  0x0000000056362800 JavaThread "C2 CompilerThread0" daemon [_thread_in_native, id=295444, stack(0x0000000055d40000,0x0000000055e40000)]
  0x0000000056360800 JavaThread "Attach Listener" daemon [_thread_blocked, id=301348, stack(0x00000000569c0000,0x0000000056ac0000)]
  0x0000000054f41800 JavaThread "Signal Dispatcher" daemon [_thread_blocked, id=297336, stack(0x0000000056800000,0x0000000056900000)]
  0x0000000054ee2000 JavaThread "Finalizer" daemon [_thread_blocked, id=302896, stack(0x0000000056260000,0x0000000056360000)]
  0x0000000054ee0800 JavaThread "Reference Handler" daemon [_thread_blocked, id=302828, stack(0x00000000560e0000,0x00000000561e0000)]
  0x00000000004af000 JavaThread "main" [_thread_blocked, id=303052, stack(0x0000000002100000,0x0000000002200000)]

Other Threads:
  0x0000000054edb000 VMThread [stack: 0x0000000055ec0000,0x0000000055fc0000] [id=305064]
  0x00000000563e2000 WatcherThread [stack: 0x0000000056b60000,0x0000000056c60000] [id=302208]

VM state:not at safepoint (normal execution)

VM Mutex/Monitor currently owned by a thread: None

Heap:
 PSYoungGen      total 53248K, used 40881K [0x00000000eab00000, 0x00000000f1300000, 0x0000000100000000)
  eden space 49152K, 74% used [0x00000000eab00000,0x00000000eceee748,0x00000000edb00000)
  from space 4096K, 99% used [0x00000000edb00000,0x00000000edefe030,0x00000000edf00000)
  to   space 4096K, 0% used [0x00000000f0f00000,0x00000000f0f00000,0x00000000f1300000)
 ParOldGen       total 65536K, used 11282K [0x00000000c0000000, 0x00000000c4000000, 0x00000000eab00000)
  object space 65536K, 17% used [0x00000000c0000000,0x00000000c0b04928,0x00000000c4000000)
 Metaspace       used 6325K, capacity 7128K, committed 7424K, reserved 1056768K
  class space    used 624K, capacity 656K, committed 768K, reserved 1048576K

Card table byte_map: [0x0000000011890000,0x0000000011aa0000] byte_map_base: 0x0000000011290000

Marking Bits: (ParMarkBitMap*) 0x000000007070a5b0
 Begin Bits: [0x0000000012350000, 0x0000000013350000)
 End Bits:   [0x0000000013350000, 0x0000000014350000)

Polling page: 0x0000000000440000

CodeCache: size=245760Kb used=7437Kb max_used=7450Kb free=238322Kb
 bounds [0x00000000024d0000, 0x0000000002c20000, 0x00000000114d0000]
 total_blobs=2084 nmethods=1815 adapters=182
 compilation: enabled

Compilation events (10 events):
Event: 8.419 Thread 0x0000000056362800 2081       4       com.android.dx.cf.code.ByteCatchList::toRopCatchList (57 bytes)
Event: 8.419 Thread 0x0000000056394800 nmethod 2123 0x0000000002c07050 code [0x0000000002c07240, 0x0000000002c078d8]
Event: 8.425 Thread 0x0000000056362800 nmethod 2081 0x0000000002c02e90 code [0x0000000002c03000, 0x0000000002c03368]
Event: 8.425 Thread 0x0000000056362800 2120       4       com.android.dx.rop.type.Type::isCategory2 (36 bytes)
Event: 8.425 Thread 0x0000000056362800 nmethod 2120 0x00000000028b32d0 code [0x00000000028b3400, 0x00000000028b3478]
Event: 8.426 Thread 0x0000000056362800 2082       4       com.android.dx.rop.code.RegisterSpec::getType (10 bytes)
Event: 8.426 Thread 0x0000000056362800 nmethod 2082 0x0000000002adadd0 code [0x0000000002adaf00, 0x0000000002adaf78]
Event: 8.426 Thread 0x0000000056362800 2089 %     4       com.android.dx.util.IntList::mutableCopy @ 16 (39 bytes)
Event: 8.442 Thread 0x0000000056362800 nmethod 2089% 0x0000000002c1bbd0 code [0x0000000002c1bd40, 0x0000000002c1c5d8]
Event: 8.442 Thread 0x0000000056362800 2122   !   4       com.android.dx.cf.code.Ropper::processBlock (1101 bytes)

GC Heap History (6 events):
Event: 2.131 GC heap before
{Heap before GC invocations=1 (full 0):
 PSYoungGen      total 28672K, used 24576K [0x00000000eab00000, 0x00000000ecb00000, 0x0000000100000000)
  eden space 24576K, 100% used [0x00000000eab00000,0x00000000ec300000,0x00000000ec300000)
  from space 4096K, 0% used [0x00000000ec700000,0x00000000ec700000,0x00000000ecb00000)
  to   space 4096K, 0% used [0x00000000ec300000,0x00000000ec300000,0x00000000ec700000)
 ParOldGen       total 65536K, used 0K [0x00000000c0000000, 0x00000000c4000000, 0x00000000eab00000)
  object space 65536K, 0% used [0x00000000c0000000,0x00000000c0000000,0x00000000c4000000)
 Metaspace       used 5831K, capacity 6768K, committed 7040K, reserved 1056768K
  class space    used 600K, capacity 616K, committed 640K, reserved 1048576K
Event: 2.455 GC heap after
Heap after GC invocations=1 (full 0):
 PSYoungGen      total 28672K, used 4068K [0x00000000eab00000, 0x00000000ee300000, 0x0000000100000000)
  eden space 24576K, 0% used [0x00000000eab00000,0x00000000eab00000,0x00000000ec300000)
  from space 4096K, 99% used [0x00000000ec300000,0x00000000ec6f92a8,0x00000000ec700000)
  to   space 4096K, 0% used [0x00000000edf00000,0x00000000edf00000,0x00000000ee300000)
 ParOldGen       total 65536K, used 1336K [0x00000000c0000000, 0x00000000c4000000, 0x00000000eab00000)
  object space 65536K, 2% used [0x00000000c0000000,0x00000000c014e150,0x00000000c4000000)
 Metaspace       used 5831K, capacity 6768K, committed 7040K, reserved 1056768K
  class space    used 600K, capacity 616K, committed 640K, reserved 1048576K
}
Event: 3.166 GC heap before
{Heap before GC invocations=2 (full 0):
 PSYoungGen      total 28672K, used 28644K [0x00000000eab00000, 0x00000000ee300000, 0x0000000100000000)
  eden space 24576K, 100% used [0x00000000eab00000,0x00000000ec300000,0x00000000ec300000)
  from space 4096K, 99% used [0x00000000ec300000,0x00000000ec6f92a8,0x00000000ec700000)
  to   space 4096K, 0% used [0x00000000edf00000,0x00000000edf00000,0x00000000ee300000)
 ParOldGen       total 65536K, used 1336K [0x00000000c0000000, 0x00000000c4000000, 0x00000000eab00000)
  object space 65536K, 2% used [0x00000000c0000000,0x00000000c014e150,0x00000000c4000000)
 Metaspace       used 5945K, capacity 6896K, committed 7040K, reserved 1056768K
  class space    used 602K, capacity 616K, committed 640K, reserved 1048576K
Event: 3.589 GC heap after
Heap after GC invocations=2 (full 0):
 PSYoungGen      total 53248K, used 4088K [0x00000000eab00000, 0x00000000ee300000, 0x0000000100000000)
  eden space 49152K, 0% used [0x00000000eab00000,0x00000000eab00000,0x00000000edb00000)
  from space 4096K, 99% used [0x00000000edf00000,0x00000000ee2fe348,0x00000000ee300000)
  to   space 4096K, 0% used [0x00000000edb00000,0x00000000edb00000,0x00000000edf00000)
 ParOldGen       total 65536K, used 4362K [0x00000000c0000000, 0x00000000c4000000, 0x00000000eab00000)
  object space 65536K, 6% used [0x00000000c0000000,0x00000000c0442ac0,0x00000000c4000000)
 Metaspace       used 5945K, capacity 6896K, committed 7040K, reserved 1056768K
  class space    used 602K, capacity 616K, committed 640K, reserved 1048576K
}
Event: 5.208 GC heap before
{Heap before GC invocations=3 (full 0):
 PSYoungGen      total 53248K, used 53240K [0x00000000eab00000, 0x00000000ee300000, 0x0000000100000000)
  eden space 49152K, 100% used [0x00000000eab00000,0x00000000edb00000,0x00000000edb00000)
  from space 4096K, 99% used [0x00000000edf00000,0x00000000ee2fe348,0x00000000ee300000)
  to   space 4096K, 0% used [0x00000000edb00000,0x00000000edb00000,0x00000000edf00000)
 ParOldGen       total 65536K, used 4362K [0x00000000c0000000, 0x00000000c4000000, 0x00000000eab00000)
  object space 65536K, 6% used [0x00000000c0000000,0x00000000c0442ac0,0x00000000c4000000)
 Metaspace       used 6300K, capacity 7128K, committed 7424K, reserved 1056768K
  class space    used 624K, capacity 656K, committed 768K, reserved 1048576K
Event: 5.839 GC heap after
Heap after GC invocations=3 (full 0):
 PSYoungGen      total 53248K, used 4088K [0x00000000eab00000, 0x00000000f1300000, 0x0000000100000000)
  eden space 49152K, 0% used [0x00000000eab00000,0x00000000eab00000,0x00000000edb00000)
  from space 4096K, 99% used [0x00000000edb00000,0x00000000edefe030,0x00000000edf00000)
  to   space 4096K, 0% used [0x00000000f0f00000,0x00000000f0f00000,0x00000000f1300000)
 ParOldGen       total 65536K, used 11282K [0x00000000c0000000, 0x00000000c4000000, 0x00000000eab00000)
  object space 65536K, 17% used [0x00000000c0000000,0x00000000c0b04928,0x00000000c4000000)
 Metaspace       used 6300K, capacity 7128K, committed 7424K, reserved 1056768K
  class space    used 624K, capacity 656K, committed 768K, reserved 1048576K
}

Deoptimization events (10 events):
Event: 5.077 Thread 0x0000000056618800 Uncommon trap: reason=bimorphic action=maybe_recompile pc=0x00000000027f5c08 method=com.android.dx.ssa.LiteralOpUpgrader.tryReplacingWithConstant(Lcom/android/dx/ssa/NormalSsaInsn;)Z @ 52
Event: 5.087 Thread 0x0000000056618800 Uncommon trap: reason=bimorphic action=maybe_recompile pc=0x00000000027f5c08 method=com.android.dx.ssa.LiteralOpUpgrader.tryReplacingWithConstant(Lcom/android/dx/ssa/NormalSsaInsn;)Z @ 52
Event: 6.557 Thread 0x0000000056618800 Uncommon trap: reason=unstable_if action=reinterpret pc=0x0000000002afbb1c method=java.util.HashMap.putVal(ILjava/lang/Object;Ljava/lang/Object;ZZ)Ljava/lang/Object; @ 109
Event: 6.690 Thread 0x0000000056618800 Uncommon trap: reason=unstable_if action=reinterpret pc=0x0000000002b22068 method=java.util.HashMap.putVal(ILjava/lang/Object;Ljava/lang/Object;ZZ)Ljava/lang/Object; @ 109
Event: 6.690 Thread 0x0000000056618800 Uncommon trap: reason=unstable_if action=reinterpret pc=0x00000000027e7bd8 method=java.util.HashMap.getNode(ILjava/lang/Object;)Ljava/util/HashMap$Node; @ 84
Event: 6.694 Thread 0x0000000056618800 Uncommon trap: reason=unstable_if action=reinterpret pc=0x00000000029708b4 method=java.util.HashMap.putVal(ILjava/lang/Object;Ljava/lang/Object;ZZ)Ljava/lang/Object; @ 162
Event: 6.774 Thread 0x0000000056618800 Uncommon trap: reason=bimorphic action=maybe_recompile pc=0x00000000027f5c08 method=com.android.dx.ssa.LiteralOpUpgrader.tryReplacingWithConstant(Lcom/android/dx/ssa/NormalSsaInsn;)Z @ 52
Event: 6.775 Thread 0x0000000056618800 Uncommon trap: reason=bimorphic action=maybe_recompile pc=0x00000000027f5c08 method=com.android.dx.ssa.LiteralOpUpgrader.tryReplacingWithConstant(Lcom/android/dx/ssa/NormalSsaInsn;)Z @ 52
Event: 6.775 Thread 0x0000000056618800 Uncommon trap: reason=unstable_if action=reinterpret pc=0x0000000002a3ee34 method=com.android.dx.rop.code.LocalVariableInfo.mergeStarts(ILcom/android/dx/rop/code/RegisterSpecSet;)Z @ 31
Event: 8.232 Thread 0x00000000565cb800 Uncommon trap: reason=unstable_if action=reinterpret pc=0x00000000028c3d88 method=java.util.HashMap.resize()[Ljava/util/HashMap$Node; @ 206

Internal exceptions (6 events):
Event: 0.114 Thread 0x00000000004af000 Exception <a 'java/lang/NoSuchMethodError': Method sun.misc.Unsafe.defineClass(Ljava/lang/String;[BII)Ljava/lang/Class; name or signature does not match> (0x00000000eab13090) thrown at [C:\workspace\8-2-build-windows-amd64-cygwin\jdk8u65\4987\hotspot\src\s†ÃÇYD½?
Event: 0.114 Thread 0x00000000004af000 Exception <a 'java/lang/NoSuchMethodError': Method sun.misc.Unsafe.prefetchRead(Ljava/lang/Object;J)V name or signature does not match> (0x00000000eab13378) thrown at [C:\workspace\8-2-build-windows-amd64-cygwin\jdk8u65\4987\hotspot\src\share\vm\prims\jni.þN-$Ã@
Event: 4.691 Thread 0x00000000565cb800 Exception <a 'java/lang/ArrayIndexOutOfBoundsException': 18> (0x00000000ebf978c0) thrown at [C:\workspace\8-2-build-windows-amd64-cygwin\jdk8u65\4987\hotspot\src\share\vm\interpreter\interpreterRuntime.cpp, line 366]
Event: 4.691 Thread 0x00000000565cb800 Exception <a 'java/lang/ArrayIndexOutOfBoundsException': 145> (0x00000000ebf99440) thrown at [C:\workspace\8-2-build-windows-amd64-cygwin\jdk8u65\4987\hotspot\src\share\vm\interpreter\interpreterRuntime.cpp, line 366]
Event: 4.713 Thread 0x00000000565cb800 Exception <a 'java/lang/ArrayIndexOutOfBoundsException'> (0x00000000ebf9a728) thrown at [C:\workspace\8-2-build-windows-amd64-cygwin\jdk8u65\4987\hotspot\src\share\vm\runtime\sharedRuntime.cpp, line 605]
Event: 4.968 Thread 0x00000000565cb800 Implicit null exception at 0x00000000027bb304 to 0x00000000027bc7f9

Events (10 events):
Event: 8.240 Thread 0x00000000565cb800 DEOPT PACKING pc=0x000000000293cbeb sp=0x00000000571dec20
Event: 8.240 Thread 0x00000000565cb800 DEOPT UNPACKING pc=0x000000000251787f sp=0x00000000571de970 mode 0
Event: 8.244 Thread 0x00000000565cb800 DEOPT PACKING pc=0x0000000002940a8a sp=0x00000000571de9c0
Event: 8.244 Thread 0x00000000565cb800 DEOPT UNPACKING pc=0x000000000251787f sp=0x00000000571de788 mode 0
Event: 8.245 Thread 0x00000000565cb800 DEOPT PACKING pc=0x0000000002941805 sp=0x00000000571deb30
Event: 8.245 Thread 0x00000000565cb800 DEOPT UNPACKING pc=0x000000000251787f sp=0x00000000571de868 mode 0
Event: 8.260 Thread 0x00000000565cb800 DEOPT PACKING pc=0x000000000293d9dc sp=0x00000000571deac0
Event: 8.260 Thread 0x00000000565cb800 DEOPT UNPACKING pc=0x000000000251787f sp=0x00000000571de818 mode 0
Event: 8.267 Thread 0x00000000565cb800 DEOPT PACKING pc=0x0000000002893804 sp=0x00000000571deac0
Event: 8.267 Thread 0x00000000565cb800 DEOPT UNPACKING pc=0x000000000251787f sp=0x00000000571de7a0 mode 0


Dynamic libraries:
0x000000013fb40000 - 0x000000013fb77000 	C:\Program Files\Java\jdk1.8.0_65\bin\java.exe
0x0000000077a10000 - 0x0000000077bb9000 	C:\Windows\SYSTEM32\ntdll.dll
0x00000000777f0000 - 0x000000007790f000 	C:\Windows\system32\kernel32.dll
0x000007fefd800000 - 0x000007fefd86c000 	C:\Windows\system32\KERNELBASE.dll
0x000007feff940000 - 0x000007feffa1b000 	C:\Windows\system32\ADVAPI32.dll
0x000007feffc80000 - 0x000007feffd1f000 	C:\Windows\system32\msvcrt.dll
0x000007feffc60000 - 0x000007feffc7f000 	C:\Windows\SYSTEM32\sechost.dll
0x000007fefe210000 - 0x000007fefe33d000 	C:\Windows\system32\RPCRT4.dll
0x0000000077910000 - 0x0000000077a0a000 	C:\Windows\system32\USER32.dll
0x000007fefe760000 - 0x000007fefe7c7000 	C:\Windows\system32\GDI32.dll
0x000007feff5e0000 - 0x000007feff5ee000 	C:\Windows\system32\LPK.dll
0x000007feff870000 - 0x000007feff939000 	C:\Windows\system32\USP10.dll
0x000007fefcf90000 - 0x000007fefd184000 	C:\Windows\WinSxS\amd64_microsoft.windows.common-controls_6595b64144ccf1df_6.0.7601.18837_none_fa3b1e3d17594757\COMCTL32.dll
0x000007fefe7d0000 - 0x000007fefe841000 	C:\Windows\system32\SHLWAPI.dll
0x000007fefdde0000 - 0x000007fefde0e000 	C:\Windows\system32\IMM32.DLL
0x000007fefde10000 - 0x000007fefdf19000 	C:\Windows\system32\MSCTF.dll
0x000007fefd6f0000 - 0x000007fefd721000 	C:\Windows\system32\nvinitx.dll
0x000007fefd6e0000 - 0x000007fefd6ec000 	C:\Windows\system32\VERSION.dll
0x000007fefa4c0000 - 0x000007fefa53e000 	C:\Windows\system32\NV\igdumd64.dll
0x000007fefdb80000 - 0x000007fefdd57000 	C:\Windows\system32\SETUPAPI.dll
0x000007fefd8d0000 - 0x000007fefd906000 	C:\Windows\system32\CFGMGR32.dll
0x000007fefdf20000 - 0x000007fefdff7000 	C:\Windows\system32\OLEAUT32.dll
0x000007fefe000000 - 0x000007fefe203000 	C:\Windows\system32\ole32.dll
0x000007fefd930000 - 0x000007fefd94a000 	C:\Windows\system32\DEVOBJ.dll
0x000007fefa3a0000 - 0x000007fefa41e000 	C:\Windows\system32\NV\igd10umd64.dll
0x0000000061a70000 - 0x0000000061b42000 	C:\Program Files\Java\jdk1.8.0_65\jre\bin\msvcr100.dll
0x000000006ff00000 - 0x0000000070789000 	C:\Program Files\Java\jdk1.8.0_65\jre\bin\server\jvm.dll
0x000007fef7290000 - 0x000007fef7299000 	C:\Windows\system32\WSOCK32.dll
0x000007fefe440000 - 0x000007fefe48d000 	C:\Windows\system32\WS2_32.dll
0x000007feffbb0000 - 0x000007feffbb8000 	C:\Windows\system32\NSI.dll
0x000007fefa360000 - 0x000007fefa39b000 	C:\Windows\system32\WINMM.dll
0x0000000077be0000 - 0x0000000077be7000 	C:\Windows\system32\PSAPI.DLL
0x0000000073110000 - 0x000000007311f000 	C:\Program Files\Java\jdk1.8.0_65\jre\bin\verify.dll
0x0000000073090000 - 0x00000000730b9000 	C:\Program Files\Java\jdk1.8.0_65\jre\bin\java.dll
0x0000000073070000 - 0x0000000073086000 	C:\Program Files\Java\jdk1.8.0_65\jre\bin\zip.dll
0x000007fefe850000 - 0x000007feff5d9000 	C:\Windows\system32\SHELL32.dll
0x000007fefd7c0000 - 0x000007fefd7cf000 	C:\Windows\system32\profapi.dll

VM Arguments:
jvm_args: -Djava.awt.headless=true -Xmx1024M -Dfile.encoding=windows-1250 -Duser.country=US -Duser.language=en -Duser.variant 
java_command: com.android.dx.command.Main --dex --force-jumbo --num-threads=4 --output D:\projekti-programi\android_studio\HZJ\app\build\intermediates\pre-dexed\debug\com.android.support-recyclerview-v7-23.4.0_dd8d8ac17893eab40b0044ca3f670fe6211ad8eb.jar D:\projekti-programi\android_studio\HZJ\app\build\intermediates\exploded-aar\com.android.support\recyclerview-v7\23.4.0\jars\classes.jar
java_class_path (initial): C:\Users\ANTE\AppData\Local\Android\sdk\build-tools\23.0.3\lib\dx.jar
Launcher Type: SUN_STANDARD

Environment Variables:
PATH=C:\oraclexe\app\oracle\product\11.2.0\server\bin;;C:\ProgramData\Oracle\Java\javapath;C:\Perl64\site\bin;C:\Perl64\bin;C:\Python\Python27\;C:\Python\Python27\Scripts;C:\PROGRAM FILES (X86)\AMD APP\BIN\X86_64;C:\PROGRAM FILES (X86)\AMD APP\BIN\X86;C:\Windows\SYSTEM32;C:\Windows;C:\Windows\SYSTEM32\WBEM;C:\Windows\SYSTEM32\WINDOWSPOWERSHELL\V1.0\;C:\PROGRAM FILES\INTEL\WIFI\BIN\;C:\PROGRAM FILES\COMMON FILES\INTEL\WIRELESSCOMMON\;C:\PROGRAM FILES\LENOVO\BLUETOOTH SOFTWARE\;C:\PROGRAM FILES\LENOVO\BLUETOOTH SOFTWARE\SYSWOW64;C:\Program Files (x86)\Intel\OpenCL SDK\1.5\bin\x86;C:\Program Files (x86)\Intel\OpenCL SDK\1.5\bin\x64;C:\Program Files (x86)\NVIDIA Corporation\PhysX\Common;C:\Program Files (x86)\Windows Kits\8.1\Windows Performance Toolkit\;C:\Program Files\Microsoft SQL Server\110\Tools\Binn\;C:\Program Files\Microsoft SQL Server\110\DTS\Binn\;C:\Program Files (x86)\Microsoft SQL Server\110\Tools\Binn\;C:\Program Files (x86)\Microsoft SQL Server\110\Tools\Binn\ManagementStudio\;C:\Program Files (x86)\Microsoft Visual Studio 10.0\Common7\IDE\PrivateAssemblies\;C:\Program Files (x86)\Microsoft SQL Server\110\DTS\Binn\;C:\Program Files (x86)\QuickTime\QTSystem\;C:\Program Files (x86)\Microsoft SDKs\TypeScript\1.0\;C:\Program Files\Microsoft SQL Server\120\Tools\Binn\;C:\Program Files (x86)\Skype\Phone\;C:\Program Files (x86)\GtkSharp\2.12\bin;C:\Program Files\Microsoft\Web Platform Installer\;C:\Program Files\MATLAB\MATLAB Production Server\R2015a\runtime\win64;C:\Program Files\MATLAB\MATLAB Production Server\R2015a\bin;C:\Program Files\MATLAB\MATLAB Production Server\R2015a\polyspace\bin;C:\RailsInstaller\Git\cmd;C:\RailsInstaller\Ruby2.1.0\bin;C:\Program Files\Intel\WiFi\bin\;C:\Program Files\Common Files\Intel\WirelessCommon\;C:\Modeltech_pe_edu_10.4a\win32pe_edu
USERNAME=ANTE
OS=Windows_NT
PROCESSOR_IDENTIFIER=Intel64 Family 6 Model 42 Stepping 7, GenuineIntel



---------------  S Y S T E M  ---------------

OS: Windows 7 , 64 bit Build 7601 (6.1.7601.18869)

CPU:total 4 (2 cores per cpu, 2 threads per core) family 6 model 42 stepping 7, cmov, cx8, fxsr, mmx, sse, sse2, sse3, ssse3, sse4.1, sse4.2, popcnt, avx, aes, clmul, ht, tsc, tscinvbit

Memory: 4k page, physical 6233968k(85568k free), swap 16171908k(6312k free)

vm_info: Java HotSpot(TM) 64-Bit Server VM (25.65-b01) for windows-amd64 JRE (1.8.0_65-b17), built on Oct  6 2015 16:39:20 by "java_re" with MS VC++ 10.0 (VS2010)

time: Thu May 19 00:33:49 2016
elapsed time: 8 seconds (0d 0h 0m 8s)

