#
# There is insufficient memory for the Java Runtime Environment to continue.
# Native memory allocation (malloc) failed to allocate 650416 bytes for Chunk::new
# Possible reasons:
#   The system is out of physical RAM or swap space
#   In 32 bit mode, the process size limit was hit
# Possible solutions:
#   Reduce memory load on the system
#   Increase physical memory or swap space
#   Check if swap backing store is full
#   Use 64 bit Java on a 64 bit OS
#   Decrease Java heap size (-Xmx/-Xms)
#   Decrease number of Java threads
#   Decrease Java thread stack sizes (-Xss)
#   Set larger code cache with -XX:ReservedCodeCacheSize=
# This output file may be truncated or incomplete.
#
#  Out of Memory Error (allocation.cpp:390), pid=321812, tid=322336
#
# JRE version: Java(TM) SE Runtime Environment (8.0_65-b17) (build 1.8.0_65-b17)
# Java VM: Java HotSpot(TM) 64-Bit Server VM (25.65-b01 mixed mode windows-amd64 compressed oops)
# Failed to write core dump. Minidumps are not enabled by default on client versions of Windows
#

---------------  T H R E A D  ---------------

Current thread (0x00000000561a7000):  JavaThread "C2 CompilerThread1" daemon [_thread_in_native, id=322336, stack(0x0000000056a90000,0x0000000056b90000)]

Stack: [0x0000000056a90000,0x0000000056b90000]
[error occurred during error reporting (printing stack bounds), id 0xc0000005]

Native frames: (J=compiled Java code, j=interpreted, Vv=VM code, C=native code)


Current CompileTask:
C2:   5423 1410       4       com.android.dx.ssa.LocalVariableExtractor::processBlock (383 bytes)


---------------  P R O C E S S  ---------------

Java Threads: ( => current thread )
  0x000000005648f000 JavaThread "pool-2-thread-4" [_thread_blocked, id=322324, stack(0x0000000057d80000,0x0000000057e80000)]
  0x000000005648a000 JavaThread "pool-2-thread-3" [_thread_blocked, id=322136, stack(0x0000000057b00000,0x0000000057c00000)]
  0x0000000056400000 JavaThread "pool-2-thread-2" [_thread_blocked, id=322296, stack(0x00000000579e0000,0x0000000057ae0000)]
  0x00000000563fe000 JavaThread "pool-3-thread-1" [_thread_blocked, id=322052, stack(0x0000000055e40000,0x0000000055f40000)]
  0x0000000056479000 JavaThread "pool-2-thread-1" [_thread_blocked, id=321996, stack(0x0000000057820000,0x0000000057920000)]
  0x0000000054ded000 JavaThread "Service Thread" daemon [_thread_blocked, id=322012, stack(0x0000000056dc0000,0x0000000056ec0000)]
  0x00000000561a8000 JavaThread "C1 CompilerThread2" daemon [_thread_blocked, id=322204, stack(0x0000000056c60000,0x0000000056d60000)]
=>0x00000000561a7000 JavaThread "C2 CompilerThread1" daemon [_thread_in_native, id=322336, stack(0x0000000056a90000,0x0000000056b90000)]
  0x00000000561a3800 JavaThread "C2 CompilerThread0" daemon [_thread_in_native, id=322264, stack(0x0000000056960000,0x0000000056a60000)]
  0x0000000054de1800 JavaThread "Attach Listener" daemon [_thread_blocked, id=321988, stack(0x00000000567b0000,0x00000000568b0000)]
  0x0000000054de0000 JavaThread "Signal Dispatcher" daemon [_thread_blocked, id=322484, stack(0x0000000056680000,0x0000000056780000)]
  0x0000000054d82000 JavaThread "Finalizer" daemon [_thread_blocked, id=321816, stack(0x00000000560a0000,0x00000000561a0000)]
  0x0000000054d80800 JavaThread "Reference Handler" daemon [_thread_blocked, id=321776, stack(0x0000000055f90000,0x0000000056090000)]
  0x0000000001daf000 JavaThread "main" [_thread_blocked, id=319956, stack(0x0000000002150000,0x0000000002250000)]

Other Threads:
  0x0000000054d7b000 VMThread [stack: 0x0000000055cf0000,0x0000000055df0000] [id=320528]
  0x000000005623f000 WatcherThread [stack: 0x0000000056ee0000,0x0000000056fe0000] [id=322152]

VM state:not at safepoint (normal execution)

VM Mutex/Monitor currently owned by a thread: None

Heap:
 PSYoungGen      total 28672K, used 6867K [0x00000000eab00000, 0x00000000ecb00000, 0x0000000100000000)
  eden space 24576K, 11% used [0x00000000eab00000,0x00000000eadb8cf0,0x00000000ec300000)
  from space 4096K, 99% used [0x00000000ec700000,0x00000000ecafc028,0x00000000ecb00000)
  to   space 4096K, 0% used [0x00000000ec300000,0x00000000ec300000,0x00000000ec700000)
 ParOldGen       total 65536K, used 2806K [0x00000000c0000000, 0x00000000c4000000, 0x00000000eab00000)
  object space 65536K, 4% used [0x00000000c0000000,0x00000000c02bdac0,0x00000000c4000000)
 Metaspace       used 6092K, capacity 7024K, committed 7296K, reserved 1056768K
  class space    used 600K, capacity 616K, committed 640K, reserved 1048576K

Card table byte_map: [0x00000000118e0000,0x0000000011af0000] byte_map_base: 0x00000000112e0000

Marking Bits: (ParMarkBitMap*) 0x000000005c80a5b0
 Begin Bits: [0x00000000121f0000, 0x00000000131f0000)
 End Bits:   [0x00000000131f0000, 0x00000000141f0000)

Polling page: 0x0000000001b70000

CodeCache: size=245760Kb used=5745Kb max_used=5745Kb free=240014Kb
 bounds [0x0000000002520000, 0x0000000002ad0000, 0x0000000011520000]
 total_blobs=1682 nmethods=1413 adapters=182
 compilation: enabled

Compilation events (10 events):
Event: 5.404 Thread 0x00000000561a8000 nmethod 1402 0x0000000002ab3850 code [0x0000000002ab39a0, 0x0000000002ab3b70]
Event: 5.404 Thread 0x00000000561a8000 1409   !   3       java.lang.Class::getEnumConstantsShared (73 bytes)
Event: 5.405 Thread 0x00000000561a8000 nmethod 1409 0x0000000002ab0590 code [0x0000000002ab0780, 0x0000000002ab1168]
Event: 5.405 Thread 0x00000000561a8000 1407       1       com.android.dx.cf.attrib.InnerClassList$Item::getInnerClass (5 bytes)
Event: 5.405 Thread 0x00000000561a8000 nmethod 1407 0x0000000002a97650 code [0x0000000002a977a0, 0x0000000002a978b0]
Event: 5.405 Thread 0x00000000561a8000 1420       1       com.android.dx.rop.annotation.NameValuePair::getValue (5 bytes)
Event: 5.405 Thread 0x00000000561a8000 nmethod 1420 0x0000000002ab02d0 code [0x0000000002ab0420, 0x0000000002ab0530]
Event: 5.405 Thread 0x00000000561a8000 1421       1       com.android.dx.dex.file.DexFile::getStringIds (5 bytes)
Event: 5.405 Thread 0x00000000561a8000 nmethod 1421 0x0000000002ab0010 code [0x0000000002ab0160, 0x0000000002ab0270]
Event: 5.420 Thread 0x00000000561a8000 1424       3       java.util.concurrent.locks.AbstractQueuedSynchronizer::acquire (27 bytes)

GC Heap History (4 events):
Event: 2.654 GC heap before
{Heap before GC invocations=1 (full 0):
 PSYoungGen      total 28672K, used 24576K [0x00000000eab00000, 0x00000000ecb00000, 0x0000000100000000)
  eden space 24576K, 100% used [0x00000000eab00000,0x00000000ec300000,0x00000000ec300000)
  from space 4096K, 0% used [0x00000000ec700000,0x00000000ec700000,0x00000000ecb00000)
  to   space 4096K, 0% used [0x00000000ec300000,0x00000000ec300000,0x00000000ec700000)
 ParOldGen       total 65536K, used 0K [0x00000000c0000000, 0x00000000c4000000, 0x00000000eab00000)
  object space 65536K, 0% used [0x00000000c0000000,0x00000000c0000000,0x00000000c4000000)
 Metaspace       used 5853K, capacity 6832K, committed 7040K, reserved 1056768K
  class space    used 595K, capacity 616K, committed 640K, reserved 1048576K
Event: 2.698 GC heap after
Heap after GC invocations=1 (full 0):
 PSYoungGen      total 28672K, used 4086K [0x00000000eab00000, 0x00000000ecb00000, 0x0000000100000000)
  eden space 24576K, 0% used [0x00000000eab00000,0x00000000eab00000,0x00000000ec300000)
  from space 4096K, 99% used [0x00000000ec300000,0x00000000ec6fdb48,0x00000000ec700000)
  to   space 4096K, 0% used [0x00000000ec700000,0x00000000ec700000,0x00000000ecb00000)
 ParOldGen       total 65536K, used 380K [0x00000000c0000000, 0x00000000c4000000, 0x00000000eab00000)
  object space 65536K, 0% used [0x00000000c0000000,0x00000000c005f198,0x00000000c4000000)
 Metaspace       used 5853K, capacity 6832K, committed 7040K, reserved 1056768K
  class space    used 595K, capacity 616K, committed 640K, reserved 1048576K
}
Event: 5.011 GC heap before
{Heap before GC invocations=2 (full 0):
 PSYoungGen      total 28672K, used 28662K [0x00000000eab00000, 0x00000000ecb00000, 0x0000000100000000)
  eden space 24576K, 100% used [0x00000000eab00000,0x00000000ec300000,0x00000000ec300000)
  from space 4096K, 99% used [0x00000000ec300000,0x00000000ec6fdb48,0x00000000ec700000)
  to   space 4096K, 0% used [0x00000000ec700000,0x00000000ec700000,0x00000000ecb00000)
 ParOldGen       total 65536K, used 380K [0x00000000c0000000, 0x00000000c4000000, 0x00000000eab00000)
  object space 65536K, 0% used [0x00000000c0000000,0x00000000c005f198,0x00000000c4000000)
 Metaspace       used 6084K, capacity 7024K, committed 7296K, reserved 1056768K
  class space    used 600K, capacity 616K, committed 640K, reserved 1048576K
Event: 5.324 GC heap after
Heap after GC invocations=2 (full 0):
 PSYoungGen      total 28672K, used 4080K [0x00000000eab00000, 0x00000000ecb00000, 0x0000000100000000)
  eden space 24576K, 0% used [0x00000000eab00000,0x00000000eab00000,0x00000000ec300000)
  from space 4096K, 99% used [0x00000000ec700000,0x00000000ecafc028,0x00000000ecb00000)
  to   space 4096K, 0% used [0x00000000ec300000,0x00000000ec300000,0x00000000ec700000)
 ParOldGen       total 65536K, used 2806K [0x00000000c0000000, 0x00000000c4000000, 0x00000000eab00000)
  object space 65536K, 4% used [0x00000000c0000000,0x00000000c02bdac0,0x00000000c4000000)
 Metaspace       used 6084K, capacity 7024K, committed 7296K, reserved 1056768K
  class space    used 600K, capacity 616K, committed 640K, reserved 1048576K
}

Deoptimization events (10 events):
Event: 2.090 Thread 0x000000005648a000 Uncommon trap: reason=unstable_if action=reinterpret pc=0x0000000002735fe0 method=java.util.BitSet.nextSetBit(I)I @ 87
Event: 2.095 Thread 0x000000005648a000 Uncommon trap: reason=unstable_if action=reinterpret pc=0x000000000272c84c method=java.util.HashMap.getNode(ILjava/lang/Object;)Ljava/util/HashMap$Node; @ 129
Event: 2.095 Thread 0x000000005648a000 Uncommon trap: reason=unstable_if action=reinterpret pc=0x000000000278b1e4 method=java.util.BitSet.ensureCapacity(I)V @ 6
Event: 2.165 Thread 0x000000005648a000 Uncommon trap: reason=class_check action=maybe_recompile pc=0x00000000027b62c0 method=com.android.dx.ssa.NormalSsaInsn.accept(Lcom/android/dx/ssa/SsaInsn$Visitor;)V @ 9
Event: 2.180 Thread 0x000000005648a000 Uncommon trap: reason=class_check action=maybe_recompile pc=0x00000000027b62c0 method=com.android.dx.ssa.NormalSsaInsn.accept(Lcom/android/dx/ssa/SsaInsn$Visitor;)V @ 9
Event: 2.183 Thread 0x0000000056479000 Uncommon trap: reason=class_check action=maybe_recompile pc=0x00000000027b62c0 method=com.android.dx.ssa.NormalSsaInsn.accept(Lcom/android/dx/ssa/SsaInsn$Visitor;)V @ 9
Event: 2.183 Thread 0x0000000056479000 Uncommon trap: reason=class_check action=maybe_recompile pc=0x00000000027b62c0 method=com.android.dx.ssa.NormalSsaInsn.accept(Lcom/android/dx/ssa/SsaInsn$Visitor;)V @ 9
Event: 2.183 Thread 0x0000000056479000 Uncommon trap: reason=class_check action=maybe_recompile pc=0x000000000275bb20 method=com.android.dx.ssa.NormalSsaInsn.accept(Lcom/android/dx/ssa/SsaInsn$Visitor;)V @ 9
Event: 4.205 Thread 0x0000000056479000 Uncommon trap: reason=null_check action=make_not_entrant pc=0x000000000284bba0 method=com.android.dx.ssa.SsaRenamer.getLocalForNewReg(I)Lcom/android/dx/rop/code/LocalItem; @ 19
Event: 4.206 Thread 0x0000000056479000 Uncommon trap: reason=null_check action=make_not_entrant pc=0x000000000283c1e8 method=com.android.dx.ssa.SsaRenamer.getLocalForNewReg(I)Lcom/android/dx/rop/code/LocalItem; @ 19

Internal exceptions (4 events):
Event: 0.214 Thread 0x0000000001daf000 Exception <a 'java/lang/NoSuchMethodError': Method sun.misc.Unsafe.defineClass(Ljava/lang/String;[BII)Ljava/lang/Class; name or signature does not match> (0x00000000eab12ef0) thrown at [C:\workspace\8-2-build-windows-amd64-cygwin\jdk8u65\4987\hotspot\src\sÚ\uEHaË?
Event: 0.214 Thread 0x0000000001daf000 Exception <a 'java/lang/NoSuchMethodError': Method sun.misc.Unsafe.prefetchRead(Ljava/lang/Object;J)V name or signature does not match> (0x00000000eab131d8) thrown at [C:\workspace\8-2-build-windows-amd64-cygwin\jdk8u65\4987\hotspot\src\share\vm\prims\jni.¦ÃU"­Ñ@
Event: 4.205 Thread 0x0000000056479000 Implicit null exception at 0x0000000002849ae3 to 0x000000000284bb5d
Event: 4.206 Thread 0x0000000056479000 Implicit null exception at 0x000000000283a27e to 0x000000000283c1c5

Events (10 events):
Event: 4.906 loading class com/android/dx/cf/attrib/AttRuntimeInvisibleAnnotations
Event: 4.906 loading class com/android/dx/cf/attrib/AttRuntimeInvisibleAnnotations done
Event: 4.907 loading class com/android/dx/cf/attrib/BaseAnnotations
Event: 4.907 loading class com/android/dx/cf/attrib/BaseAnnotations done
Event: 4.917 Thread 0x000000005648a000 DEOPT PACKING pc=0x00000000027ae029 sp=0x0000000057bfeab0
Event: 4.917 Thread 0x000000005648a000 DEOPT UNPACKING pc=0x000000000256787f sp=0x0000000057bfe878 mode 0
Event: 4.950 Executing VM operation: ParallelGCFailedAllocation
Event: 5.324 Executing VM operation: ParallelGCFailedAllocation done
Event: 5.389 Thread 0x000000005648f000 DEOPT PACKING pc=0x00000000027ae029 sp=0x0000000057e7e9a0
Event: 5.389 Thread 0x000000005648f000 DEOPT UNPACKING pc=0x000000000256787f sp=0x0000000057e7e768 mode 0


Dynamic libraries:
0x000000013fef0000 - 0x000000013ff27000 	C:\Program Files\Java\jdk1.8.0_65\bin\java.exe
0x0000000077a10000 - 0x0000000077bb9000 	C:\Windows\SYSTEM32\ntdll.dll
0x00000000777f0000 - 0x000000007790f000 	C:\Windows\system32\kernel32.dll
0x000007fefd800000 - 0x000007fefd86c000 	C:\Windows\system32\KERNELBASE.dll
0x000007feff940000 - 0x000007feffa1b000 	C:\Windows\system32\ADVAPI32.dll
0x000007feffc80000 - 0x000007feffd1f000 	C:\Windows\system32\msvcrt.dll
0x000007feffc60000 - 0x000007feffc7f000 	C:\Windows\SYSTEM32\sechost.dll
0x000007fefe210000 - 0x000007fefe33d000 	C:\Windows\system32\RPCRT4.dll
0x0000000077910000 - 0x0000000077a0a000 	C:\Windows\system32\USER32.dll
0x000007fefe760000 - 0x000007fefe7c7000 	C:\Windows\system32\GDI32.dll
0x000007feff5e0000 - 0x000007feff5ee000 	C:\Windows\system32\LPK.dll
0x000007feff870000 - 0x000007feff939000 	C:\Windows\system32\USP10.dll
0x000007fefcf90000 - 0x000007fefd184000 	C:\Windows\WinSxS\amd64_microsoft.windows.common-controls_6595b64144ccf1df_6.0.7601.18837_none_fa3b1e3d17594757\COMCTL32.dll
0x000007fefe7d0000 - 0x000007fefe841000 	C:\Windows\system32\SHLWAPI.dll
0x000007fefdde0000 - 0x000007fefde0e000 	C:\Windows\system32\IMM32.DLL
0x000007fefde10000 - 0x000007fefdf19000 	C:\Windows\system32\MSCTF.dll
0x000007fefd6f0000 - 0x000007fefd721000 	C:\Windows\system32\nvinitx.dll
0x000007fefd6e0000 - 0x000007fefd6ec000 	C:\Windows\system32\VERSION.dll
0x000007fefa4c0000 - 0x000007fefa53e000 	C:\Windows\system32\NV\igdumd64.dll
0x000007fefdb80000 - 0x000007fefdd57000 	C:\Windows\system32\SETUPAPI.dll
0x000007fefd8d0000 - 0x000007fefd906000 	C:\Windows\system32\CFGMGR32.dll
0x000007fefdf20000 - 0x000007fefdff7000 	C:\Windows\system32\OLEAUT32.dll
0x000007fefe000000 - 0x000007fefe203000 	C:\Windows\system32\ole32.dll
0x000007fefd930000 - 0x000007fefd94a000 	C:\Windows\system32\DEVOBJ.dll
0x000007fefa3a0000 - 0x000007fefa41e000 	C:\Windows\system32\NV\igd10umd64.dll
0x000000005bb10000 - 0x000000005bbe2000 	C:\Program Files\Java\jdk1.8.0_65\jre\bin\msvcr100.dll
0x000000005c000000 - 0x000000005c889000 	C:\Program Files\Java\jdk1.8.0_65\jre\bin\server\jvm.dll
0x000007fef7290000 - 0x000007fef7299000 	C:\Windows\system32\WSOCK32.dll
0x000007fefe440000 - 0x000007fefe48d000 	C:\Windows\system32\WS2_32.dll
0x000007feffbb0000 - 0x000007feffbb8000 	C:\Windows\system32\NSI.dll
0x000007fefa360000 - 0x000007fefa39b000 	C:\Windows\system32\WINMM.dll
0x0000000077be0000 - 0x0000000077be7000 	C:\Windows\system32\PSAPI.DLL
0x00000000730b0000 - 0x00000000730bf000 	C:\Program Files\Java\jdk1.8.0_65\jre\bin\verify.dll
0x0000000073080000 - 0x00000000730a9000 	C:\Program Files\Java\jdk1.8.0_65\jre\bin\java.dll
0x0000000073060000 - 0x0000000073076000 	C:\Program Files\Java\jdk1.8.0_65\jre\bin\zip.dll
0x000007fefe850000 - 0x000007feff5d9000 	C:\Windows\system32\SHELL32.dll
0x000007fefd7c0000 - 0x000007fefd7cf000 	C:\Windows\system32\profapi.dll

VM Arguments:
jvm_args: -Djava.awt.headless=true -Xmx1024M -Dfile.encoding=windows-1250 -Duser.country=US -Duser.language=en -Duser.variant 
java_command: com.android.dx.command.Main --dex --force-jumbo --num-threads=4 --multi-dex --output D:\projekti-programi\android_studio\HZJ\app\build\intermediates\transforms\dex\debug\folders\1000\10\internal_impl-23.4.0_1f35c24456a4494dd7c737965acc4fa90c2e4bdd D:\projekti-programi\android_studio\HZJ\app\build\intermediates\exploded-aar\com.android.support\support-v4\23.4.0\jars\libs\internal_impl-23.4.0.jar
java_class_path (initial): C:\Users\ANTE\AppData\Local\Android\sdk\build-tools\23.0.3\lib\dx.jar
Launcher Type: SUN_STANDARD

Environment Variables:
PATH=C:\oraclexe\app\oracle\product\11.2.0\server\bin;;C:\ProgramData\Oracle\Java\javapath;C:\Perl64\site\bin;C:\Perl64\bin;C:\Python\Python27\;C:\Python\Python27\Scripts;C:\PROGRAM FILES (X86)\AMD APP\BIN\X86_64;C:\PROGRAM FILES (X86)\AMD APP\BIN\X86;C:\Windows\SYSTEM32;C:\Windows;C:\Windows\SYSTEM32\WBEM;C:\Windows\SYSTEM32\WINDOWSPOWERSHELL\V1.0\;C:\PROGRAM FILES\INTEL\WIFI\BIN\;C:\PROGRAM FILES\COMMON FILES\INTEL\WIRELESSCOMMON\;C:\PROGRAM FILES\LENOVO\BLUETOOTH SOFTWARE\;C:\PROGRAM FILES\LENOVO\BLUETOOTH SOFTWARE\SYSWOW64;C:\Program Files (x86)\Intel\OpenCL SDK\1.5\bin\x86;C:\Program Files (x86)\Intel\OpenCL SDK\1.5\bin\x64;C:\Program Files (x86)\NVIDIA Corporation\PhysX\Common;C:\Program Files (x86)\Windows Kits\8.1\Windows Performance Toolkit\;C:\Program Files\Microsoft SQL Server\110\Tools\Binn\;C:\Program Files\Microsoft SQL Server\110\DTS\Binn\;C:\Program Files (x86)\Microsoft SQL Server\110\Tools\Binn\;C:\Program Files (x86)\Microsoft SQL Server\110\Tools\Binn\ManagementStudio\;C:\Program Files (x86)\Microsoft Visual Studio 10.0\Common7\IDE\PrivateAssemblies\;C:\Program Files (x86)\Microsoft SQL Server\110\DTS\Binn\;C:\Program Files (x86)\QuickTime\QTSystem\;C:\Program Files (x86)\Microsoft SDKs\TypeScript\1.0\;C:\Program Files\Microsoft SQL Server\120\Tools\Binn\;C:\Program Files (x86)\Skype\Phone\;C:\Program Files (x86)\GtkSharp\2.12\bin;C:\Program Files\Microsoft\Web Platform Installer\;C:\Program Files\MATLAB\MATLAB Production Server\R2015a\runtime\win64;C:\Program Files\MATLAB\MATLAB Production Server\R2015a\bin;C:\Program Files\MATLAB\MATLAB Production Server\R2015a\polyspace\bin;C:\RailsInstaller\Git\cmd;C:\RailsInstaller\Ruby2.1.0\bin;C:\Program Files\Intel\WiFi\bin\;C:\Program Files\Common Files\Intel\WirelessCommon\;C:\Modeltech_pe_edu_10.4a\win32pe_edu
USERNAME=ANTE
OS=Windows_NT
PROCESSOR_IDENTIFIER=Intel64 Family 6 Model 42 Stepping 7, GenuineIntel



---------------  S Y S T E M  ---------------

OS: Windows 7 , 64 bit Build 7601 (6.1.7601.18869)

CPU:total 4 (2 cores per cpu, 2 threads per core) family 6 model 42 stepping 7, cmov, cx8, fxsr, mmx, sse, sse2, sse3, ssse3, sse4.1, sse4.2, popcnt, avx, aes, clmul, ht, tsc, tscinvbit

Memory: 4k page, physical 6233968k(338564k free), swap 16171908k(5248k free)

vm_info: Java HotSpot(TM) 64-Bit Server VM (25.65-b01) for windows-amd64 JRE (1.8.0_65-b17), built on Oct  6 2015 16:39:20 by "java_re" with MS VC++ 10.0 (VS2010)

time: Sat May 21 04:09:33 2016
elapsed time: 5 seconds (0d 0h 0m 5s)

