#
# There is insufficient memory for the Java Runtime Environment to continue.
# Native memory allocation (malloc) failed to allocate 33056 bytes for Chunk::new
# Possible reasons:
#   The system is out of physical RAM or swap space
#   In 32 bit mode, the process size limit was hit
# Possible solutions:
#   Reduce memory load on the system
#   Increase physical memory or swap space
#   Check if swap backing store is full
#   Use 64 bit Java on a 64 bit OS
#   Decrease Java heap size (-Xmx/-Xms)
#   Decrease number of Java threads
#   Decrease Java thread stack sizes (-Xss)
#   Set larger code cache with -XX:ReservedCodeCacheSize=
# This output file may be truncated or incomplete.
#
#  Out of Memory Error (allocation.cpp:390), pid=321824, tid=316876
#
# JRE version: Java(TM) SE Runtime Environment (8.0_65-b17) (build 1.8.0_65-b17)
# Java VM: Java HotSpot(TM) 64-Bit Server VM (25.65-b01 mixed mode windows-amd64 compressed oops)
# Failed to write core dump. Minidumps are not enabled by default on client versions of Windows
#

---------------  T H R E A D  ---------------

Current thread (0x00000000562b8000):  JavaThread "C2 CompilerThread1" daemon [_thread_in_native, id=316876, stack(0x0000000056850000,0x0000000056950000)]

Stack: [0x0000000056850000,0x0000000056950000]
[error occurred during error reporting (printing stack bounds), id 0xc0000005]

Native frames: (J=compiled Java code, j=interpreted, Vv=VM code, C=native code)


Current CompileTask:
C2:   3839 1314       4       java.util.HashMap::put (13 bytes)


---------------  P R O C E S S  ---------------

Java Threads: ( => current thread )
  0x000000005656b000 JavaThread "pool-1-thread-1" [_thread_in_vm, id=322368, stack(0x0000000057140000,0x0000000057240000)]
  0x0000000056313800 JavaThread "Service Thread" daemon [_thread_blocked, id=322404, stack(0x0000000056ed0000,0x0000000056fd0000)]
  0x00000000562b9000 JavaThread "C1 CompilerThread2" daemon [_thread_blocked, id=316740, stack(0x0000000056c60000,0x0000000056d60000)]
=>0x00000000562b8000 JavaThread "C2 CompilerThread1" daemon [_thread_in_native, id=316876, stack(0x0000000056850000,0x0000000056950000)]
  0x00000000562b4000 JavaThread "C2 CompilerThread0" daemon [_thread_in_native, id=312644, stack(0x0000000056a10000,0x0000000056b10000)]
  0x0000000054ea3000 JavaThread "Attach Listener" daemon [_thread_blocked, id=318356, stack(0x0000000056740000,0x0000000056840000)]
  0x0000000054ea2000 JavaThread "Signal Dispatcher" daemon [_thread_blocked, id=318172, stack(0x0000000055fa0000,0x00000000560a0000)]
  0x0000000054e42000 JavaThread "Finalizer" daemon [_thread_blocked, id=322536, stack(0x00000000561b0000,0x00000000562b0000)]
  0x0000000054e40800 JavaThread "Reference Handler" daemon [_thread_blocked, id=322100, stack(0x00000000560b0000,0x00000000561b0000)]
  0x000000000029f000 JavaThread "main" [_thread_blocked, id=321748, stack(0x00000000020e0000,0x00000000021e0000)]

Other Threads:
  0x0000000054e3b000 VMThread [stack: 0x0000000055e20000,0x0000000055f20000] [id=321072]
  0x0000000056320800 WatcherThread [stack: 0x0000000056d80000,0x0000000056e80000] [id=322512]

VM state:not at safepoint (normal execution)

VM Mutex/Monitor currently owned by a thread: None

Heap:
 PSYoungGen      total 53248K, used 27782K [0x00000000eab00000, 0x00000000ee300000, 0x0000000100000000)
  eden space 49152K, 48% used [0x00000000eab00000,0x00000000ec221968,0x00000000edb00000)
  from space 4096K, 100% used [0x00000000edf00000,0x00000000ee300000,0x00000000ee300000)
  to   space 4096K, 0% used [0x00000000edb00000,0x00000000edb00000,0x00000000edf00000)
 ParOldGen       total 65536K, used 2888K [0x00000000c0000000, 0x00000000c4000000, 0x00000000eab00000)
  object space 65536K, 4% used [0x00000000c0000000,0x00000000c02d2168,0x00000000c4000000)
 Metaspace       used 5828K, capacity 6960K, committed 7040K, reserved 1056768K
  class space    used 584K, capacity 616K, committed 640K, reserved 1048576K

Card table byte_map: [0x0000000011870000,0x0000000011a80000] byte_map_base: 0x0000000011270000

Marking Bits: (ParMarkBitMap*) 0x000000005c80a5b0
 Begin Bits: [0x00000000122b0000, 0x00000000132b0000)
 End Bits:   [0x00000000132b0000, 0x00000000142b0000)

Polling page: 0x0000000000240000

CodeCache: size=245760Kb used=5124Kb max_used=5124Kb free=240635Kb
 bounds [0x00000000024b0000, 0x00000000029c0000, 0x00000000114b0000]
 total_blobs=1571 nmethods=1310 adapters=174
 compilation: enabled

Compilation events (10 events):
Event: 3.830 Thread 0x00000000562b9000 1320  s    3       com.android.dx.dex.file.StringIdsSection::intern (53 bytes)
Event: 3.832 Thread 0x00000000562b9000 nmethod 1320 0x00000000029b5450 code [0x00000000029b5620, 0x00000000029b5f78]
Event: 3.832 Thread 0x00000000562b9000 1321       3       java.util.HashMap$HashIterator::<init> (79 bytes)
Event: 3.833 Thread 0x00000000562b9000 nmethod 1321 0x00000000029b4dd0 code [0x00000000029b4f40, 0x00000000029b52d0]
Event: 3.834 Thread 0x00000000562b9000 1322       3       java.util.HashMap::<init> (8 bytes)
Event: 3.834 Thread 0x00000000562b9000 nmethod 1322 0x00000000029aafd0 code [0x00000000029ab160, 0x00000000029ab2e8]
Event: 3.834 Thread 0x00000000562b9000 1323       3       java.util.HashMap::tableSizeFor (59 bytes)
Event: 3.834 Thread 0x00000000562b9000 nmethod 1323 0x00000000029aabd0 code [0x00000000029aad40, 0x00000000029aaf50]
Event: 3.836 Thread 0x00000000562b9000 1325  s    3       com.android.dx.dex.file.TypeIdsSection::intern (60 bytes)
Event: 3.837 Thread 0x00000000562b9000 nmethod 1325 0x00000000029ae890 code [0x00000000029aeaa0, 0x00000000029af728]

GC Heap History (4 events):
Event: 1.923 GC heap before
{Heap before GC invocations=1 (full 0):
 PSYoungGen      total 28672K, used 24576K [0x00000000eab00000, 0x00000000ecb00000, 0x0000000100000000)
  eden space 24576K, 100% used [0x00000000eab00000,0x00000000ec300000,0x00000000ec300000)
  from space 4096K, 0% used [0x00000000ec700000,0x00000000ec700000,0x00000000ecb00000)
  to   space 4096K, 0% used [0x00000000ec300000,0x00000000ec300000,0x00000000ec700000)
 ParOldGen       total 65536K, used 0K [0x00000000c0000000, 0x00000000c4000000, 0x00000000eab00000)
  object space 65536K, 0% used [0x00000000c0000000,0x00000000c0000000,0x00000000c4000000)
 Metaspace       used 5639K, capacity 6768K, committed 7040K, reserved 1056768K
  class space    used 579K, capacity 616K, committed 640K, reserved 1048576K
Event: 2.466 GC heap after
Heap after GC invocations=1 (full 0):
 PSYoungGen      total 28672K, used 4073K [0x00000000eab00000, 0x00000000ee300000, 0x0000000100000000)
  eden space 24576K, 0% used [0x00000000eab00000,0x00000000eab00000,0x00000000ec300000)
  from space 4096K, 99% used [0x00000000ec300000,0x00000000ec6fa6d0,0x00000000ec700000)
  to   space 4096K, 0% used [0x00000000edf00000,0x00000000edf00000,0x00000000ee300000)
 ParOldGen       total 65536K, used 1028K [0x00000000c0000000, 0x00000000c4000000, 0x00000000eab00000)
  object space 65536K, 1% used [0x00000000c0000000,0x00000000c01010a8,0x00000000c4000000)
 Metaspace       used 5639K, capacity 6768K, committed 7040K, reserved 1056768K
  class space    used 579K, capacity 616K, committed 640K, reserved 1048576K
}
Event: 2.754 GC heap before
{Heap before GC invocations=2 (full 0):
 PSYoungGen      total 28672K, used 28649K [0x00000000eab00000, 0x00000000ee300000, 0x0000000100000000)
  eden space 24576K, 100% used [0x00000000eab00000,0x00000000ec300000,0x00000000ec300000)
  from space 4096K, 99% used [0x00000000ec300000,0x00000000ec6fa6d0,0x00000000ec700000)
  to   space 4096K, 0% used [0x00000000edf00000,0x00000000edf00000,0x00000000ee300000)
 ParOldGen       total 65536K, used 1028K [0x00000000c0000000, 0x00000000c4000000, 0x00000000eab00000)
  object space 65536K, 1% used [0x00000000c0000000,0x00000000c01010a8,0x00000000c4000000)
 Metaspace       used 5680K, capacity 6832K, committed 7040K, reserved 1056768K
  class space    used 579K, capacity 616K, committed 640K, reserved 1048576K
Event: 3.216 GC heap after
Heap after GC invocations=2 (full 0):
 PSYoungGen      total 53248K, used 4096K [0x00000000eab00000, 0x00000000ee300000, 0x0000000100000000)
  eden space 49152K, 0% used [0x00000000eab00000,0x00000000eab00000,0x00000000edb00000)
  from space 4096K, 100% used [0x00000000edf00000,0x00000000ee300000,0x00000000ee300000)
  to   space 4096K, 0% used [0x00000000edb00000,0x00000000edb00000,0x00000000edf00000)
 ParOldGen       total 65536K, used 2888K [0x00000000c0000000, 0x00000000c4000000, 0x00000000eab00000)
  object space 65536K, 4% used [0x00000000c0000000,0x00000000c02d2168,0x00000000c4000000)
 Metaspace       used 5680K, capacity 6832K, committed 7040K, reserved 1056768K
  class space    used 579K, capacity 616K, committed 640K, reserved 1048576K
}

Deoptimization events (10 events):
Event: 3.711 Thread 0x000000005656b000 Uncommon trap: reason=class_check action=maybe_recompile pc=0x00000000028d1b78 method=java.util.Arrays.hashCode([Ljava/lang/Object;)I @ 43
Event: 3.711 Thread 0x000000005656b000 Uncommon trap: reason=class_check action=maybe_recompile pc=0x00000000028d1b78 method=java.util.Arrays.hashCode([Ljava/lang/Object;)I @ 43
Event: 3.711 Thread 0x000000005656b000 Uncommon trap: reason=class_check action=maybe_recompile pc=0x00000000028d1b78 method=java.util.Arrays.hashCode([Ljava/lang/Object;)I @ 43
Event: 3.712 Thread 0x000000005656b000 Uncommon trap: reason=class_check action=maybe_recompile pc=0x00000000028d1b78 method=java.util.Arrays.hashCode([Ljava/lang/Object;)I @ 43
Event: 3.712 Thread 0x000000005656b000 Uncommon trap: reason=class_check action=maybe_recompile pc=0x00000000028c5128 method=java.util.Arrays.hashCode([Ljava/lang/Object;)I @ 43
Event: 3.726 Thread 0x000000005656b000 Uncommon trap: reason=class_check action=maybe_recompile pc=0x00000000028b6434 method=java.util.HashMap.putVal(ILjava/lang/Object;Ljava/lang/Object;ZZ)Ljava/lang/Object; @ 203
Event: 3.727 Thread 0x000000005656b000 Uncommon trap: reason=class_check action=maybe_recompile pc=0x00000000028b6434 method=java.util.HashMap.putVal(ILjava/lang/Object;Ljava/lang/Object;ZZ)Ljava/lang/Object; @ 203
Event: 3.727 Thread 0x000000005656b000 Uncommon trap: reason=class_check action=maybe_recompile pc=0x00000000028b6434 method=java.util.HashMap.putVal(ILjava/lang/Object;Ljava/lang/Object;ZZ)Ljava/lang/Object; @ 203
Event: 3.727 Thread 0x000000005656b000 Uncommon trap: reason=class_check action=maybe_recompile pc=0x00000000028b6434 method=java.util.HashMap.putVal(ILjava/lang/Object;Ljava/lang/Object;ZZ)Ljava/lang/Object; @ 203
Event: 3.727 Thread 0x000000005656b000 Uncommon trap: reason=class_check action=maybe_recompile pc=0x00000000028a9c80 method=java.util.HashMap.putVal(ILjava/lang/Object;Ljava/lang/Object;ZZ)Ljava/lang/Object; @ 203

Internal exceptions (3 events):
Event: 0.155 Thread 0x000000000029f000 Exception <a 'java/lang/NoSuchMethodError': Method sun.misc.Unsafe.defineClass(Ljava/lang/String;[BII)Ljava/lang/Class; name or signature does not match> (0x00000000eab13090) thrown at [C:\workspace\8-2-build-windows-amd64-cygwin\jdk8u65\4987\hotspot\src\sé	¿;ßÃ?
Event: 0.155 Thread 0x000000000029f000 Exception <a 'java/lang/NoSuchMethodError': Method sun.misc.Unsafe.prefetchRead(Ljava/lang/Object;J)V name or signature does not match> (0x00000000eab13378) thrown at [C:\workspace\8-2-build-windows-amd64-cygwin\jdk8u65\4987\hotspot\src\share\vm\prims\jni.(É@$DÝõ?
Event: 1.367 Thread 0x000000005656b000 Implicit null exception at 0x000000000279d90d to 0x000000000279f2f9

Events (10 events):
Event: 3.727 Thread 0x000000005656b000 DEOPT UNPACKING pc=0x00000000024f582a sp=0x000000005723e930 mode 2
Event: 3.727 Thread 0x000000005656b000 Uncommon trap: trap_request=0xffffffde fr.pc=0x00000000028b6434
Event: 3.727 Thread 0x000000005656b000 DEOPT PACKING pc=0x00000000028b6434 sp=0x000000005723ea20
Event: 3.727 Thread 0x000000005656b000 DEOPT UNPACKING pc=0x00000000024f582a sp=0x000000005723e930 mode 2
Event: 3.727 Thread 0x000000005656b000 Uncommon trap: trap_request=0xffffffde fr.pc=0x00000000028b6434
Event: 3.727 Thread 0x000000005656b000 DEOPT PACKING pc=0x00000000028b6434 sp=0x000000005723ea20
Event: 3.727 Thread 0x000000005656b000 DEOPT UNPACKING pc=0x00000000024f582a sp=0x000000005723e930 mode 2
Event: 3.727 Thread 0x000000005656b000 Uncommon trap: trap_request=0xffffffde fr.pc=0x00000000028a9c80
Event: 3.727 Thread 0x000000005656b000 DEOPT PACKING pc=0x00000000028a9c80 sp=0x000000005723e970
Event: 3.727 Thread 0x000000005656b000 DEOPT UNPACKING pc=0x00000000024f582a sp=0x000000005723e928 mode 2


Dynamic libraries:
0x000000013fef0000 - 0x000000013ff27000 	C:\Program Files\Java\jdk1.8.0_65\bin\java.exe
0x0000000077a10000 - 0x0000000077bb9000 	C:\Windows\SYSTEM32\ntdll.dll
0x00000000777f0000 - 0x000000007790f000 	C:\Windows\system32\kernel32.dll
0x000007fefd800000 - 0x000007fefd86c000 	C:\Windows\system32\KERNELBASE.dll
0x000007feff940000 - 0x000007feffa1b000 	C:\Windows\system32\ADVAPI32.dll
0x000007feffc80000 - 0x000007feffd1f000 	C:\Windows\system32\msvcrt.dll
0x000007feffc60000 - 0x000007feffc7f000 	C:\Windows\SYSTEM32\sechost.dll
0x000007fefe210000 - 0x000007fefe33d000 	C:\Windows\system32\RPCRT4.dll
0x0000000077910000 - 0x0000000077a0a000 	C:\Windows\system32\USER32.dll
0x000007fefe760000 - 0x000007fefe7c7000 	C:\Windows\system32\GDI32.dll
0x000007feff5e0000 - 0x000007feff5ee000 	C:\Windows\system32\LPK.dll
0x000007feff870000 - 0x000007feff939000 	C:\Windows\system32\USP10.dll
0x000007fefcf90000 - 0x000007fefd184000 	C:\Windows\WinSxS\amd64_microsoft.windows.common-controls_6595b64144ccf1df_6.0.7601.18837_none_fa3b1e3d17594757\COMCTL32.dll
0x000007fefe7d0000 - 0x000007fefe841000 	C:\Windows\system32\SHLWAPI.dll
0x000007fefdde0000 - 0x000007fefde0e000 	C:\Windows\system32\IMM32.DLL
0x000007fefde10000 - 0x000007fefdf19000 	C:\Windows\system32\MSCTF.dll
0x000007fefd6f0000 - 0x000007fefd721000 	C:\Windows\system32\nvinitx.dll
0x000007fefd6e0000 - 0x000007fefd6ec000 	C:\Windows\system32\VERSION.dll
0x000007fefa4c0000 - 0x000007fefa53e000 	C:\Windows\system32\NV\igdumd64.dll
0x000007fefdb80000 - 0x000007fefdd57000 	C:\Windows\system32\SETUPAPI.dll
0x000007fefd8d0000 - 0x000007fefd906000 	C:\Windows\system32\CFGMGR32.dll
0x000007fefdf20000 - 0x000007fefdff7000 	C:\Windows\system32\OLEAUT32.dll
0x000007fefe000000 - 0x000007fefe203000 	C:\Windows\system32\ole32.dll
0x000007fefd930000 - 0x000007fefd94a000 	C:\Windows\system32\DEVOBJ.dll
0x000007fefa3a0000 - 0x000007fefa41e000 	C:\Windows\system32\NV\igd10umd64.dll
0x000000005bb10000 - 0x000000005bbe2000 	C:\Program Files\Java\jdk1.8.0_65\jre\bin\msvcr100.dll
0x000000005c000000 - 0x000000005c889000 	C:\Program Files\Java\jdk1.8.0_65\jre\bin\server\jvm.dll
0x000007fef7290000 - 0x000007fef7299000 	C:\Windows\system32\WSOCK32.dll
0x000007fefe440000 - 0x000007fefe48d000 	C:\Windows\system32\WS2_32.dll
0x000007feffbb0000 - 0x000007feffbb8000 	C:\Windows\system32\NSI.dll
0x000007fefa360000 - 0x000007fefa39b000 	C:\Windows\system32\WINMM.dll
0x0000000077be0000 - 0x0000000077be7000 	C:\Windows\system32\PSAPI.DLL
0x00000000730b0000 - 0x00000000730bf000 	C:\Program Files\Java\jdk1.8.0_65\jre\bin\verify.dll
0x0000000073080000 - 0x00000000730a9000 	C:\Program Files\Java\jdk1.8.0_65\jre\bin\java.dll
0x0000000073060000 - 0x0000000073076000 	C:\Program Files\Java\jdk1.8.0_65\jre\bin\zip.dll
0x000007fefe850000 - 0x000007feff5d9000 	C:\Windows\system32\SHELL32.dll
0x000007fefd7c0000 - 0x000007fefd7cf000 	C:\Windows\system32\profapi.dll

VM Arguments:
jvm_args: -Djava.awt.headless=true -Xmx1024M -Dfile.encoding=windows-1250 -Duser.country=US -Duser.language=en -Duser.variant 
java_command: com.android.dx.command.Main --dex --force-jumbo --num-threads=4 --multi-dex --output D:\projekti-programi\android_studio\HZJ\app\build\intermediates\transforms\dex\debug\folders\1000\5\slice_1 D:\projekti-programi\android_studio\HZJ\app\build\intermediates\transforms\instantRunSlicer\debug\folders\1\5\slice_1
java_class_path (initial): C:\Users\ANTE\AppData\Local\Android\sdk\build-tools\23.0.3\lib\dx.jar
Launcher Type: SUN_STANDARD

Environment Variables:
PATH=C:\oraclexe\app\oracle\product\11.2.0\server\bin;;C:\ProgramData\Oracle\Java\javapath;C:\Perl64\site\bin;C:\Perl64\bin;C:\Python\Python27\;C:\Python\Python27\Scripts;C:\PROGRAM FILES (X86)\AMD APP\BIN\X86_64;C:\PROGRAM FILES (X86)\AMD APP\BIN\X86;C:\Windows\SYSTEM32;C:\Windows;C:\Windows\SYSTEM32\WBEM;C:\Windows\SYSTEM32\WINDOWSPOWERSHELL\V1.0\;C:\PROGRAM FILES\INTEL\WIFI\BIN\;C:\PROGRAM FILES\COMMON FILES\INTEL\WIRELESSCOMMON\;C:\PROGRAM FILES\LENOVO\BLUETOOTH SOFTWARE\;C:\PROGRAM FILES\LENOVO\BLUETOOTH SOFTWARE\SYSWOW64;C:\Program Files (x86)\Intel\OpenCL SDK\1.5\bin\x86;C:\Program Files (x86)\Intel\OpenCL SDK\1.5\bin\x64;C:\Program Files (x86)\NVIDIA Corporation\PhysX\Common;C:\Program Files (x86)\Windows Kits\8.1\Windows Performance Toolkit\;C:\Program Files\Microsoft SQL Server\110\Tools\Binn\;C:\Program Files\Microsoft SQL Server\110\DTS\Binn\;C:\Program Files (x86)\Microsoft SQL Server\110\Tools\Binn\;C:\Program Files (x86)\Microsoft SQL Server\110\Tools\Binn\ManagementStudio\;C:\Program Files (x86)\Microsoft Visual Studio 10.0\Common7\IDE\PrivateAssemblies\;C:\Program Files (x86)\Microsoft SQL Server\110\DTS\Binn\;C:\Program Files (x86)\QuickTime\QTSystem\;C:\Program Files (x86)\Microsoft SDKs\TypeScript\1.0\;C:\Program Files\Microsoft SQL Server\120\Tools\Binn\;C:\Program Files (x86)\Skype\Phone\;C:\Program Files (x86)\GtkSharp\2.12\bin;C:\Program Files\Microsoft\Web Platform Installer\;C:\Program Files\MATLAB\MATLAB Production Server\R2015a\runtime\win64;C:\Program Files\MATLAB\MATLAB Production Server\R2015a\bin;C:\Program Files\MATLAB\MATLAB Production Server\R2015a\polyspace\bin;C:\RailsInstaller\Git\cmd;C:\RailsInstaller\Ruby2.1.0\bin;C:\Program Files\Intel\WiFi\bin\;C:\Program Files\Common Files\Intel\WirelessCommon\;C:\Modeltech_pe_edu_10.4a\win32pe_edu
USERNAME=ANTE
OS=Windows_NT
PROCESSOR_IDENTIFIER=Intel64 Family 6 Model 42 Stepping 7, GenuineIntel



---------------  S Y S T E M  ---------------

OS: Windows 7 , 64 bit Build 7601 (6.1.7601.18869)

CPU:total 4 (2 cores per cpu, 2 threads per core) family 6 model 42 stepping 7, cmov, cx8, fxsr, mmx, sse, sse2, sse3, ssse3, sse4.1, sse4.2, popcnt, avx, aes, clmul, ht, tsc, tscinvbit

Memory: 4k page, physical 6233968k(473568k free), swap 16171908k(5128k free)

vm_info: Java HotSpot(TM) 64-Bit Server VM (25.65-b01) for windows-amd64 JRE (1.8.0_65-b17), built on Oct  6 2015 16:39:20 by "java_re" with MS VC++ 10.0 (VS2010)

time: Sat May 21 04:09:41 2016
elapsed time: 3 seconds (0d 0h 0m 3s)

