#
# There is insufficient memory for the Java Runtime Environment to continue.
# Native memory allocation (malloc) failed to allocate 32744 bytes for ChunkPool::allocate
# Possible reasons:
#   The system is out of physical RAM or swap space
#   In 32 bit mode, the process size limit was hit
# Possible solutions:
#   Reduce memory load on the system
#   Increase physical memory or swap space
#   Check if swap backing store is full
#   Use 64 bit Java on a 64 bit OS
#   Decrease Java heap size (-Xmx/-Xms)
#   Decrease number of Java threads
#   Decrease Java thread stack sizes (-Xss)
#   Set larger code cache with -XX:ReservedCodeCacheSize=
# This output file may be truncated or incomplete.
#
#  Out of Memory Error (allocation.cpp:273), pid=299364, tid=304952
#
# JRE version: Java(TM) SE Runtime Environment (8.0_65-b17) (build 1.8.0_65-b17)
# Java VM: Java HotSpot(TM) 64-Bit Server VM (25.65-b01 mixed mode windows-amd64 compressed oops)
# Failed to write core dump. Minidumps are not enabled by default on client versions of Windows
#

---------------  T H R E A D  ---------------

Current thread (0x00000000565ec800):  JavaThread "C2 CompilerThread1" daemon [_thread_in_native, id=304952, stack(0x0000000056210000,0x0000000056310000)]

Stack: [0x0000000056210000,0x0000000056310000]
[error occurred during error reporting (printing stack bounds), id 0xc0000005]

Native frames: (J=compiled Java code, j=interpreted, Vv=VM code, C=native code)


Current CompileTask:
C2:   5756 1252       4      
[error occurred during error reporting (printing current compile task), id 0xe0000001]


---------------  P R O C E S S  ---------------

Java Threads: ( => current thread )
  0x0000000056701000 JavaThread "pool-1-thread-4" [_thread_blocked, id=1552, stack(0x00000000576b0000,0x00000000577b0000)]
  0x00000000566fe000 JavaThread "pool-1-thread-3" [_thread_in_Java, id=300156, stack(0x0000000057470000,0x0000000057570000)]
  0x00000000567c3000 JavaThread "pool-1-thread-2" [_thread_blocked, id=298804, stack(0x00000000572a0000,0x00000000573a0000)]
  0x00000000567c0000 JavaThread "pool-2-thread-1" [_thread_blocked, id=298612, stack(0x0000000057120000,0x0000000057220000)]
  0x00000000567bf800 JavaThread "pool-1-thread-1" [_thread_blocked, id=303448, stack(0x0000000056ec0000,0x0000000056fc0000)]
  0x0000000056602800 JavaThread "Service Thread" daemon [_thread_blocked, id=285448, stack(0x0000000056b50000,0x0000000056c50000)]
  0x00000000565ed000 JavaThread "C1 CompilerThread2" daemon [_thread_in_native, id=304872, stack(0x0000000056a30000,0x0000000056b30000)]
=>0x00000000565ec800 JavaThread "C2 CompilerThread1" daemon [_thread_in_native, id=304952, stack(0x0000000056210000,0x0000000056310000)]
  0x0000000054d06000 JavaThread "C2 CompilerThread0" daemon [_thread_in_native, id=304580, stack(0x00000000564a0000,0x00000000565a0000)]
  0x0000000054cfa000 JavaThread "Attach Listener" daemon [_thread_blocked, id=303748, stack(0x0000000056310000,0x0000000056410000)]
  0x0000000054cf7800 JavaThread "Signal Dispatcher" daemon [_thread_blocked, id=304424, stack(0x0000000055e60000,0x0000000055f60000)]
  0x0000000054ca2000 JavaThread "Finalizer" daemon [_thread_blocked, id=301200, stack(0x00000000560a0000,0x00000000561a0000)]
  0x0000000054ca0800 JavaThread "Reference Handler" daemon [_thread_blocked, id=302584, stack(0x0000000055f90000,0x0000000056090000)]
  0x0000000001dcf000 JavaThread "main" [_thread_blocked, id=304680, stack(0x0000000002160000,0x0000000002260000)]

Other Threads:
  0x0000000054c9b000 VMThread [stack: 0x0000000055d30000,0x0000000055e30000] [id=304364]
  0x000000005660c000 WatcherThread [stack: 0x0000000056d30000,0x0000000056e30000] [id=301772]

VM state:not at safepoint (normal execution)

VM Mutex/Monitor currently owned by a thread: None

Heap:
 PSYoungGen      total 28672K, used 6032K [0x00000000eab00000, 0x00000000ee300000, 0x0000000100000000)
  eden space 24576K, 7% used [0x00000000eab00000,0x00000000eacea618,0x00000000ec300000)
  from space 4096K, 99% used [0x00000000ec300000,0x00000000ec6f9c98,0x00000000ec700000)
  to   space 4096K, 0% used [0x00000000edf00000,0x00000000edf00000,0x00000000ee300000)
 ParOldGen       total 65536K, used 1481K [0x00000000c0000000, 0x00000000c4000000, 0x00000000eab00000)
  object space 65536K, 2% used [0x00000000c0000000,0x00000000c0172768,0x00000000c4000000)
 Metaspace       used 5988K, capacity 6896K, committed 7040K, reserved 1056768K
  class space    used 596K, capacity 616K, committed 640K, reserved 1048576K

Card table byte_map: [0x00000000118f0000,0x0000000011b00000] byte_map_base: 0x00000000112f0000

Marking Bits: (ParMarkBitMap*) 0x000000007070a5b0
 Begin Bits: [0x0000000012110000, 0x0000000013110000)
 End Bits:   [0x0000000013110000, 0x0000000014110000)

Polling page: 0x00000000001d0000

CodeCache: size=245760Kb used=4951Kb max_used=4951Kb free=240808Kb
 bounds [0x0000000002530000, 0x0000000002a10000, 0x0000000011530000]
 total_blobs=1522 nmethods=1253 adapters=182
 compilation: enabled

Compilation events (10 events):
Event: 5.737 Thread 0x00000000565ed000 nmethod 1249 0x0000000002a03850 code [0x0000000002a039c0, 0x0000000002a03be8]
Event: 5.737 Thread 0x00000000565ed000 1250       3       java.lang.ref.Reference::clear (6 bytes)
Event: 5.737 Thread 0x00000000565ed000 nmethod 1250 0x00000000029ffd50 code [0x00000000029ffea0, 0x0000000002a00010]
Event: 5.737 Thread 0x00000000565ed000 1253       3       com.android.dx.ssa.DomFront::<init> (60 bytes)
Event: 5.738 Thread 0x00000000565ed000 nmethod 1253 0x0000000002a03c90 code [0x0000000002a03e20, 0x0000000002a04450]
Event: 5.738 Thread 0x00000000565ed000 1254       3       com.android.dx.ssa.DomFront::run (264 bytes)
Event: 5.744 Thread 0x00000000565ed000 nmethod 1254 0x0000000002a04750 code [0x0000000002a04cc0, 0x0000000002a08288]
Event: 5.744 Thread 0x00000000565ed000 1261       1       com.android.dx.rop.cst.CstString::getType (4 bytes)
Event: 5.744 Thread 0x00000000565ed000 nmethod 1261 0x00000000029fe5d0 code [0x00000000029fe720, 0x00000000029fe830]
Event: 5.744 Thread 0x00000000565ed000 1255       3       com.android.dx.ssa.SsaRenamer$BlockRenamer::visitMoveInsn (271 bytes)

GC Heap History (2 events):
Event: 5.486 GC heap before
{Heap before GC invocations=1 (full 0):
 PSYoungGen      total 28672K, used 24576K [0x00000000eab00000, 0x00000000ecb00000, 0x0000000100000000)
  eden space 24576K, 100% used [0x00000000eab00000,0x00000000ec300000,0x00000000ec300000)
  from space 4096K, 0% used [0x00000000ec700000,0x00000000ec700000,0x00000000ecb00000)
  to   space 4096K, 0% used [0x00000000ec300000,0x00000000ec300000,0x00000000ec700000)
 ParOldGen       total 65536K, used 0K [0x00000000c0000000, 0x00000000c4000000, 0x00000000eab00000)
  object space 65536K, 0% used [0x00000000c0000000,0x00000000c0000000,0x00000000c4000000)
 Metaspace       used 5971K, capacity 6896K, committed 7040K, reserved 1056768K
  class space    used 596K, capacity 616K, committed 640K, reserved 1048576K
Event: 5.727 GC heap after
Heap after GC invocations=1 (full 0):
 PSYoungGen      total 28672K, used 4071K [0x00000000eab00000, 0x00000000ee300000, 0x0000000100000000)
  eden space 24576K, 0% used [0x00000000eab00000,0x00000000eab00000,0x00000000ec300000)
  from space 4096K, 99% used [0x00000000ec300000,0x00000000ec6f9c98,0x00000000ec700000)
  to   space 4096K, 0% used [0x00000000edf00000,0x00000000edf00000,0x00000000ee300000)
 ParOldGen       total 65536K, used 1481K [0x00000000c0000000, 0x00000000c4000000, 0x00000000eab00000)
  object space 65536K, 2% used [0x00000000c0000000,0x00000000c0172768,0x00000000c4000000)
 Metaspace       used 5971K, capacity 6896K, committed 7040K, reserved 1056768K
  class space    used 596K, capacity 616K, committed 640K, reserved 1048576K
}

Deoptimization events (10 events):
Event: 1.415 Thread 0x00000000567c3000 Uncommon trap: reason=unstable_if action=reinterpret pc=0x0000000002721058 method=java.util.HashMap.getNode(ILjava/lang/Object;)Ljava/util/HashMap$Node; @ 129
Event: 2.256 Thread 0x00000000567bf800 Uncommon trap: reason=unstable_if action=reinterpret pc=0x0000000002753920 method=java.util.BitSet.nextSetBit(I)I @ 87
Event: 2.325 Thread 0x00000000567bf800 Uncommon trap: reason=class_check action=maybe_recompile pc=0x0000000002785f60 method=com.android.dx.ssa.NormalSsaInsn.accept(Lcom/android/dx/ssa/SsaInsn$Visitor;)V @ 9
Event: 2.325 Thread 0x00000000567bf800 Uncommon trap: reason=class_check action=maybe_recompile pc=0x0000000002785f60 method=com.android.dx.ssa.NormalSsaInsn.accept(Lcom/android/dx/ssa/SsaInsn$Visitor;)V @ 9
Event: 2.326 Thread 0x00000000567bf800 Uncommon trap: reason=class_check action=maybe_recompile pc=0x0000000002785f60 method=com.android.dx.ssa.NormalSsaInsn.accept(Lcom/android/dx/ssa/SsaInsn$Visitor;)V @ 9
Event: 2.326 Thread 0x00000000567bf800 Uncommon trap: reason=class_check action=maybe_recompile pc=0x0000000002785f60 method=com.android.dx.ssa.NormalSsaInsn.accept(Lcom/android/dx/ssa/SsaInsn$Visitor;)V @ 9
Event: 4.891 Thread 0x0000000056701000 Uncommon trap: reason=class_check action=maybe_recompile pc=0x000000000281cb64 method=com.android.dx.ssa.NormalSsaInsn.accept(Lcom/android/dx/ssa/SsaInsn$Visitor;)V @ 9
Event: 5.329 Thread 0x0000000001dcf000 Uncommon trap: reason=unstable_if action=reinterpret pc=0x00000000027e56bc method=java.lang.String.<init>([CII)V @ 18
Event: 5.479 Thread 0x00000000566fe000 Uncommon trap: reason=null_check action=make_not_entrant pc=0x000000000285bec0 method=com.android.dx.ssa.SsaRenamer.getLocalForNewReg(I)Lcom/android/dx/rop/code/LocalItem; @ 19
Event: 5.741 Thread 0x00000000566fe000 Uncommon trap: reason=unstable_if action=reinterpret pc=0x000000000286bb88 method=com.android.dx.rop.code.RegisterSpec.equals(ILcom/android/dx/rop/type/TypeBearer;Lcom/android/dx/rop/code/LocalItem;)Z @ 42

Internal exceptions (3 events):
Event: 0.155 Thread 0x0000000001dcf000 Exception <a 'java/lang/NoSuchMethodError': Method sun.misc.Unsafe.defineClass(Ljava/lang/String;[BII)Ljava/lang/Class; name or signature does not match> (0x00000000eab13090) thrown at [C:\workspace\8-2-build-windows-amd64-cygwin\jdk8u65\4987\hotspot\src\sôlŠCäÃ?
Event: 0.155 Thread 0x0000000001dcf000 Exception <a 'java/lang/NoSuchMethodError': Method sun.misc.Unsafe.prefetchRead(Ljava/lang/Object;J)V name or signature does not match> (0x00000000eab13378) thrown at [C:\workspace\8-2-build-windows-amd64-cygwin\jdk8u65\4987\hotspot\src\share\vm\prims\jni.ínÉÞŠê@
Event: 5.479 Thread 0x00000000566fe000 Implicit null exception at 0x000000000285a67e to 0x000000000285be9d

Events (10 events):
Event: 5.329 Thread 0x0000000001dcf000 DEOPT PACKING pc=0x00000000027e56bc sp=0x000000000225e5e0
Event: 5.329 Thread 0x0000000001dcf000 DEOPT UNPACKING pc=0x000000000257582a sp=0x000000000225e510 mode 2
Event: 5.479 Thread 0x00000000566fe000 Uncommon trap: trap_request=0xfffffff4 fr.pc=0x000000000285bec0
Event: 5.479 Thread 0x00000000566fe000 DEOPT PACKING pc=0x000000000285bec0 sp=0x000000005756e5c0
Event: 5.479 Thread 0x00000000566fe000 DEOPT UNPACKING pc=0x000000000257582a sp=0x000000005756e468 mode 2
Event: 5.485 Executing VM operation: ParallelGCFailedAllocation
Event: 5.727 Executing VM operation: ParallelGCFailedAllocation done
Event: 5.741 Thread 0x00000000566fe000 Uncommon trap: trap_request=0xffffff65 fr.pc=0x000000000286bb88
Event: 5.741 Thread 0x00000000566fe000 DEOPT PACKING pc=0x000000000286bb88 sp=0x000000005756e730
Event: 5.741 Thread 0x00000000566fe000 DEOPT UNPACKING pc=0x000000000257582a sp=0x000000005756e6b8 mode 2


Dynamic libraries:
0x000000013fb40000 - 0x000000013fb77000 	C:\Program Files\Java\jdk1.8.0_65\bin\java.exe
0x0000000077a10000 - 0x0000000077bb9000 	C:\Windows\SYSTEM32\ntdll.dll
0x00000000777f0000 - 0x000000007790f000 	C:\Windows\system32\kernel32.dll
0x000007fefd800000 - 0x000007fefd86c000 	C:\Windows\system32\KERNELBASE.dll
0x000007feff940000 - 0x000007feffa1b000 	C:\Windows\system32\ADVAPI32.dll
0x000007feffc80000 - 0x000007feffd1f000 	C:\Windows\system32\msvcrt.dll
0x000007feffc60000 - 0x000007feffc7f000 	C:\Windows\SYSTEM32\sechost.dll
0x000007fefe210000 - 0x000007fefe33d000 	C:\Windows\system32\RPCRT4.dll
0x0000000077910000 - 0x0000000077a0a000 	C:\Windows\system32\USER32.dll
0x000007fefe760000 - 0x000007fefe7c7000 	C:\Windows\system32\GDI32.dll
0x000007feff5e0000 - 0x000007feff5ee000 	C:\Windows\system32\LPK.dll
0x000007feff870000 - 0x000007feff939000 	C:\Windows\system32\USP10.dll
0x000007fefcf90000 - 0x000007fefd184000 	C:\Windows\WinSxS\amd64_microsoft.windows.common-controls_6595b64144ccf1df_6.0.7601.18837_none_fa3b1e3d17594757\COMCTL32.dll
0x000007fefe7d0000 - 0x000007fefe841000 	C:\Windows\system32\SHLWAPI.dll
0x000007fefdde0000 - 0x000007fefde0e000 	C:\Windows\system32\IMM32.DLL
0x000007fefde10000 - 0x000007fefdf19000 	C:\Windows\system32\MSCTF.dll
0x000007fefd6f0000 - 0x000007fefd721000 	C:\Windows\system32\nvinitx.dll
0x000007fefd6e0000 - 0x000007fefd6ec000 	C:\Windows\system32\VERSION.dll
0x000007fefa4c0000 - 0x000007fefa53e000 	C:\Windows\system32\NV\igdumd64.dll
0x000007fefdb80000 - 0x000007fefdd57000 	C:\Windows\system32\SETUPAPI.dll
0x000007fefd8d0000 - 0x000007fefd906000 	C:\Windows\system32\CFGMGR32.dll
0x000007fefdf20000 - 0x000007fefdff7000 	C:\Windows\system32\OLEAUT32.dll
0x000007fefe000000 - 0x000007fefe203000 	C:\Windows\system32\ole32.dll
0x000007fefd930000 - 0x000007fefd94a000 	C:\Windows\system32\DEVOBJ.dll
0x000007fefa3a0000 - 0x000007fefa41e000 	C:\Windows\system32\NV\igd10umd64.dll
0x0000000061a70000 - 0x0000000061b42000 	C:\Program Files\Java\jdk1.8.0_65\jre\bin\msvcr100.dll
0x000000006ff00000 - 0x0000000070789000 	C:\Program Files\Java\jdk1.8.0_65\jre\bin\server\jvm.dll
0x000007fef7290000 - 0x000007fef7299000 	C:\Windows\system32\WSOCK32.dll
0x000007fefe440000 - 0x000007fefe48d000 	C:\Windows\system32\WS2_32.dll
0x000007feffbb0000 - 0x000007feffbb8000 	C:\Windows\system32\NSI.dll
0x000007fefa360000 - 0x000007fefa39b000 	C:\Windows\system32\WINMM.dll
0x0000000077be0000 - 0x0000000077be7000 	C:\Windows\system32\PSAPI.DLL
0x0000000073110000 - 0x000000007311f000 	C:\Program Files\Java\jdk1.8.0_65\jre\bin\verify.dll
0x0000000073090000 - 0x00000000730b9000 	C:\Program Files\Java\jdk1.8.0_65\jre\bin\java.dll
0x0000000073070000 - 0x0000000073086000 	C:\Program Files\Java\jdk1.8.0_65\jre\bin\zip.dll
0x000007fefe850000 - 0x000007feff5d9000 	C:\Windows\system32\SHELL32.dll
0x000007fefd7c0000 - 0x000007fefd7cf000 	C:\Windows\system32\profapi.dll

VM Arguments:
jvm_args: -Djava.awt.headless=true -Xmx1024M -Dfile.encoding=windows-1250 -Duser.country=US -Duser.language=en -Duser.variant 
java_command: com.android.dx.command.Main --dex --force-jumbo --num-threads=4 --output D:\projekti-programi\android_studio\HZJ\app\build\intermediates\pre-dexed\debug\retrofit-2.0.2_89e711aceaf4d7ef3318e97bca272c9d9088c106.jar C:\Users\ANTE\.gradle\caches\modules-2\files-2.1\com.squareup.retrofit2\retrofit\2.0.2\43eeae0b9fb087bb3194ba59ab63a38a32fbf3e\retrofit-2.0.2.jar
java_class_path (initial): C:\Users\ANTE\AppData\Local\Android\sdk\build-tools\23.0.3\lib\dx.jar
Launcher Type: SUN_STANDARD

Environment Variables:
PATH=C:\oraclexe\app\oracle\product\11.2.0\server\bin;;C:\ProgramData\Oracle\Java\javapath;C:\Perl64\site\bin;C:\Perl64\bin;C:\Python\Python27\;C:\Python\Python27\Scripts;C:\PROGRAM FILES (X86)\AMD APP\BIN\X86_64;C:\PROGRAM FILES (X86)\AMD APP\BIN\X86;C:\Windows\SYSTEM32;C:\Windows;C:\Windows\SYSTEM32\WBEM;C:\Windows\SYSTEM32\WINDOWSPOWERSHELL\V1.0\;C:\PROGRAM FILES\INTEL\WIFI\BIN\;C:\PROGRAM FILES\COMMON FILES\INTEL\WIRELESSCOMMON\;C:\PROGRAM FILES\LENOVO\BLUETOOTH SOFTWARE\;C:\PROGRAM FILES\LENOVO\BLUETOOTH SOFTWARE\SYSWOW64;C:\Program Files (x86)\Intel\OpenCL SDK\1.5\bin\x86;C:\Program Files (x86)\Intel\OpenCL SDK\1.5\bin\x64;C:\Program Files (x86)\NVIDIA Corporation\PhysX\Common;C:\Program Files (x86)\Windows Kits\8.1\Windows Performance Toolkit\;C:\Program Files\Microsoft SQL Server\110\Tools\Binn\;C:\Program Files\Microsoft SQL Server\110\DTS\Binn\;C:\Program Files (x86)\Microsoft SQL Server\110\Tools\Binn\;C:\Program Files (x86)\Microsoft SQL Server\110\Tools\Binn\ManagementStudio\;C:\Program Files (x86)\Microsoft Visual Studio 10.0\Common7\IDE\PrivateAssemblies\;C:\Program Files (x86)\Microsoft SQL Server\110\DTS\Binn\;C:\Program Files (x86)\QuickTime\QTSystem\;C:\Program Files (x86)\Microsoft SDKs\TypeScript\1.0\;C:\Program Files\Microsoft SQL Server\120\Tools\Binn\;C:\Program Files (x86)\Skype\Phone\;C:\Program Files (x86)\GtkSharp\2.12\bin;C:\Program Files\Microsoft\Web Platform Installer\;C:\Program Files\MATLAB\MATLAB Production Server\R2015a\runtime\win64;C:\Program Files\MATLAB\MATLAB Production Server\R2015a\bin;C:\Program Files\MATLAB\MATLAB Production Server\R2015a\polyspace\bin;C:\RailsInstaller\Git\cmd;C:\RailsInstaller\Ruby2.1.0\bin;C:\Program Files\Intel\WiFi\bin\;C:\Program Files\Common Files\Intel\WirelessCommon\;C:\Modeltech_pe_edu_10.4a\win32pe_edu
USERNAME=ANTE
OS=Windows_NT
PROCESSOR_IDENTIFIER=Intel64 Family 6 Model 42 Stepping 7, GenuineIntel



---------------  S Y S T E M  ---------------

OS: Windows 7 , 64 bit Build 7601 (6.1.7601.18869)

CPU:total 4 (2 cores per cpu, 2 threads per core) family 6 model 42 stepping 7, cmov, cx8, fxsr, mmx, sse, sse2, sse3, ssse3, sse4.1, sse4.2, popcnt, avx, aes, clmul, ht, tsc, tscinvbit

Memory: 4k page, physical 6233968k(196100k free), swap 16171908k(5176k free)

vm_info: Java HotSpot(TM) 64-Bit Server VM (25.65-b01) for windows-amd64 JRE (1.8.0_65-b17), built on Oct  6 2015 16:39:20 by "java_re" with MS VC++ 10.0 (VS2010)

time: Thu May 19 00:32:01 2016
elapsed time: 5 seconds (0d 0h 0m 5s)

